binary CLASSIFICATION: 

Noise Function oracle
Iters 100 
Alpha 0.5
Data path : binary_data_2
Num Classifiers : 5
Model 0, Test Accuracy 0.959819186339
Model 1, Test Accuracy 0.96082370668
Model 2, Test Accuracy 0.954796584631
Model 3, Test Accuracy 0.960321446509
Model 4, Test Accuracy 0.953792064289
Num Points 100


Running MWU for 100 Iterations with Epsilon 0.126863624118

Guaranteed to be within 0.253727248236 of the minimax value 

Iteration 0

Weights [ 0.2  0.2  0.2  0.2  0.2] Sum of Weights 1.0
Maximum (Average) Accuracy of Classifier 0.45
Cost (Before Noise) [ 0.  0.  0.  0.  0.]
Cost (After Noise), [ 0.63  0.6   0.61  0.64  0.55]
Loss 0.606 Loss Per Action [0.126, 0.12, 0.122, 0.128, 0.11000000000000001]
time spent 93.3296029568

Iteration 1

Weights [ 0.19934807  0.20016105  0.19988969  0.19907781  0.20152339] Sum of Weights 1.0
Maximum (Average) Accuracy of Classifier 0.415
Cost (Before Noise) [ 0.  0.  0.  0.  0.]
Cost (After Noise), [ 0.6   0.65  0.57  0.59  0.62]
Loss 0.606051051543 Loss Per Action [0.11960884014512066, 0.13010468118640051, 0.11393712134279359, 0.11745590652335808, 0.12494450234521236]
time spent 74.0000920296

Iteration 2

Weights [ 0.19951041  0.19896982  0.20086833  0.19951041  0.20114102] Sum of Weights 1.0
Maximum (Average) Accuracy of Classifier 0.403333333333
Cost (Before Noise) [ 0.  0.  0.  0.  0.]
Cost (After Noise), [ 0.6   0.56  0.61  0.64  0.62]
Loss 0.606053127353 Loss Per Action [0.11970624875230558, 0.11142310065713909, 0.12252968076591869, 0.12768666533579265, 0.12470743184147737]
time spent 75.1647210121

Iteration 3

Weights [ 0.19967303  0.20021553  0.20075951  0.19859243  0.20075951] Sum of Weights 1.0
Maximum (Average) Accuracy of Classifier 0.4025
Cost (Before Noise) [ 0.  0.  0.  0.  0.]
Cost (After Noise), [ 0.6   0.61  0.63  0.59  0.6 ]
Loss 0.606039016221 Loss Per Action [0.11980381662067624, 0.12213147346020697, 0.12647848927076991, 0.11716953280216104, 0.12045570406739986]
time spent 73.2049560547

Iteration 4

Weights [ 0.19983634  0.20010763  0.20010763  0.19902468  0.20092371] Sum of Weights 1.0
Maximum (Average) Accuracy of Classifier 0.398
Cost (Before Noise) [ 0.  0.  0.  0.  0.]
Cost (After Noise), [ 0.6   0.63  0.59  0.59  0.62]
Loss 0.606030380056 Loss Per Action [0.11990180598245991, 0.12606780834926179, 0.11806350305724515, 0.11742456182855772, 0.12457270083842457]
time spent 74.4375200272

Iteration 5

Weights [ 0.19999941  0.19945749  0.2005428   0.19945749  0.2005428 ] Sum of Weights 1.0
Maximum (Average) Accuracy of Classifier 0.401666666667
Cost (Before Noise) [ 0.  0.  0.  0.  0.]
Cost (After Noise), [ 0.61  0.58  0.65  0.61  0.58]
Loss 0.606021703181 Loss Per Action [0.12199964074322721, 0.11568534657104952, 0.13035282025008638, 0.12166907139369001, 0.11631482422315394]
time spent 70.8027589321

Iteration 6

Weights [ 0.19989028  0.20016164  0.19934865  0.19934865  0.20125078] Sum of Weights 1.0
Maximum (Average) Accuracy of Classifier 0.4
Cost (Before Noise) [ 0.  0.  0.  0.  0.]
Cost (After Noise), [ 0.62  0.65  0.54  0.6   0.62]
Loss 0.606069983667 Loss Per Action [0.12393197116138602, 0.13010506488187298, 0.10764827359830469, 0.11960919288700522, 0.12477548113865773]
time spent 73.8742980957

Iteration 7

Weights [ 0.19951041  0.19896982  0.20114102  0.19951041  0.20086833] Sum of Weights 1.0
Maximum (Average) Accuracy of Classifier 0.40125
Cost (Before Noise) [ 0.  0.  0.  0.  0.]
Cost (After Noise), [ 0.61  0.56  0.65  0.63  0.58]
Loss 0.606061308052 Loss Per Action [0.12170135289817739, 0.11142310065713909, 0.13074166241445212, 0.12569156118992092, 0.11650363089218499]
time spent 73.9706280231

Iteration 8

Weights [ 0.19940188  0.20021508  0.19994365  0.19886159  0.2015778 ] Sum of Weights 1.0
Maximum (Average) Accuracy of Classifier 0.398888888889
Cost (Before Noise) [ 0.  0.  0.  0.  0.]
Cost (After Noise), [ 0.6   0.65  0.57  0.59  0.62]
Loss 0.606055384776 Loss Per Action [0.11964113043045634, 0.13013980498890471, 0.11396788045854135, 0.11732833582211617, 0.12497823307637701]
time spent 73.977036953

Iteration 9

Weights [ 0.19956439  0.19902365  0.20092267  0.19929384  0.20119544] Sum of Weights 1.0
Maximum (Average) Accuracy of Classifier 0.397
Cost (Before Noise) [ 0.  0.  0.  0.  0.]
Cost (After Noise), [ 0.61  0.56  0.61  0.63  0.62]
Loss 0.606046648466 Loss Per Action [0.12173427950564043, 0.11145324645757834, 0.12256283147957206, 0.12555511927198332, 0.12474117175116782]
time spent 71.601236105

Iteration 10

Weights [ 0.19945632  0.20026974  0.20081387  0.1986462   0.20081387] Sum of Weights 1.0
Maximum (Average) Accuracy of Classifier 0.396363636364
Cost (Before Noise) [ 0.  0.  0.  0.  0.]
Cost (After Noise), [ 0.6   0.61  0.61  0.59  0.62]
Loss 0.606040651424 Loss Per Action [0.11967379241418626, 0.12216454337719863, 0.12249645890164641, 0.11720125915912655, 0.12450459757216538]
time spent 72.619754076

Iteration 11

Weights [ 0.19961965  0.20016201  0.20070584  0.19907876  0.20043374] Sum of Weights 1.0
Maximum (Average) Accuracy of Classifier 0.3975
Cost (Before Noise) [ 0.  0.  0.  0.  0.]
Cost (After Noise), [ 0.6   0.61  0.65  0.59  0.58]
Loss 0.606037449633 Loss Per Action [0.11977179037814879, 0.12209882498289125, 0.13045879552415937, 0.11745646996934636, 0.11625156877847409]
time spent 72.2825849056

Iteration 12

Weights [ 0.19978214  0.20005336  0.1995113   0.1995113   0.20114191] Sum of Weights 1.0
Maximum (Average) Accuracy of Classifier 0.397692307692
Cost (Before Noise) [ 0.  0.  0.  0.  0.]
Cost (After Noise), [ 0.62  0.65  0.54  0.6   0.62]
Loss 0.60605047121 Loss Per Action [0.12386492879007635, 0.13003468310719982, 0.10773609956138891, 0.11970677729043216, 0.12470798246129126]
time spent 72.7057828903

Iteration 13

Weights [ 0.19940196  0.19886166  0.20130459  0.19967266  0.20075913] Sum of Weights 1.0
Maximum (Average) Accuracy of Classifier 0.397857142857
Cost (Before Noise) [ 0.  0.  0.  0.  0.]
Cost (After Noise), [ 0.6   0.56  0.65  0.64  0.58]
Loss 0.606082486616 Loss Per Action [0.11964117511598885, 0.11136252983143012, 0.13084798242886239, 0.12779050100567632, 0.11644029823423885]
time spent 72.9407651424

Iteration 14

Weights [ 0.19956439  0.2001066   0.2001066   0.19875383  0.20146857] Sum of Weights 1.0
Maximum (Average) Accuracy of Classifier 0.396666666667
Cost (Before Noise) [ 0.  0.  0.  0.  0.]
Cost (After Noise), [ 0.6   0.63  0.59  0.59  0.62]
Loss 0.606043965098 Loss Per Action [0.11973863557737058, 0.12606715802135288, 0.11806289401999713, 0.11726476262316619, 0.12491051485622076]
time spent 74.7600331306

Iteration 15

Weights [ 0.19972761  0.19945683  0.20054214  0.19918643  0.201087  ] Sum of Weights 1.0
Maximum (Average) Accuracy of Classifier 0.395625
Cost (Before Noise) [ 0.  0.  0.  0.  0.]
Cost (After Noise), [ 0.61  0.6   0.61  0.59  0.62]
Loss 0.606032573145 Loss Per Action [0.12183383997371768, 0.1196740996348689, 0.12233070260793455, 0.11751999135620435, 0.12467393957258366]
time spent 70.250150919

Iteration 16

Weights [ 0.19961994  0.19961994  0.20043403  0.19961994  0.20070613] Sum of Weights 1.0
Maximum (Average) Accuracy of Classifier 0.395882352941
Cost (Before Noise) [ 0.  0.  0.  0.  0.]
Cost (After Noise), [ 0.61  0.56  0.61  0.63  0.62]
Loss 0.606018463023 Loss Per Action [0.12176816583106186, 0.11178716863179446, 0.12226476063306128, 0.1257605647107688, 0.12443780321594587]
time spent 76.5946269035

Iteration 17

Weights [ 0.19951108  0.200869    0.20032472  0.19897048  0.20032472] Sum of Weights 1.0
Maximum (Average) Accuracy of Classifier 0.396666666667
Cost (Before Noise) [ 0.  0.  0.  0.  0.]
Cost (After Noise), [ 0.6   0.69  0.57  0.59  0.58]
Loss 0.606072268657 Loss Per Action [0.11970664596273546, 0.13859960699690269, 0.11418509180280879, 0.1173925848671156, 0.1161883390274196]
time spent 73.321532011

Iteration 18

Weights [ 0.19967207  0.19859148  0.201304    0.19940137  0.20103109] Sum of Weights 1.0
Maximum (Average) Accuracy of Classifier 0.397368421053
Cost (Before Noise) [ 0.  0.  0.  0.  0.]
Cost (After Noise), [ 0.61  0.56  0.65  0.63  0.58]
Loss 0.606079680909 Loss Per Action [0.12179996294475613, 0.11121122676110093, 0.13084759748512678, 0.12562286429882255, 0.11659802941936076]
time spent 69.5203979015

Iteration 19

Weights [ 0.19956395  0.19983487  0.20010616  0.19875339  0.20174163] Sum of Weights 1.0
Maximum (Average) Accuracy of Classifier 0.3965
Cost (Before Noise) [ 0.  0.  0.  0.  0.]
Cost (After Noise), [ 0.6   0.61  0.61  0.59  0.62]
Loss 0.606046708912 Loss Per Action [0.11973837008848215, 0.12189927030646665, 0.12206475537362844, 0.11726450261943948, 0.12507981052387604]
time spent 72.8251068592

Iteration 20

Weights [ 0.19972753  0.19972753  0.19999867  0.19918635  0.20135991] Sum of Weights 1.0
Maximum (Average) Accuracy of Classifier 0.395714285714
Cost (Before Noise) [ 0.  0.  0.  0.  0.]
Cost (After Noise), [ 0.61  0.6   0.61  0.59  0.62]
Loss 0.606032596756 Loss Per Action [0.12183379451841858, 0.11983651919844444, 0.12199919069854143, 0.11751994751037007, 0.12484314483016562]
time spent 69.7359359264

Iteration 21

Weights [ 0.19961987  0.19989087  0.19989087  0.19961987  0.20097853] Sum of Weights 1.0
Maximum (Average) Accuracy of Classifier 0.395
Cost (Before Noise) [ 0.  0.  0.  0.  0.]
Cost (After Noise), [ 0.6   0.63  0.59  0.59  0.62]
Loss 0.606021189194 Loss Per Action [0.11977192202876338, 0.12593124505692355, 0.11793561045013476, 0.11777572332828401, 0.12460668833010297]
time spent 80.15229702

Iteration 22

Weights [ 0.19978251  0.19924118  0.20032531  0.20005373  0.20059726] Sum of Weights 1.0
Maximum (Average) Accuracy of Classifier 0.394782608696
Cost (Before Noise) [ 0.  0.  0.  0.  0.]
Cost (After Noise), [ 0.6   0.56  0.61  0.64  0.62]
Loss 0.606047700227 Loss Per Action [0.11986950725892719, 0.11157506239018168, 0.1221984403955553, 0.12803438593002198, 0.12437030425204758]
time spent 73.5667500496

Iteration 23

Weights [ 0.1999452   0.20048844  0.20021663  0.19913309  0.20021663] Sum of Weights 1.0
Maximum (Average) Accuracy of Classifier 0.395833333333
Cost (Before Noise) [ 0.  0.  0.  0.  0.]
Cost (After Noise), [ 0.6   0.69  0.57  0.59  0.58]
Loss 0.606041796921 Loss Per Action [0.11996711865431299, 0.13833702345675286, 0.11412348168181682, 0.11748852510093177, 0.11612564802711195]
time spent 73.320524931

Iteration 24

Weights [ 0.20010572  0.19821442  0.20119455  0.19956351  0.20092179] Sum of Weights 1.0
Maximum (Average) Accuracy of Classifier 0.3964
Cost (Before Noise) [ 0.  0.  0.  0.  0.]
Cost (After Noise), [ 0.61  0.56  0.65  0.63  0.58]
Loss 0.60610067765 Loss Per Action [0.12206448911838104, 0.11100007584025837, 0.13077645967627682, 0.1257250143530757, 0.11653463866180347]
time spent 68.8926119804

Iteration 25

Weights [ 0.19999794  0.19945602  0.19999794  0.19891558  0.20163253] Sum of Weights 1.0
Maximum (Average) Accuracy of Classifier 0.395769230769
Cost (Before Noise) [ 0.  0.  0.  0.  0.]
Cost (After Noise), [ 0.64  0.6   0.58  0.59  0.62]
Loss 0.606043453446 Loss Per Action [0.12799867923284231, 0.11967361399850528, 0.1159988030547633, 0.11736019144707589, 0.12501216571245433]
time spent 69.3872139454

Iteration 26

Weights [ 0.19907788  0.19961877  0.20070495  0.19934814  0.20125026] Sum of Weights 1.0
Maximum (Average) Accuracy of Classifier 0.395185185185
Cost (Before Noise) [ 0.  0.  0.  0.  0.]
Cost (After Noise), [ 0.59  0.61  0.61  0.6   0.62]
Loss 0.606037463523 Loss Per Action [0.11745595038087731, 0.12176744822326126, 0.1224300203612395, 0.11960888480653582, 0.12477515975124714]
time spent 76.6728680134

Iteration 27

Weights [ 0.1995113   0.1995113   0.2005969   0.1995113   0.20086922] Sum of Weights 1.0
Maximum (Average) Accuracy of Classifier 0.394642857143
Cost (Before Noise) [ 0.  0.  0.  0.  0.]
Cost (After Noise), [ 0.61  0.58  0.61  0.61  0.62]
Loss 0.606023353284 Loss Per Action [0.1217018906105085, 0.11571655172802445, 0.12236410603042884, 0.12170189061050847, 0.12453891430424327]
time spent 80.7753520012

Iteration 28

Weights [ 0.19940335  0.20021656  0.20048837  0.19940335  0.20048837] Sum of Weights 1.0
Maximum (Average) Accuracy of Classifier 0.394482758621
Cost (Before Noise) [ 0.  0.  0.  0.  0.]
Cost (After Noise), [ 0.6   0.61  0.61  0.59  0.62]
Loss 0.606022783037 Loss Per Action [0.11964201240576672, 0.12213210193668955, 0.12229790308579236, 0.11764797886567059, 0.1243027867429366]
time spent 77.9586760998

Iteration 29

Weights [ 0.19956616  0.20010837  0.20038003  0.19983708  0.20010837] Sum of Weights 1.0
Maximum (Average) Accuracy of Classifier 0.395333333333
Cost (Before Noise) [ 0.  0.  0.  0.  0.]
Cost (After Noise), [ 0.59  0.62  0.65  0.6   0.57]
Loss 0.6060222561 Loss Per Action [0.11774403238439141, 0.12406718864436989, 0.13024701759376739, 0.11990224727188063, 0.11406177020530786]
time spent 75.8874578476

Iteration 30

Weights [ 0.19999904  0.1997279   0.19918672  0.19999904  0.2010873 ] Sum of Weights 1.0
Maximum (Average) Accuracy of Classifier 0.395161290323
Cost (Before Noise) [ 0.  0.  0.  0.  0.]
Cost (After Noise), [ 0.64  0.59  0.54  0.64  0.62]
Loss 0.606073187133 Loss Per Action [0.12799938711342107, 0.11783946134541635, 0.10756082842297847, 0.12799938711342101, 0.12467412313764342]
time spent 73.4956951141

Iteration 31

Weights [ 0.19907803  0.20016127  0.20097757  0.19907803  0.2007051 ] Sum of Weights 1.0
Maximum (Average) Accuracy of Classifier 0.395625
Cost (Before Noise) [ 0.  0.  0.  0.  0.]
Cost (After Noise), [ 0.6   0.61  0.65  0.59  0.58]
Loss 0.606045608846 Loss Per Action [0.11944681786323418, 0.12209837548870918, 0.13063541970228676, 0.11745603756551358, 0.11640895822629944]
time spent 71.4616708755

Iteration 32

Weights [ 0.1992403   0.20005284  0.19978163  0.19951078  0.20141445] Sum of Weights 1.0
Maximum (Average) Accuracy of Classifier 0.395151515152
Cost (Before Noise) [ 0.  0.  0.  0.  0.]
Cost (After Noise), [ 0.59  0.65  0.57  0.6   0.62]
Loss 0.606045079256 Loss Per Action [0.11755177743873525, 0.13003434750949835, 0.11387552773519535, 0.1197064683473229, 0.12487695822475105]
time spent 76.8448801041

Iteration 33

Weights [ 0.1996731   0.1988621   0.20075958  0.1996731   0.20103212] Sum of Weights 1.0
Maximum (Average) Accuracy of Classifier 0.394705882353
Cost (Before Noise) [ 0.  0.  0.  0.  0.]
Cost (After Noise), [ 0.61  0.56  0.61  0.63  0.62]
Loss 0.606060678187 Loss Per Action [0.12180059074672211, 0.1113627762141482, 0.12246334322281978, 0.12579405273841787, 0.12463991526440951]
time spent 70.3344638348

Iteration 34

Weights [ 0.19956535  0.20010756  0.20065124  0.19902461  0.20065124] Sum of Weights 1.0
Maximum (Average) Accuracy of Classifier 0.394571428571
Cost (Before Noise) [ 0.  0.  0.  0.  0.]
Cost (After Noise), [ 0.6   0.61  0.62  0.59  0.61]
Loss 0.60603036677 Loss Per Action [0.11973920933992128, 0.12206561093080316, 0.12440377008094076, 0.11742451875841378, 0.12239725766028048]
time spent 73.5470860004

Iteration 35

Weights [ 0.19972849  0.19999963  0.20027114  0.19945771  0.20054302] Sum of Weights 1.0
Maximum (Average) Accuracy of Classifier 0.394166666667
Cost (Before Noise) [ 0.  0.  0.  0.  0.]
Cost (After Noise), [ 0.6   0.61  0.61  0.59  0.62]
Loss 0.606018991038 Loss Per Action [0.11983709359808939, 0.12199977546428968, 0.12216539697281614, 0.11768005146283744, 0.12433667354017998]
time spent 72.647742033

Iteration 36

Weights [ 0.19989145  0.19989145  0.20016282  0.19989145  0.20016282] Sum of Weights 1.0
Maximum (Average) Accuracy of Classifier 0.395135135135
Cost (Before Noise) [ 0.  0.  0.  0.  0.]
Cost (After Noise), [ 0.61  0.56  0.61  0.63  0.62]
Loss 0.606004884549 Loss Per Action [0.12193378722967493, 0.11193921450593106, 0.12209931915548759, 0.12593161631917243, 0.12410094733836456]
time spent 76.7348549366

Iteration 37

Weights [ 0.19978207  0.20114183  0.20005329  0.19924074  0.19978207] Sum of Weights 1.0
Maximum (Average) Accuracy of Classifier 0.396315789474
Cost (Before Noise) [ 0.  0.  0.  0.  0.]
Cost (After Noise), [ 0.62  0.69  0.62  0.59  0.51]
Loss 0.606126678396 Loss Per Action [0.12386488330782894, 0.13878786500313198, 0.12403303680441383, 0.11755203765671607, 0.1018888556241819]
time spent 73.8746972084

Iteration 38

Weights [ 0.19940019  0.19885989  0.19967088  0.19967088  0.20239815] Sum of Weights 1.0
Maximum (Average) Accuracy of Classifier 0.395897435897
Cost (Before Noise) [ 0.  0.  0.  0.  0.]
Cost (After Noise), [ 0.6   0.56  0.6   0.65  0.62]
Loss 0.606077111415 Loss Per Action [0.11964011273462122, 0.11136154096219984, 0.11980253086921178, 0.12978607510831283, 0.12548685174113236]
time spent 75.6703720093

Iteration 39

Weights [ 0.19956307  0.20010527  0.19983399  0.19848306  0.20201461] Sum of Weights 1.0
Maximum (Average) Accuracy of Classifier 0.3955
Cost (Before Noise) [ 0.  0.  0.  0.  0.]
Cost (After Noise), [ 0.6   0.65  0.57  0.59  0.62]
Loss 0.606065705607 Loss Per Action [0.11973784054856915, 0.13006842640076721, 0.11390537178641871, 0.11710500743257793, 0.12524905943876011]
time spent 73.7411911488

Iteration 40

Weights [ 0.19972599  0.19891477  0.20081276  0.19891477  0.20163171] Sum of Weights 1.0
Maximum (Average) Accuracy of Classifier 0.39512195122
Cost (Before Noise) [ 0.  0.  0.  0.  0.]
Cost (After Noise), [ 0.61  0.58  0.61  0.61  0.62]
Loss 0.60604887388 Loss Per Action [0.12183285257889197, 0.11537056881508599, 0.12249578060101141, 0.12133801202965942, 0.12501165985521673]
time spent 73.0286591053

Iteration 41

Weights [ 0.19961862  0.19961862  0.2007048   0.19880784  0.20125011] Sum of Weights 1.0
Maximum (Average) Accuracy of Classifier 0.394761904762
Cost (Before Noise) [ 0.  0.  0.  0.  0.]
Cost (After Noise), [ 0.61  0.6   0.61  0.59  0.62]
Loss 0.606040158023 Loss Per Action [0.12176735893285204, 0.11977117272083804, 0.12242993058497513, 0.11729662752948281, 0.12477506825532418]
time spent 69.9015100002

Iteration 42

Weights [ 0.19951122  0.19978207  0.20059682  0.19924074  0.20086914] Sum of Weights 1.0
Maximum (Average) Accuracy of Classifier 0.394418604651
Cost (Before Noise) [ 0.  0.  0.  0.  0.]
Cost (After Noise), [ 0.6   0.61  0.61  0.59  0.62]
Loss 0.606028764353 Loss Per Action [0.11970673369427394, 0.12186706297504686, 0.1223640610992718, 0.11755203800949772, 0.12453886857451336]
time spent 73.1527869701

Iteration 43

Weights [ 0.19967428  0.19967428  0.20048859  0.19967428  0.20048859] Sum of Weights 1.0
Maximum (Average) Accuracy of Classifier 0.394318181818
Cost (Before Noise) [ 0.  0.  0.  0.  0.]
Cost (After Noise), [ 0.6   0.58  0.61  0.62  0.62]
Loss 0.606014657605 Loss Per Action [0.11980456526068789, 0.11581107975199829, 0.12229803797745091, 0.12379805076937751, 0.12430292384593386]
time spent 78.9851391315

Iteration 44

Weights [ 0.19983686  0.20037981  0.20037981  0.19929538  0.20010815] Sum of Weights 1.0
Maximum (Average) Accuracy of Classifier 0.395777777778
Cost (Before Noise) [ 0.  0.  0.  0.  0.]
Cost (After Noise), [ 0.6   0.67  0.64  0.59  0.53]
Loss 0.60604125448 Loss Per Action [0.11990211497467611, 0.13425447000185486, 0.12824307582266731, 0.11758427524811818, 0.10605731843288013]
time spent 74.2146120071

Iteration 45

Weights [ 0.19999653  0.19864451  0.19945462  0.1997254   0.20217893] Sum of Weights 1.0
Maximum (Average) Accuracy of Classifier 0.395434782609
Cost (Before Noise) [ 0.  0.  0.  0.  0.]
Cost (After Noise), [ 0.64  0.56  0.57  0.64  0.62]
Loss 0.606103036594 Loss Per Action [0.12799778155405972, 0.11124092709624411, 0.11368913596972062, 0.1278242529920092, 0.12535093898180508]
time spent 70.2284719944

Iteration 46

Weights [ 0.19907678  0.19988866  0.20043174  0.19880689  0.20179593] Sum of Weights 1.0
Maximum (Average) Accuracy of Classifier 0.395106382979
Cost (Before Noise) [ 0.  0.  0.  0.  0.]
Cost (After Noise), [ 0.6   0.61  0.61  0.59  0.62]
Loss 0.606051053693 Loss Per Action [0.11944606862027773, 0.12193208000541313, 0.12226336393742146, 0.11729606485125911, 0.12511347627853767]
time spent 72.9512929916

Iteration 47

Weights [ 0.19924008  0.19978141  0.2003242   0.19924008  0.20141423] Sum of Weights 1.0
Maximum (Average) Accuracy of Classifier 0.394791666667
Cost (Before Noise) [ 0.  0.  0.  0.  0.]
Cost (After Noise), [ 0.59  0.61  0.61  0.6   0.62]
Loss 0.606036939837 Loss Per Action [0.11755164777097196, 0.1218666584118951, 0.12219776459640058, 0.11954404858064946, 0.12487682047680533]
time spent 76.4004461765

Iteration 48

Weights [ 0.19967383  0.19967383  0.20021634  0.19940313  0.20103286] Sum of Weights 1.0
Maximum (Average) Accuracy of Classifier 0.394489795918
Cost (Before Noise) [ 0.  0.  0.  0.  0.]
Cost (After Noise), [ 0.61  0.6   0.61  0.59  0.62]
Loss 0.606025527609 Loss Per Action [0.12180103865828121, 0.11980430031962082, 0.12213196655689181, 0.11764784845638979, 0.12464037361734884]
time spent 70.173938036

Iteration 49

Weights [ 0.19956601  0.19983693  0.20010822  0.19983693  0.20065191] Sum of Weights 1.0
Maximum (Average) Accuracy of Classifier 0.3946
Cost (Before Noise) [ 0.  0.  0.  0.  0.]
Cost (After Noise), [ 0.59  0.57  0.61  0.64  0.62]
Loss 0.606016829558 Loss Per Action [0.11774394559737623, 0.11390705094937981, 0.1220660149838201, 0.12789563615368965, 0.12440418187356816]
time spent 77.5306551456

Iteration 50

Weights [ 0.19999904  0.20081468  0.19999904  0.19891668  0.20027055] Sum of Weights 1.0
Maximum (Average) Accuracy of Classifier 0.395098039216
Cost (Before Noise) [ 0.  0.  0.  0.  0.]
Cost (After Noise), [ 0.62  0.69  0.55  0.59  0.58]
Loss 0.606078771975 Loss Per Action [0.12399940700917804, 0.13856212881775484, 0.10999947395975467, 0.11736084119610812, 0.11615692099183265]
time spent 71.5493381023

Iteration 51

Weights [ 0.19961752  0.19853722  0.20152221  0.19934689  0.20097616] Sum of Weights 1.0
Maximum (Average) Accuracy of Classifier 0.395192307692
Cost (Before Noise) [ 0.  0.  0.  0.  0.]
Cost (After Noise), [ 0.61  0.56  0.65  0.63  0.58]
Loss 0.606091680237 Loss Per Action [0.12176668637216191, 0.11118084310275543, 0.13098943342819347, 0.12558854328375599, 0.11656617405014298]
time spent 69.2384519577

Iteration 52

Weights [ 0.19950975  0.1997806   0.20032339  0.19869942  0.20168684] Sum of Weights 1.0
Maximum (Average) Accuracy of Classifier 0.394905660377
Cost (Before Noise) [ 0.  0.  0.  0.  0.]
Cost (After Noise), [ 0.6   0.61  0.61  0.59  0.62]
Loss 0.606047782553 Loss Per Action [0.11970585136160235, 0.12186616471905125, 0.12219726956221562, 0.1172326557492127, 0.12504584116055842]
time spent 72.0634930134

Iteration 53

Weights [ 0.19967332  0.19967332  0.20021582  0.19913229  0.20130525] Sum of Weights 1.0
Maximum (Average) Accuracy of Classifier 0.39462962963
Cost (Before Noise) [ 0.  0.  0.  0.  0.]
Cost (After Noise), [ 0.61  0.6   0.61  0.59  0.62]
Loss 0.606033673651 Loss Per Action [0.12180072448065407, 0.11980399129244657, 0.12213165152565826, 0.11748804840456276, 0.12480925794738003]
time spent 69.8693721294

Iteration 54

Weights [ 0.19956572  0.19983664  0.20010793  0.19956572  0.20092401] Sum of Weights 1.0
Maximum (Average) Accuracy of Classifier 0.394363636364
Cost (Before Noise) [ 0.  0.  0.  0.  0.]
Cost (After Noise), [ 0.59  0.61  0.61  0.6   0.62]
Loss 0.606022268603 Loss Per Action [0.11774377202357007, 0.12190034850769757, 0.12206583503857772, 0.11973942917651194, 0.12457288385702718]
time spent 72.3176951408

Iteration 55

Weights [ 0.19999978  0.19972864  0.19999978  0.19972864  0.20054317] Sum of Weights 1.0
Maximum (Average) Accuracy of Classifier 0.394642857143
Cost (Before Noise) [ 0.  0.  0.  0.  0.]
Cost (After Noise), [ 0.64  0.56  0.58  0.63  0.62]
Loss 0.606013572606 Loss Per Action [0.12799985858891577, 0.11184803630962242, 0.11599987184620482, 0.1258290408483253, 0.12433676501266902]
time spent 70.8769459724

Iteration 56

Weights [ 0.19907803  0.20097757  0.2007051   0.19907803  0.20016127] Sum of Weights 1.0
Maximum (Average) Accuracy of Classifier 0.395438596491
Cost (Before Noise) [ 0.  0.  0.  0.  0.]
Cost (After Noise), [ 0.59  0.69  0.62  0.6   0.53]
Loss 0.606100013909 Loss Per Action [0.11745603756551359, 0.1386745224531967, 0.12443716224190612, 0.11944681786323418, 0.10608547378527206]
time spent 76.3864650726

Iteration 57

Weights [ 0.19950843  0.1986981   0.20032206  0.19923795  0.20223347] Sum of Weights 1.0
Maximum (Average) Accuracy of Classifier 0.395172413793
Cost (Before Noise) [ 0.  0.  0.  0.  0.]
Cost (After Noise), [ 0.61  0.56  0.61  0.63  0.62]
Loss 0.606072188916 Loss Per Action [0.12170013958714486, 0.11127093330980865, 0.12219645696458997, 0.12551990781341921, 0.12538475124087017]
time spent 71.6909279823

Iteration 58

Weights [ 0.19940108  0.19994284  0.20021427  0.19859118  0.20185063] Sum of Weights 1.0
Maximum (Average) Accuracy of Classifier 0.394915254237
Cost (Before Noise) [ 0.  0.  0.  0.  0.]
Cost (After Noise), [ 0.6   0.61  0.61  0.59  0.62]
Loss 0.606052671915 Loss Per Action [0.11964064547879197, 0.12196513208188833, 0.1221307065600884, 0.11716879705955485, 0.12514739073473224]
time spent 72.6842501163

Iteration 59

Weights [ 0.19956469  0.19983561  0.20010689  0.19902395  0.20146887] Sum of Weights 1.0
Maximum (Average) Accuracy of Classifier 0.394666666667
Cost (Before Noise) [ 0.  0.  0.  0.  0.]
Cost (After Noise), [ 0.6   0.61  0.61  0.59  0.62]
Loss 0.606038562893 Loss Per Action [0.11973881137383187, 0.12189971955562619, 0.12206520523266876, 0.11742412848544655, 0.12491069824587107]
time spent 72.7064750195

Iteration 60

Weights [ 0.19972805  0.19972805  0.19999919  0.19945727  0.20108744] Sum of Weights 1.0
Maximum (Average) Accuracy of Classifier 0.394426229508
Cost (Before Noise) [ 0.  0.  0.  0.  0.]
Cost (After Noise), [ 0.61  0.6   0.61  0.59  0.62]
Loss 0.606024448499 Loss Per Action [0.12183410886667338, 0.11983682839344918, 0.12199950547354148, 0.11767979103182431, 0.12467421473377144]
time spent 70.0425519943

Iteration 61

Weights [ 0.19962016  0.19989116  0.19989116  0.19989116  0.20070636] Sum of Weights 1.0
Maximum (Average) Accuracy of Classifier 0.394677419355
Cost (Before Noise) [ 0.  0.  0.  0.  0.]
Cost (After Noise), [ 0.59  0.61  0.56  0.65  0.62]
Loss 0.606015748671 Loss Per Action [0.11777589699630604, 0.12193360755235882, 0.11193904955626376, 0.12992925394923491, 0.12443794061694494]
time spent 81.2492690086

Iteration 62

Weights [ 0.2000527   0.19978148  0.20114124  0.1987003   0.20032428] Sum of Weights 1.0
Maximum (Average) Accuracy of Classifier 0.394603174603
Cost (Before Noise) [ 0.  0.  0.  0.  0.]
Cost (After Noise), [ 0.61  0.6   0.65  0.59  0.58]
Loss 0.606064100526 Loss Per Action [0.12203214547812674, 0.11986888979085443, 0.130741807610012, 0.11723317512310547, 0.1161880825243245]
time spent 69.0619440079

Iteration 63

Weights [ 0.19994483  0.19994483  0.19994483  0.19913273  0.20103279] Sum of Weights 1.0
Maximum (Average) Accuracy of Classifier 0.39484375
Cost (Before Noise) [ 0.  0.  0.  0.  0.]
Cost (After Noise), [ 0.64  0.63  0.55  0.59  0.62]
Loss 0.606028225058 Loss Per Action [0.12796469053954451, 0.12596524224986411, 0.10996965593242095, 0.11748830839908653, 0.12464032793735805]
time spent 71.9454579353

Iteration 64

Weights [ 0.19902351  0.19929369  0.20146842  0.19956424  0.20065013] Sum of Weights 1.0
Maximum (Average) Accuracy of Classifier 0.394769230769
Cost (Before Noise) [ 0.  0.  0.  0.  0.]
Cost (After Noise), [ 0.59  0.57  0.65  0.64  0.58]
Loss 0.606073942468 Loss Per Action [0.1174238691859375, 0.11359740479372848, 0.13095447511175787, 0.12772111676050155, 0.11637707661653407]
time spent 75.8531370163

Iteration 65

Weights [ 0.19945603  0.20026945  0.20026945  0.19864591  0.20135917] Sum of Weights 1.0
Maximum (Average) Accuracy of Classifier 0.394696969697
Cost (Before Noise) [ 0.  0.  0.  0.  0.]
Cost (After Noise), [ 0.6   0.65  0.57  0.59  0.62]
Loss 0.606046113291 Loss Per Action [0.11967361549353372, 0.13017514066116673, 0.11415358488748457, 0.11720108589376223, 0.12484268635534575]
time spent 73.9205238819

Iteration 66

Weights [ 0.19961833  0.19907744  0.20124981  0.19907744  0.20097698] Sum of Weights 1.0
Maximum (Average) Accuracy of Classifier 0.394925373134
Cost (Before Noise) [ 0.  0.  0.  0.  0.]
Cost (After Noise), [ 0.61  0.56  0.65  0.63  0.58]
Loss 0.606048359987 Loss Per Action [0.12176717925933822, 0.11148336767217926, 0.13081237853784686, 0.12541878863120171, 0.11656664588668648]
time spent 69.3911700249

Iteration 67

Weights [ 0.19950939  0.20032303  0.20005144  0.19842967  0.20168647] Sum of Weights 1.0
Maximum (Average) Accuracy of Classifier 0.394705882353
Cost (Before Noise) [ 0.  0.  0.  0.  0.]
Cost (After Noise), [ 0.6   0.65  0.57  0.59  0.62]
Loss 0.606064040626 Loss Per Action [0.11970563188583935, 0.13020996653614897, 0.11402932332630798, 0.11707350698400565, 0.12504561189414357]
time spent 73.7262759209

Iteration 68

Weights [ 0.19967222  0.19913119  0.20103123  0.19886122  0.20130414] Sum of Weights 1.0
Maximum (Average) Accuracy of Classifier 0.394492753623
Cost (Before Noise) [ 0.  0.  0.  0.  0.]
Cost (After Noise), [ 0.61  0.6   0.61  0.59  0.62]
Loss 0.606044505152 Loss Per Action [0.12180005216187061, 0.11947871175355937, 0.12262905179988144, 0.11732812041510125, 0.12480856902201609]
time spent 70.025894165

Iteration 69

Weights [ 0.19956491  0.19929435  0.20092319  0.19929435  0.20092319] Sum of Weights 1.0
Maximum (Average) Accuracy of Classifier 0.394428571429
Cost (Before Noise) [ 0.  0.  0.  0.  0.]
Cost (After Noise), [ 0.61  0.58  0.61  0.61  0.62]
Loss 0.606030401308 Loss Per Action [0.12173459334057894, 0.11559072526215768, 0.12256314745054449, 0.12156955587916582, 0.12457237937596372]
time spent 72.942168951

Iteration 70

Weights [ 0.19945713  0.19999904  0.20081468  0.19918672  0.20054243] Sum of Weights 1.0
Maximum (Average) Accuracy of Classifier 0.394647887324
Cost (Before Noise) [ 0.  0.  0.  0.  0.]
Cost (After Noise), [ 0.6   0.61  0.65  0.59  0.58]
Loss 0.606038008547 Loss Per Action [0.11967427619741219, 0.12199941620850863, 0.13052954124935318, 0.11752016474065949, 0.11631461015107866]
time spent 71.4543831348

Iteration 71

Weights [ 0.1996195  0.1998905  0.1996195  0.1996195  0.201251 ] Sum of Weights 1.0
Maximum (Average) Accuracy of Classifier 0.394722222222
Cost (Before Noise) [ 0.  0.  0.  0.  0.]
Cost (After Noise), [ 0.61  0.65  0.54  0.61  0.62]
Loss 0.606034764709 Loss Per Action [0.12176789613369525, 0.12992882271229911, 0.10779453100359898, 0.12176789613369528, 0.12477561872527355]
time spent 76.2145450115

Iteration 72

Weights [ 0.19950975  0.19869942  0.20141341  0.19950975  0.20086766] Sum of Weights 1.0
Maximum (Average) Accuracy of Classifier 0.394794520548
Cost (Before Noise) [ 0.  0.  0.  0.  0.]
Cost (After Noise), [ 0.6   0.56  0.65  0.64  0.58]
Loss 0.606085730752 Loss Per Action [0.11970585208106382, 0.11127167392226001, 0.13091871769522426, 0.12768624221980143, 0.11650324483347567]
time spent 73.9432082176

Iteration 73

Weights [ 0.19967236  0.19994343  0.20021486  0.19859177  0.20157757] Sum of Weights 1.0
Maximum (Average) Accuracy of Classifier 0.394594594595
Cost (Before Noise) [ 0.  0.  0.  0.  0.]
Cost (After Noise), [ 0.6   0.61  0.61  0.59  0.62]
Loss 0.606047216738 Loss Per Action [0.11980341822501321, 0.12196549235685936, 0.12213106732415276, 0.11716914316654654, 0.12497809566530391]
time spent 72.8072259426

Iteration 74

Weights [ 0.19983605  0.19983605  0.20010734  0.19902439  0.20119618] Sum of Weights 1.0
Maximum (Average) Accuracy of Classifier 0.3944
Cost (Before Noise) [ 0.  0.  0.  0.  0.]
Cost (After Noise), [ 0.61  0.6   0.61  0.59  0.62]
Loss 0.606033113563 Loss Per Action [0.12189998947131812, 0.11990162898818177, 0.12206547551478629, 0.11742438849108888, 0.12474163109793002]
time spent 73.1929769516

Iteration 75

Weights [ 0.19972834  0.19999948  0.19999948  0.19945757  0.20081512] Sum of Weights 1.0
Maximum (Average) Accuracy of Classifier 0.394473684211
Cost (Before Noise) [ 0.  0.  0.  0.  0.]
Cost (After Noise), [ 0.6   0.65  0.57  0.59  0.62]
Loss 0.606021716456 Loss Per Action [0.1198370051964664, 0.12999966484220074, 0.1139997060923913, 0.11767996465242486, 0.12450537567295719]
time spent 73.6095540524

Iteration 76

Weights [ 0.1998902   0.19880843  0.20097787  0.1998902   0.2004333 ] Sum of Weights 1.0
Maximum (Average) Accuracy of Classifier 0.394545454545
Cost (Before Noise) [ 0.  0.  0.  0.  0.]
Cost (After Noise), [ 0.6   0.56  0.65  0.64  0.58]
Loss 0.606083498296 Loss Per Action [0.11993412253553405, 0.11133272061944949, 0.13063561226590173, 0.1279297307045697, 0.11625131217077704]
time spent 72.7761118412

Iteration 77

Weights [ 0.20005306  0.20005306  0.19978185  0.19897041  0.20114161] Sum of Weights 1.0
Maximum (Average) Accuracy of Classifier 0.394615384615
Cost (Before Noise) [ 0.  0.  0.  0.  0.]
Cost (After Noise), [ 0.63  0.64  0.55  0.59  0.62]
Loss 0.606047750193 Loss Per Action [0.12603343082049873, 0.12803396146844317, 0.10988001737687375, 0.11739254123341443, 0.12470779929416805]
time spent 72.686601162

Iteration 78

Weights [ 0.1994021   0.19913177  0.20130474  0.1994021   0.20075928] Sum of Weights 1.0
Maximum (Average) Accuracy of Classifier 0.394683544304
Cost (Before Noise) [ 0.  0.  0.  0.  0.]
Cost (After Noise), [ 0.6   0.56  0.65  0.64  0.58]
Loss 0.606060864458 Loss Per Action [0.11964126287104408, 0.11151379247862948, 0.13084807840394713, 0.12761734706244704, 0.11644038364149792]
time spent 73.6129460335

Iteration 79

Weights [ 0.19956395  0.20037781  0.20010616  0.19848394  0.20146813] Sum of Weights 1.0
Maximum (Average) Accuracy of Classifier 0.3945
Cost (Before Noise) [ 0.  0.  0.  0.  0.]
Cost (After Noise), [ 0.6   0.65  0.57  0.59  0.62]
Loss 0.606060229083 Loss Per Action [0.11973837188324199, 0.1302455795135756, 0.11406051082927433, 0.11710552708409772, 0.1249102397723335]
time spent 73.9416429996

Iteration 80

Weights [ 0.19972672  0.19918555  0.20108611  0.19891551  0.20108611] Sum of Weights 1.0
Maximum (Average) Accuracy of Classifier 0.394444444444
Cost (Before Noise) [ 0.  0.  0.  0.  0.]
Cost (After Noise), [ 0.61  0.6   0.61  0.59  0.62]
Loss 0.606040695503 Loss Per Action [0.12183330182534326, 0.11951132772446778, 0.12266252776833915, 0.11736014930548704, 0.12467338887929605]
time spent 70.8448209763

Iteration 81

Weights [ 0.19961928  0.19934866  0.20097794  0.19934866  0.20070547] Sum of Weights 1.0
Maximum (Average) Accuracy of Classifier 0.394634146341
Cost (Before Noise) [ 0.  0.  0.  0.  0.]
Cost (After Noise), [ 0.61  0.6   0.65  0.59  0.58]
Loss 0.606037493783 Loss Per Action [0.12176776222924338, 0.1196091932461549, 0.13063565960881005, 0.11761570669205229, 0.11640917200651733]
time spent 69.3397099972

Iteration 82

Weights [ 0.19951093  0.19951093  0.19978177  0.19978177  0.2014146 ] Sum of Weights 1.0
Maximum (Average) Accuracy of Classifier 0.394457831325
Cost (Before Noise) [ 0.  0.  0.  0.  0.]
Cost (After Noise), [ 0.59  0.57  0.6   0.65  0.62]
Loss 0.606036943569 Loss Per Action [0.11771144704549263, 0.11372122850157768, 0.11986906465291505, 0.1298581533739914, 0.12487704999457847]
time spent 78.6171598434

Iteration 83

Weights [ 0.19994409  0.20048733  0.19994409  0.19859243  0.20103205] Sum of Weights 1.0
Maximum (Average) Accuracy of Classifier 0.394642857143
Cost (Before Noise) [ 0.  0.  0.  0.  0.]
Cost (After Noise), [ 0.62  0.65  0.55  0.59  0.62]
Loss 0.606060760538 Loss Per Action [0.12396533870614354, 0.13031676692160415, 0.10996925207803052, 0.11716953262632084, 0.12463987020614815]
time spent 74.2393569946

Iteration 84

Weights [ 0.19956424  0.19929369  0.20146842  0.19902351  0.20065013] Sum of Weights 1.0
Maximum (Average) Accuracy of Classifier 0.394588235294
Cost (Before Noise) [ 0.  0.  0.  0.  0.]
Cost (After Noise), [ 0.61  0.6   0.65  0.59  0.58]
Loss 0.606065825899 Loss Per Action [0.12173418941235298, 0.1195762155723458, 0.1309544751117579, 0.11742386918593747, 0.11637707661653407]
time spent 68.011038065

Iteration 85

Weights [ 0.19945668  0.19945668  0.20027011  0.19945668  0.20135984] Sum of Weights 1.0
Maximum (Average) Accuracy of Classifier 0.394418604651
Cost (Before Noise) [ 0.  0.  0.  0.  0.]
Cost (After Noise), [ 0.6   0.58  0.61  0.62  0.62]
Loss 0.606029897824 Loss Per Action [0.11967401087497526, 0.11568487717914282, 0.12216476638477608, 0.12366314457080778, 0.12484309881452553]
time spent 78.8828549385

Iteration 86

Weights [ 0.1996195   0.20016186  0.20016186  0.19907862  0.20097816] Sum of Weights 1.0
Maximum (Average) Accuracy of Classifier 0.394482758621
Cost (Before Noise) [ 0.  0.  0.  0.  0.]
Cost (After Noise), [ 0.6   0.65  0.57  0.59  0.62]
Loss 0.606032014257 Loss Per Action [0.11977170195296627, 0.13010520925542277, 0.11409226042398603, 0.11745638325351986, 0.12460645937062916]
time spent 74.382422924

Iteration 87

Weights [ 0.19978156  0.19897012  0.20114132  0.19951071  0.2005963 ] Sum of Weights 1.0
Maximum (Average) Accuracy of Classifier 0.394545454545
Cost (Before Noise) [ 0.  0.  0.  0.  0.]
Cost (After Noise), [ 0.61  0.56  0.65  0.63  0.58]
Loss 0.606069471868 Loss Per Action [0.12186674888311347, 0.11142326486771333, 0.13074185509589181, 0.12569174642873865, 0.11634585659232356]
time spent 69.3315689564

Iteration 88

Weights [ 0.1996731   0.2002156   0.19994417  0.1988621   0.20130503] Sum of Weights 1.0
Maximum (Average) Accuracy of Classifier 0.394382022472
Cost (Before Noise) [ 0.  0.  0.  0.  0.]
Cost (After Noise), [ 0.6   0.65  0.57  0.59  0.62]
Loss 0.606049934761 Loss Per Action [0.11980385939104289, 0.13014014113116515, 0.11396817482982115, 0.11732863887322352, 0.12480912053529444]
time spent 74.1487288475

Iteration 89

Weights [ 0.19983568  0.19902402  0.20092305  0.19929421  0.20092305] Sum of Weights 1.0
Maximum (Average) Accuracy of Classifier 0.394333333333
Cost (Before Noise) [ 0.  0.  0.  0.  0.]
Cost (After Noise), [ 0.61  0.56  0.61  0.63  0.62]
Loss 0.606043913534 Loss Per Action [0.1218997653648642, 0.11145345197145431, 0.12256305747893359, 0.1255553507889649, 0.1245722879294081]
time spent 69.9954681396

Iteration 90

Weights [ 0.19972739  0.20027004  0.20081416  0.19864649  0.20054192] Sum of Weights 1.0
Maximum (Average) Accuracy of Classifier 0.394505494505
Cost (Before Noise) [ 0.  0.  0.  0.  0.]
Cost (After Noise), [ 0.6   0.61  0.65  0.59  0.58]
Loss 0.606046105261 Loss Per Action [0.11983643283245923, 0.12216472336923417, 0.1305292058996112, 0.11720143183847045, 0.1163143113216018]
time spent 72.5818481445

Iteration 91

Weights [ 0.1998902   0.20016156  0.19961921  0.19907832  0.2012507 ] Sum of Weights 1.0
Maximum (Average) Accuracy of Classifier 0.394456521739
Cost (Before Noise) [ 0.  0.  0.  0.  0.]
Cost (After Noise), [ 0.62  0.65  0.55  0.59  0.62]
Loss 0.606059152698 Loss Per Action [0.12393192569161803, 0.1301050171472404, 0.10979056467759432, 0.11745620982209139, 0.1247754353594122]
time spent 72.4022388458

Iteration 92

Weights [ 0.19951041  0.19896982  0.20114102  0.19951041  0.20086833] Sum of Weights 1.0
Maximum (Average) Accuracy of Classifier 0.394623655914
Cost (Before Noise) [ 0.  0.  0.  0.  0.]
Cost (After Noise), [ 0.61  0.56  0.65  0.63  0.58]
Loss 0.606061308052 Loss Per Action [0.12170135289817732, 0.11142310065713908, 0.13074166241445201, 0.12569156118992084, 0.11650363089218511]
time spent 74.302396059

Iteration 93

Weights [ 0.19940188  0.20021508  0.19994365  0.19886159  0.2015778 ] Sum of Weights 1.0
Maximum (Average) Accuracy of Classifier 0.394468085106
Cost (Before Noise) [ 0.  0.  0.  0.  0.]
Cost (After Noise), [ 0.6   0.65  0.57  0.59  0.62]
Loss 0.606055384776 Loss Per Action [0.11964113043045629, 0.13013980498890471, 0.11396788045854128, 0.11732833582211612, 0.12497823307637715]
time spent 73.607375145

Iteration 94

Weights [ 0.19956439  0.19902365  0.20092267  0.19929384  0.20119544] Sum of Weights 1.0
Maximum (Average) Accuracy of Classifier 0.394315789474
Cost (Before Noise) [ 0.  0.  0.  0.  0.]
Cost (After Noise), [ 0.61  0.56  0.61  0.63  0.62]
Loss 0.606046648466 Loss Per Action [0.12173427950564042, 0.11145324645757837, 0.12256283147957198, 0.12555511927198329, 0.12474117175116782]
time spent 71.8025588989

Iteration 95

Weights [ 0.19945632  0.20026974  0.20081387  0.1986462   0.20081387] Sum of Weights 1.0
Maximum (Average) Accuracy of Classifier 0.394270833333
Cost (Before Noise) [ 0.  0.  0.  0.  0.]
Cost (After Noise), [ 0.6   0.61  0.61  0.59  0.62]
Loss 0.606040651424 Loss Per Action [0.11967379241418627, 0.1221645433771987, 0.12249645890164634, 0.11720125915912656, 0.12450459757216538]
time spent 73.1716320515

Iteration 96

Weights [ 0.19961965  0.20016201  0.20070584  0.19907876  0.20043374] Sum of Weights 1.0
Maximum (Average) Accuracy of Classifier 0.394432989691
Cost (Before Noise) [ 0.  0.  0.  0.  0.]
Cost (After Noise), [ 0.6   0.61  0.65  0.59  0.58]
Loss 0.606037449633 Loss Per Action [0.11977179037814881, 0.12209882498289132, 0.13045879552415932, 0.11745646996934637, 0.11625156877847409]
time spent 72.4407720566

Iteration 97

Weights [ 0.19978214  0.20005336  0.1995113   0.1995113   0.20114191] Sum of Weights 1.0
Maximum (Average) Accuracy of Classifier 0.394489795918
Cost (Before Noise) [ 0.  0.  0.  0.  0.]
Cost (After Noise), [ 0.62  0.65  0.54  0.6   0.62]
Loss 0.60605047121 Loss Per Action [0.12386492879007635, 0.13003468310719987, 0.10773609956138887, 0.11970677729043216, 0.12470798246129126]
time spent 72.9815578461

Iteration 98

Weights [ 0.19940196  0.19886166  0.20130459  0.19967266  0.20075913] Sum of Weights 1.0
Maximum (Average) Accuracy of Classifier 0.394545454545
Cost (Before Noise) [ 0.  0.  0.  0.  0.]
Cost (After Noise), [ 0.6   0.56  0.65  0.64  0.58]
Loss 0.606082486616 Loss Per Action [0.1196411751159888, 0.11136252983143015, 0.13084798242886234, 0.12779050100567629, 0.1164402982342389]
time spent 73.2975869179

Iteration 99

Weights [ 0.19956439  0.2001066   0.2001066   0.19875383  0.20146857] Sum of Weights 1.0
Maximum (Average) Accuracy of Classifier 0.3944
Cost (Before Noise) [ 0.  0.  0.  0.  0.]
Cost (After Noise), [ 0.6   0.65  0.57  0.59  0.62]
Loss 0.606043965098 Loss Per Action [0.11973863557737055, 0.1300692900220308, 0.1140607620193192, 0.11726476262316618, 0.1249105148562209]
time spent 74.1685450077

finished running MWU 
Success
