multiclass CLASSIFICATION: 

Noise Function greedyAscent
Iters 100 
Alpha 0.5
Data path : multiclass_data_2
Num Classifiers : 5
Model 0, Test Accuracy 0.9023
Model 1, Test Accuracy 0.9031
Model 2, Test Accuracy 0.9014
Model 3, Test Accuracy 0.9053
Model 4, Test Accuracy 0.8993
Num Points 100


Running MWU for 100 Iterations with Epsilon 0.126863624118

Guaranteed to be within 0.253727248236 of the minimax value 

Iteration 0

Weights [ 0.2  0.2  0.2  0.2  0.2] Sum of Weights 1.0
Maximum (Average) Accuracy of Classifier 0.65
Cost (Before Noise) [ 0.  0.  0.  0.  0.]
Cost (After Noise), [ 0.78  0.67  0.54  0.4   0.35]
Loss 0.548 Loss Per Action [0.15600000000000003, 0.13399999999999998, 0.10800000000000001, 0.080000000000000016, 0.069999999999999993]
time spent 74.2051839828

Iteration 1

Weights [ 0.19375698  0.19667009  0.20016938  0.20400751  0.20539603] Sum of Weights 1.0
Maximum (Average) Accuracy of Classifier 0.515
Cost (Before Noise) [ 0.  0.  0.  0.  0.]
Cost (After Noise), [ 0.35  0.39  0.46  0.57  0.8 ]
Loss 0.517195304244 Loss Per Action [0.067814942064616537, 0.076701336016745406, 0.092077916300695312, 0.11628428190407593, 0.16431682795767993]
time spent 70.4480080605

Iteration 2

Weights [ 0.19815446  0.20004519  0.20168016  0.20250265  0.19761754] Sum of Weights 1.0
Maximum (Average) Accuracy of Classifier 0.5
Cost (Before Noise) [ 0.  0.  0.  0.  0.]
Cost (After Noise), [ 0.4   0.48  0.59  0.82  0.35]
Loss 0.529493082556 Loss Per Action [0.079261783672311514, 0.096021689167562888, 0.1189912949772424, 0.16605217528979244, 0.069166139448930436]
time spent 71.493088007

Iteration 3

Weights [ 0.20161461  0.20134128  0.19998017  0.19462711  0.20243683] Sum of Weights 1.0
Maximum (Average) Accuracy of Classifier 0.4975
Cost (Before Noise) [ 0.  0.  0.  0.  0.]
Cost (After Noise), [ 0.63  0.56  0.42  0.35  0.8 ]
Loss 0.553828945922 Loss Per Action [0.12701720404837391, 0.1127511154402993, 0.083991669635197427, 0.068119489531193081, 0.16194946726647075]
time spent 74.0215699673

Iteration 4

Weights [ 0.1994959   0.20112639  0.20359714  0.20003792  0.19574265] Sum of Weights 1.0
Maximum (Average) Accuracy of Classifier 0.488
Cost (Before Noise) [ 0.  0.  0.  0.  0.]
Cost (After Noise), [ 0.4   0.66  0.81  0.48  0.35]
Loss 0.541983587775 Loss Per Action [0.079798360536160087, 0.13274341557522323, 0.16491368044014368, 0.096018202875656489, 0.06850992834732865]
time spent 73.1839711666

Iteration 5

Weights [ 0.20332096  0.19787848  0.19627432  0.20167268  0.20085356] Sum of Weights 1.0
Maximum (Average) Accuracy of Classifier 0.48
Cost (Before Noise) [ 0.  0.  0.  0.  0.]
Cost (After Noise), [ 0.78  0.44  0.35  0.58  0.47]
Loss 0.525724218639 Loss Per Action [0.1585903469211479, 0.087066530626127112, 0.068696012999973452, 0.11697015487182587, 0.094401173219966272]
time spent 71.2067050934

Iteration 6

Weights [ 0.19638744  0.20015305  0.20096931  0.20015305  0.20233716] Sum of Weights 1.0
Maximum (Average) Accuracy of Classifier 0.487142857143
Cost (Before Noise) [ 0.  0.  0.  0.  0.]
Cost (After Noise), [ 0.35  0.52  0.6   0.39  0.8 ]
Loss 0.533326188344 Loss Per Action [0.068735602526521555, 0.10407958498447424, 0.12058158719448979, 0.078059688738355656, 0.1618697248999923]
time spent 72.8481049538

Iteration 7

Weights [ 0.20128493  0.20046738  0.19911218  0.20403423  0.19510129] Sum of Weights 1.0
Maximum (Average) Accuracy of Classifier 0.47875
Cost (Before Noise) [ 0.  0.  0.  0.  0.]
Cost (After Noise), [ 0.58  0.49  0.4   0.82  0.35]
Loss 0.530212664956 Loss Per Action [0.11674525674321108, 0.098229015988862065, 0.079644870215963767, 0.1673080722515109, 0.06828544975650748]
time spent 71.7837979794

Iteration 8

Weights [ 0.19987935  0.20151297  0.20260946  0.19611888  0.19987935] Sum of Weights 1.0
Maximum (Average) Accuracy of Classifier 0.478888888889
Cost (Before Noise) [ 0.  0.  0.  0.  0.]
Cost (After Noise), [ 0.42  0.66  0.81  0.35  0.52]
Loss 0.553640412965 Loss Per Action [0.083949325538535138, 0.13299855777376793, 0.16411366020523674, 0.068641609257187194, 0.1039372601905674]
time spent 75.2066349983

Iteration 9

Weights [ 0.20348482  0.19857601  0.19563467  0.20156158  0.20074291] Sum of Weights 1.0
Maximum (Average) Accuracy of Classifier 0.474
Cost (Before Noise) [ 0.  0.  0.  0.  0.]
Cost (After Noise), [ 0.78  0.44  0.35  0.58  0.47]
Loss 0.52581862756 Loss Per Action [0.15871815928652652, 0.087373446423729975, 0.068472134041974705, 0.11690571832697051, 0.094349169480728245]
time spent 71.6844170094

Iteration 10

Weights [ 0.19654824  0.20086118  0.20031693  0.20004536  0.20222829] Sum of Weights 1.0
Maximum (Average) Accuracy of Classifier 0.479090909091
Cost (Before Noise) [ 0.  0.  0.  0.  0.]
Cost (After Noise), [ 0.35  0.64  0.52  0.39  0.8 ]
Loss 0.541308166911 Loss Per Action [0.068791882496848991, 0.12855115726280616, 0.10416480422660361, 0.078017689798988835, 0.16178263312610391]
time spent 73.40280509

Iteration 11

Weights [ 0.2016655   0.19814005  0.20084641  0.20414287  0.19520517] Sum of Weights 1.0
Maximum (Average) Accuracy of Classifier 0.474166666667
Cost (Before Noise) [ 0.  0.  0.  0.  0.]
Cost (After Noise), [ 0.58  0.4   0.46  0.82  0.35]
Loss 0.524330322275 Loss Per Action [0.11696598989639836, 0.079256021729991979, 0.0923893477797888, 0.16739715478809167, 0.068321808080370833]
time spent 70.5997488499

Iteration 12

Weights [ 0.2000964   0.2014583   0.20255449  0.19606568  0.19982512] Sum of Weights 1.0
Maximum (Average) Accuracy of Classifier 0.474615384615
Cost (Before Noise) [ 0.  0.  0.  0.  0.]
Cost (After Noise), [ 0.54  0.66  0.81  0.35  0.42]
Loss 0.557633215169 Loss Per Action [0.10805205506222121, 0.13296247875410694, 0.16406914047455473, 0.068622988589328804, 0.083926552288829892]
time spent 74.8345701694

Iteration 13

Weights [ 0.20052534  0.19863007  0.19568793  0.20161645  0.20354021] Sum of Weights 1.0
Maximum (Average) Accuracy of Classifier 0.470714285714
Cost (Before Noise) [ 0.  0.  0.  0.  0.]
Cost (After Noise), [ 0.47  0.44  0.35  0.57  0.8 ]
Loss 0.527888462479 Loss Per Action [0.094246908180143862, 0.087397231602789685, 0.068490773823686985, 0.11492137837643036, 0.16283217049557042]
time spent 73.1376240253

Iteration 14

Weights [ 0.20206226  0.20096873  0.20042419  0.20042419  0.19612063] Sum of Weights 1.0
Maximum (Average) Accuracy of Classifier 0.475333333333
Cost (Before Noise) [ 0.  0.  0.  0.  0.]
Cost (After Noise), [ 0.78  0.67  0.4   0.49  0.35]
Loss 0.539277363439 Loss Per Action [0.15760856469117898, 0.13464905113461861, 0.08016967584096589, 0.098207852905183232, 0.068642218866843255]
time spent 74.7602710724

Iteration 15

Weights [ 0.19552239  0.19738801  0.20419741  0.20171938  0.2011728 ] Sum of Weights 1.0
Maximum (Average) Accuracy of Classifier 0.4725
Cost (Before Noise) [ 0.  0.  0.  0.  0.]
Cost (After Noise), [ 0.35  0.39  0.81  0.59  0.46]
Loss 0.522367991019 Loss Per Action [0.068432837873263319, 0.076981322411073236, 0.16539990610660896, 0.11901443488818367, 0.092539489739401556]
time spent 70.4501440525

Iteration 16

Weights [ 0.20009734  0.20091338  0.19633278  0.19982607  0.20283043] Sum of Weights 1.0
Maximum (Average) Accuracy of Classifier 0.471176470588
Cost (Before Noise) [ 0.  0.  0.  0.  0.]
Cost (After Noise), [ 0.56  0.64  0.35  0.44  0.8 ]
Loss 0.55954336215 Loss Per Action [0.11205451201596607, 0.12858456297771217, 0.068716472526399841, 0.087923469849096603, 0.16226434478076676]
time spent 75.2545061111

Iteration 17

Weights [ 0.2000399   0.19868759  0.20194862  0.20304748  0.19627642] Sum of Weights 1.0
Maximum (Average) Accuracy of Classifier 0.469444444444
Cost (Before Noise) [ 0.  0.  0.  0.  0.]
Cost (After Noise), [ 0.46  0.4   0.59  0.82  0.35]
Loss 0.525838751521 Loss Per Action [0.092018354253999846, 0.079475034550446369, 0.11914968427588499, 0.16649893248545622, 0.068696745954954591]
time spent 71.1222031116

Iteration 18

Weights [ 0.20178206  0.20205599  0.20014626  0.1950532   0.20096249] Sum of Weights 1.0
Maximum (Average) Accuracy of Classifier 0.471578947368
Cost (Before Noise) [ 0.  0.  0.  0.  0.]
Cost (After Noise), [ 0.67  0.84  0.42  0.35  0.56]
Loss 0.569790056421 Loss Per Action [0.13519398011579664, 0.16972703184321838, 0.084061428608018393, 0.068268618740033218, 0.11253899711348896]
time spent 76.3602881432

Iteration 19

Weights [ 0.1990013   0.19472829  0.20419745  0.20090011  0.20117284] Sum of Weights 1.0
Maximum (Average) Accuracy of Classifier 0.4695
Cost (Before Noise) [ 0.  0.  0.  0.  0.]
Cost (After Noise), [ 0.38  0.35  0.81  0.46  0.6 ]
Loss 0.522293090777 Loss Per Action [0.075620494985856837, 0.068154901833787349, 0.16539993802836339, 0.092414050364856781, 0.12070370556428311]
time spent 70.9192810059

Iteration 20

Weights [ 0.20282684  0.19928109  0.1963293   0.20255186  0.19901092] Sum of Weights 1.0
Maximum (Average) Accuracy of Classifier 0.467142857143
Cost (Before Noise) [ 0.  0.  0.  0.  0.]
Cost (After Noise), [ 0.78  0.49  0.35  0.58  0.44]
Loss 0.529612801901 Loss Per Action [0.15820493147896916, 0.097647732960750189, 0.068715254331402562, 0.11748007866536964, 0.08756480446469872]
time spent 69.7923989296

Iteration 21

Weights [ 0.19601425  0.20031548  0.20113241  0.20113241  0.20140546] Sum of Weights 1.0
Maximum (Average) Accuracy of Classifier 0.471818181818
Cost (Before Noise) [ 0.  0.  0.  0.  0.]
Cost (After Noise), [ 0.35  0.39  0.6   0.46  0.8 ]
Loss 0.521052740592 Loss Per Action [0.068604987657795768, 0.078123037389883798, 0.12067944411745926, 0.092520907156718762, 0.16112436426992735]
time spent 68.4654941559

Iteration 22

Weights [ 0.20056676  0.20385863  0.19894081  0.20275538  0.19387842] Sum of Weights 1.0
Maximum (Average) Accuracy of Classifier 0.469565217391
Cost (Before Noise) [ 0.  0.  0.  0.  0.]
Cost (After Noise), [ 0.49  0.84  0.4   0.64  0.35]
Loss 0.546716176323 Loss Per Action [0.098277711371905815, 0.17124125047423119, 0.079576323517933784, 0.1297634434945853, 0.067857447464129944]
time spent 71.3291699886

Iteration 23

Weights [ 0.2020572   0.19584983  0.20288123  0.20014745  0.19906429] Sum of Weights 1.0
Maximum (Average) Accuracy of Classifier 0.47
Cost (Before Noise) [ 0.  0.  0.  0.  0.]
Cost (After Noise), [ 0.63  0.35  0.81  0.46  0.38]
Loss 0.527889528531 Loss Per Action [0.12729603458559999, 0.068547441376895751, 0.16433379403195719, 0.092067829136027818, 0.075644429400547275]
time spent 69.3682000637

Iteration 24

Weights [ 0.19922321  0.20057917  0.19521008  0.20194435  0.20304319] Sum of Weights 1.0
Maximum (Average) Accuracy of Classifier 0.468
Cost (Before Noise) [ 0.  0.  0.  0.  0.]
Cost (After Noise), [ 0.44  0.49  0.35  0.57  0.8 ]
Loss 0.531808366777 Loss Per Action [0.087658210857093216, 0.098283791450360022, 0.068323527782499616, 0.11510828231356676, 0.16243455437338358]
time spent 70.6200370789

Iteration 25

Weights [ 0.20167688  0.20167688  0.20004193  0.20085774  0.19574657] Sum of Weights 1.0
Maximum (Average) Accuracy of Classifier 0.470769230769
Cost (Before Noise) [ 0.  0.  0.  0.  0.]
Cost (After Noise), [ 0.78  0.67  0.4   0.49  0.35]
Loss 0.539379838839 Loss Per Action [0.15730796504223249, 0.13512350843371246, 0.080016771863563568, 0.098420292815486879, 0.068511300683972029]
time spent 71.7918269634

Iteration 26

Weights [ 0.19515225  0.19808634  0.20381085  0.2021586   0.20079196] Sum of Weights 1.0
Maximum (Average) Accuracy of Classifier 0.469259259259
Cost (Before Noise) [ 0.  0.  0.  0.  0.]
Cost (After Noise), [ 0.35  0.39  0.81  0.59  0.46]
Loss 0.522281623164 Loss Per Action [0.068303287207897162, 0.077253673359911179, 0.16508678643258204, 0.11927357355409057, 0.092364302609348511]
time spent 84.4545400143

Iteration 27

Weights [ 0.19971625  0.20162188  0.19595886  0.20025887  0.20244414] Sum of Weights 1.0
Maximum (Average) Accuracy of Classifier 0.468928571429
Cost (Before Noise) [ 0.  0.  0.  0.  0.]
Cost (After Noise), [ 0.44  0.64  0.35  0.49  0.8 ]
Loss 0.545580911428 Loss Per Action [0.087875151140149335, 0.12903800403860261, 0.068585600320063042, 0.098126847570482734, 0.16195530835863201]
time spent 122.795387983

Iteration 28

Weights [ 0.20255057  0.19900965  0.20118128  0.20172788  0.19553063] Sum of Weights 1.0
Maximum (Average) Accuracy of Classifier 0.469655172414
Cost (Before Noise) [ 0.  0.  0.  0.  0.]
Cost (After Noise), [ 0.78  0.4   0.46  0.58  0.35]
Loss 0.515574578118 Loss Per Action [0.15798944083322669, 0.079603858909027422, 0.092543388038267962, 0.11700216967741796, 0.068435720660439417]
time spent 115.615068913

Iteration 29

Weights [ 0.19537098  0.20211081  0.20265993  0.19992914  0.19992914] Sum of Weights 1.0
Maximum (Average) Accuracy of Classifier 0.471
Cost (Before Noise) [ 0.  0.  0.  0.  0.]
Cost (After Noise), [ 0.35  0.66  0.81  0.48  0.39]
Loss 0.539865872516 Loss Per Action [0.068379842909699742, 0.1333931319420861, 0.16415454481257868, 0.095965987780262871, 0.077972365071463531]
time spent 82.8698329926

Iteration 30

Weights [ 0.20041363  0.19878893  0.19531377  0.20150414  0.20397953] Sum of Weights 1.0
Maximum (Average) Accuracy of Classifier 0.468709677419
Cost (Before Noise) [ 0.  0.  0.  0.  0.]
Cost (After Noise), [ 0.47  0.44  0.35  0.57  0.8 ]
Loss 0.528062339889 Loss Per Action [0.094194407625952783, 0.087467127214042345, 0.068359818538583472, 0.11485736103973808, 0.16318362547100593]
time spent 76.2778279781

Iteration 31

Weights [ 0.20195443  0.20113416  0.20004566  0.20031723  0.19654853] Sum of Weights 1.0
Maximum (Average) Accuracy of Classifier 0.470625
Cost (Before Noise) [ 0.  0.  0.  0.  0.]
Cost (After Noise), [ 0.78  0.67  0.4   0.49  0.35]
Loss 0.53925003019 Loss Per Action [0.15752445309707314, 0.1347598884905673, 0.080018262109295135, 0.098155441926898096, 0.06879198456577007]
time spent 90.4957549572

Iteration 32

Weights [ 0.19541732  0.19754975  0.20381099  0.20161097  0.20161097] Sum of Weights 1.0
Maximum (Average) Accuracy of Classifier 0.470303030303
Cost (Before Noise) [ 0.  0.  0.  0.  0.]
Cost (After Noise), [ 0.35  0.39  0.81  0.46  0.6 ]
Loss 0.524234995773 Loss Per Action [0.068396060692481303, 0.077044401383595418, 0.16508690218751379, 0.09274104763597929, 0.12096658387301651]
time spent 67.6187589169

Iteration 33

Weights [ 0.20003998  0.20112846  0.1960104   0.20332321  0.19949795] Sum of Weights 1.0
Maximum (Average) Accuracy of Classifier 0.468823529412
Cost (Before Noise) [ 0.  0.  0.  0.  0.]
Cost (After Noise), [ 0.49  0.64  0.35  0.82  0.44]
Loss 0.549849573471 Loss Per Action [0.098019590546239752, 0.12872221214887969, 0.068603640208311209, 0.16672503089018895, 0.087779099677684505]
time spent 70.7989809513

Iteration 34

Weights [ 0.2016201   0.19863366  0.20134676  0.19595713  0.20244235] Sum of Weights 1.0
Maximum (Average) Accuracy of Classifier 0.469428571429
Cost (Before Noise) [ 0.  0.  0.  0.  0.]
Cost (After Noise), [ 0.63  0.42  0.47  0.35  0.8 ]
Loss 0.535618652114 Loss Per Action [0.12702066316544805, 0.083426139205721894, 0.094632977571398852, 0.068584994462082938, 0.16195387770969819]
time spent 70.2096459866

Iteration 35

Weights [ 0.19900716  0.20172536  0.20309835  0.20090602  0.19526311] Sum of Weights 1.0
Maximum (Average) Accuracy of Classifier 0.468888888889
Cost (Before Noise) [ 0.  0.  0.  0.  0.]
Cost (After Noise), [ 0.4   0.66  0.81  0.48  0.35]
Loss 0.542028242804 Loss Per Action [0.079602864489263458, 0.13313873677389512, 0.16450966245796197, 0.096434891529015854, 0.068342087553669648]
time spent 70.9160749912

Iteration 36

Weights [ 0.20282417  0.19846907  0.19579475  0.2025492   0.2003628 ] Sum of Weights 1.0
Maximum (Average) Accuracy of Classifier 0.468108108108
Cost (Before Noise) [ 0.  0.  0.  0.  0.]
Cost (After Noise), [ 0.78  0.44  0.35  0.58  0.47]
Loss 0.525706462272 Loss Per Action [0.15820285342006998, 0.087326392432276245, 0.068528163826904312, 0.11747853553696852, 0.094170517055659708]
time spent 68.8057320118

Iteration 37

Weights [ 0.19590719  0.20075002  0.20047786  0.20102255  0.20184236] Sum of Weights 1.0
Maximum (Average) Accuracy of Classifier 0.470526315789
Cost (Before Noise) [ 0.  0.  0.  0.  0.]
Cost (After Noise), [ 0.35  0.49  0.39  0.57  0.8 ]
Loss 0.521178143648 Loss Per Action [0.068567517522497207, 0.09836751203867844, 0.078186367221819736, 0.11458285574488242, 0.16147389112010002]
time spent 69.2086899281

Iteration 38

Weights [ 0.20046301  0.20155379  0.20402979  0.1996488   0.19430462] Sum of Weights 1.0
Maximum (Average) Accuracy of Classifier 0.469743589744
Cost (Before Noise) [ 0.  0.  0.  0.  0.]
Cost (After Noise), [ 0.54  0.66  0.81  0.4   0.35]
Loss 0.554405786887 Loss Per Action [0.10825002467104482, 0.13302549892123758, 0.16526412646852484, 0.079859520450232535, 0.068006616375748855]
time spent 71.9085869789

Iteration 39

Weights [ 0.20080261  0.19863507  0.19702478  0.20382165  0.1997159 ] Sum of Weights 1.0
Maximum (Average) Accuracy of Classifier 0.468
Cost (Before Noise) [ 0.  0.  0.  0.  0.]
Cost (After Noise), [ 0.58  0.44  0.35  0.82  0.47]
Loss 0.533823840808 Loss Per Action [0.11646551304011564, 0.087399428657135167, 0.068958671535938251, 0.16713375628996366, 0.093866471285052516]
time spent 70.0305011272

Iteration 40

Weights [ 0.19950055  0.20113107  0.20195132  0.19601295  0.20140412] Sum of Weights 1.0
Maximum (Average) Accuracy of Classifier 0.468536585366
Cost (Before Noise) [ 0.  0.  0.  0.  0.]
Cost (After Noise), [ 0.42  0.52  0.81  0.35  0.6 ]
Loss 0.541405957091 Loss Per Action [0.083790229135252817, 0.10458815609437376, 0.16358057075656068, 0.068604531462028093, 0.12084246964294269]
time spent 70.6290080547

Iteration 41

Weights [ 0.20276625  0.20166891  0.19467953  0.20112247  0.19976284] Sum of Weights 1.0
Maximum (Average) Accuracy of Classifier 0.468095238095
Cost (Before Noise) [ 0.  0.  0.  0.  0.]
Cost (After Noise), [ 0.78  0.67  0.35  0.49  0.44]
Loss 0.547859340029 Loss Per Action [0.15815767491921662, 0.13511817012772948, 0.068137836212437408, 0.098550010303859528, 0.087895648465571824]
time spent 72.6205971241

Iteration 42

Weights [ 0.19643574  0.19831006  0.19993086  0.20266167  0.20266167] Sum of Weights 1.0
Maximum (Average) Accuracy of Classifier 0.467674418605
Cost (Before Noise) [ 0.  0.  0.  0.  0.]
Cost (After Noise), [ 0.35  0.39  0.46  0.82  0.57]
Loss 0.519761350166 Loss Per Action [0.068752507702451435, 0.077340924715326595, 0.091968194394192043, 0.16618257061194813, 0.11551715274245164]
time spent 69.442866087

Iteration 43

Weights [ 0.20095987  0.20177943  0.20150587  0.19452214  0.20123269] Sum of Weights 1.0
Maximum (Average) Accuracy of Classifier 0.469545454545
Cost (Before Noise) [ 0.  0.  0.  0.  0.]
Cost (After Noise), [ 0.42  0.84  0.66  0.35  0.52]
Loss 0.559615486932 Loss Per Action [0.084403146385250719, 0.16949471841083613, 0.13299387499588483, 0.068082750110599569, 0.10464099702969659]
time spent 90.3552348614

Iteration 44

Weights [ 0.20474487  0.19419366  0.19872435  0.20007692  0.2022602 ] Sum of Weights 1.0
Maximum (Average) Accuracy of Classifier 0.468
Cost (Before Noise) [ 0.  0.  0.  0.  0.]
Cost (After Noise), [ 0.78  0.35  0.38  0.47  0.63]
Loss 0.524644110822 Loss Per Action [0.15970100082751817, 0.067967781000255356, 0.075515254388865749, 0.094036151496502546, 0.12742392310886891]
time spent 91.0622839928

Iteration 45

Weights [ 0.19772581  0.19880169  0.20261359  0.20151708  0.19934183] Sum of Weights 1.0
Maximum (Average) Accuracy of Classifier 0.468043478261
Cost (Before Noise) [ 0.  0.  0.  0.  0.]
Cost (After Noise), [ 0.35  0.39  0.81  0.59  0.46]
Loss 0.521446021694 Loss Per Action [0.069204032442048619, 0.077532659357504988, 0.16411701180278299, 0.11889507820633281, 0.091697239885732779]
time spent 89.3533380032

Iteration 46

Weights [ 0.2023271   0.2023271   0.19478569  0.19960079  0.20095932] Sum of Weights 1.0
Maximum (Average) Accuracy of Classifier 0.467872340426
Cost (Before Noise) [ 0.  0.  0.  0.  0.]
Cost (After Noise), [ 0.67  0.84  0.35  0.44  0.56]
Loss 0.574050479539 Loss Per Action [0.13555915642915264, 0.16995476328431083, 0.068174989882195017, 0.087824349063047383, 0.11253722088067984]
time spent 96.5482699871

Iteration 47

Weights [ 0.19965627  0.19510433  0.20074265  0.20320869  0.20128806] Sum of Weights 1.0
Maximum (Average) Accuracy of Classifier 0.468333333333
Cost (Before Noise) [ 0.  0.  0.  0.  0.]
Cost (After Noise), [ 0.38  0.35  0.46  0.82  0.57]
Loss 0.517862837963 Loss Per Action [0.075869381292139132, 0.06828651421519015, 0.092341621039582614, 0.16663112543595227, 0.11473419597994457]
time spent 88.4678139687

Iteration 48

Weights [ 0.20337152  0.19954536  0.20227091  0.19499595  0.19981626] Sum of Weights 1.0
Maximum (Average) Accuracy of Classifier 0.467755102041
Cost (Before Noise) [ 0.  0.  0.  0.  0.]
Cost (After Noise), [ 0.78  0.42  0.63  0.35  0.47]
Loss 0.532031736237 Loss Per Action [0.15862978925592019, 0.083809051658208025, 0.1274306731591745, 0.068248582283980716, 0.09391363987946047]
time spent 90.2459471226

Iteration 49

Weights [ 0.19660025  0.20255641  0.19955611  0.19982702  0.20146021] Sum of Weights 1.0
Maximum (Average) Accuracy of Classifier 0.4684
Cost (Before Noise) [ 0.  0.  0.  0.  0.]
Cost (After Noise), [ 0.35  0.84  0.39  0.49  0.64]
Loss 0.543634131066 Loss Per Action [0.068810086332924264, 0.17014738799729512, 0.077826882873894929, 0.097915239063494766, 0.12893453479809019]
time spent 92.5747880936

Iteration 50

Weights [ 0.20177345  0.19451638  0.20369871  0.20122672  0.19878474] Sum of Weights 1.0
Maximum (Average) Accuracy of Classifier 0.468039215686
Cost (Before Noise) [ 0.  0.  0.  0.  0.]
Cost (After Noise), [ 0.63  0.35  0.81  0.46  0.38]
Loss 0.52829645226 Loss Per Action [0.1271172724231989, 0.068080732931961929, 0.16499595195268563, 0.092564293226665595, 0.075538201725684775]
time spent 89.7108960152

Iteration 51

Weights [ 0.19895438  0.19922448  0.19600743  0.20304449  0.20276922] Sum of Weights 1.0
Maximum (Average) Accuracy of Classifier 0.467115384615
Cost (Before Noise) [ 0.  0.  0.  0.  0.]
Cost (After Noise), [ 0.44  0.49  0.35  0.82  0.57]
Loss 0.53583745811 Loss Per Action [0.087539929331347507, 0.097619993500887223, 0.068602602055228973, 0.16649647963356137, 0.11557845358859273]
time spent 89.9565751553

Iteration 52

Weights [ 0.20151071  0.20042017  0.2009647   0.19532014  0.20178428] Sum of Weights 1.0
Maximum (Average) Accuracy of Classifier 0.468301886792
Cost (Before Noise) [ 0.  0.  0.  0.  0.]
Cost (After Noise), [ 0.63  0.42  0.47  0.35  0.8 ]
Loss 0.535371100479 Loss Per Action [0.12695174997764688, 0.084176471297065472, 0.094453410065726731, 0.068362048100055139, 0.16142742103889313]
time spent 91.0249829292

Iteration 53

Weights [ 0.1988926   0.20353292  0.20270625  0.20024631  0.19462192] Sum of Weights 1.0
Maximum (Average) Accuracy of Classifier 0.467592592593
Cost (Before Noise) [ 0.  0.  0.  0.  0.]
Cost (After Noise), [ 0.4   0.84  0.66  0.48  0.35]
Loss 0.548546718917 Loss Per Action [0.079557039763104506, 0.17096765538936334, 0.13378612281335217, 0.096118228296218161, 0.068117672655309033]
time spent 81.0562171936

Iteration 54

Weights [ 0.20288042  0.19558354  0.19960434  0.20205639  0.19987531] Sum of Weights 1.0
Maximum (Average) Accuracy of Classifier 0.468181818182
Cost (Before Noise) [ 0.  0.  0.  0.  0.]
Cost (After Noise), [ 0.78  0.35  0.38  0.58  0.47]
Loss 0.513684717732 Loss Per Action [0.15824672596543812, 0.068454237490003553, 0.075849649318584095, 0.11719270721293749, 0.093941397745139335]
time spent 69.1338050365

Iteration 55

Weights [ 0.19563748  0.19993045  0.20321188  0.20020186  0.20101833] Sum of Weights 1.0
Maximum (Average) Accuracy of Classifier 0.468571428571
Cost (Before Noise) [ 0.  0.  0.  0.  0.]
Cost (After Noise), [ 0.35  0.39  0.81  0.46  0.6 ]
Loss 0.523751468155 Loss Per Action [0.068473119649671621, 0.077972874410763449, 0.16460162048779431, 0.092092857419164231, 0.12061099618766206]
time spent 70.0613040924

Iteration 56

Weights [ 0.20025224  0.20353895  0.19542142  0.20188891  0.19889849] Sum of Weights 1.0
Maximum (Average) Accuracy of Classifier 0.467192982456
Cost (Before Noise) [ 0.  0.  0.  0.  0.]
Cost (After Noise), [ 0.49  0.84  0.35  0.64  0.44]
Loss 0.554218045885 Loss Per Action [0.098123597004713348, 0.17097271820393642, 0.068397495448961079, 0.12920889999884394, 0.087515335228391514]
time spent 72.2245309353

Iteration 57

Weights [ 0.20194955  0.19574549  0.20085663  0.19949879  0.20194955] Sum of Weights 1.0
Maximum (Average) Accuracy of Classifier 0.468275862069
Cost (Before Noise) [ 0.  0.  0.  0.  0.]
Cost (After Noise), [ 0.78  0.35  0.47  0.38  0.63]
Loss 0.523471936987 Loss Per Action [0.15752064624104914, 0.068510920922727106, 0.09440261472581854, 0.075809540826002497, 0.12722821427161621]
time spent 69.7119591236

Iteration 58

Weights [ 0.19499552  0.2003587   0.20227046  0.20337108  0.19900424] Sum of Weights 1.0
Maximum (Average) Accuracy of Classifier 0.467966101695
Cost (Before Noise) [ 0.  0.  0.  0.  0.]
Cost (After Noise), [ 0.35  0.48  0.59  0.82  0.39]
Loss 0.52813611821 Loss Per Action [0.068248431794290271, 0.096172178385560747, 0.11933957362103642, 0.16676428252352143, 0.077611651886011837]
time spent 71.1354780197

Iteration 59

Weights [ 0.19971311  0.20161871  0.20052758  0.19542482  0.20271578] Sum of Weights 1.0
Maximum (Average) Accuracy of Classifier 0.468
Cost (Before Noise) [ 0.  0.  0.  0.  0.]
Cost (After Noise), [ 0.42  0.64  0.52  0.35  0.8 ]
Loss 0.547761132925 Loss Per Action [0.083879507241595916, 0.12903597519175644, 0.10427434278507351, 0.068398685830409311, 0.16217262187647236]
time spent 91.7874660492

Iteration 60

Weights [ 0.20315695  0.19906458  0.20123681  0.20069154  0.19585012] Sum of Weights 1.0
Maximum (Average) Accuracy of Classifier 0.467704918033
Cost (Before Noise) [ 0.  0.  0.  0.  0.]
Cost (After Noise), [ 0.78  0.4   0.63  0.46  0.35]
Loss 0.525733093194 Loss Per Action [0.15846241952473913, 0.079625832079779954, 0.12677919074696875, 0.092318108811152502, 0.068547542031019176]
time spent 87.7591240406

Iteration 61

Weights [ 0.19622292  0.20244211  0.19836414  0.20244211  0.20052873] Sum of Weights 1.0
Maximum (Average) Accuracy of Classifier 0.467580645161
Cost (Before Noise) [ 0.  0.  0.  0.  0.]
Cost (After Noise), [ 0.35  0.84  0.39  0.64  0.49]
Loss 0.543913431473 Loss Per Action [0.068678021251831936, 0.17005137061158448, 0.077362014449158092, 0.12956294903739751, 0.098259076123439523]
time spent 91.0945720673

Iteration 62

Weights [ 0.2013939   0.19441405  0.20248974  0.19976124  0.20194107] Sum of Weights 1.0
Maximum (Average) Accuracy of Classifier 0.468412698413
Cost (Before Noise) [ 0.  0.  0.  0.  0.]
Cost (After Noise), [ 0.47  0.35  0.81  0.38  0.6 ]
Loss 0.523790653292 Loss Per Action [0.094655131200678144, 0.068044917127230375, 0.16401668858668034, 0.075909271824241092, 0.12116464455285549]
time spent 87.9931159019

Iteration 63

Weights [ 0.20281629  0.19900057  0.19472758  0.20364342  0.19981214] Sum of Weights 1.0
Maximum (Average) Accuracy of Classifier 0.4671875
Cost (Before Noise) [ 0.  0.  0.  0.  0.]
Cost (After Noise), [ 0.58  0.44  0.35  0.82  0.47]
Loss 0.534247661487 Loss Per Action [0.11763344933634484, 0.087560252703117292, 0.068154652412763736, 0.16698760205595073, 0.093911704978408395]
time spent 89.419064045

Iteration 64

Weights [ 0.20151291  0.20151291  0.19960831  0.19585295  0.20151291] Sum of Weights 1.0
Maximum (Average) Accuracy of Classifier 0.467846153846
Cost (Before Noise) [ 0.  0.  0.  0.  0.]
Cost (After Noise), [ 0.67  0.84  0.42  0.35  0.56]
Loss 0.569515752469 Loss Per Action [0.13501365122771292, 0.16927084631534162, 0.083835491662281533, 0.06854853238725514, 0.11284723087689433]
time spent 94.4375910759

Iteration 65

Weights [ 0.1987285   0.19419771  0.20364107  0.20171636  0.20171636] Sum of Weights 1.0
Maximum (Average) Accuracy of Classifier 0.467878787879
Cost (Before Noise) [ 0.  0.  0.  0.  0.]
Cost (After Noise), [ 0.38  0.35  0.81  0.46  0.6 ]
Loss 0.522254637786 Loss Per Action [0.075516829327534965, 0.067969198529566788, 0.16494926882947492, 0.092789525382922969, 0.12102981571685612]
time spent 80.9092001915

Iteration 66

Weights [ 0.20254784  0.19873718  0.19579344  0.20337387  0.19954767] Sum of Weights 1.0
Maximum (Average) Accuracy of Classifier 0.46671641791
Cost (Before Noise) [ 0.  0.  0.  0.  0.]
Cost (After Noise), [ 0.58  0.44  0.35  0.82  0.47]
Loss 0.534003789959 Loss Per Action [0.11747774885851445, 0.08744435732419456, 0.068527704937714526, 0.16676657606735182, 0.093787402771668055]
time spent 69.9522631168

Iteration 67

Weights [ 0.20123951  0.20123951  0.20069423  0.19558723  0.20123951] Sum of Weights 1.0
Maximum (Average) Accuracy of Classifier 0.468088235294
Cost (Before Noise) [ 0.  0.  0.  0.  0.]
Cost (After Noise), [ 0.56  0.64  0.42  0.35  0.8 ]
Loss 0.555226132974 Loss Per Action [0.11269412679319304, 0.12879328776364923, 0.084291578698020037, 0.068455530014412944, 0.16099160970456161]
time spent 72.4666519165

Iteration 68

Weights [ 0.20106227  0.19889192  0.20436228  0.20106227  0.19462126] Sum of Weights 1.0
Maximum (Average) Accuracy of Classifier 0.467391304348
Cost (Before Noise) [ 0.  0.  0.  0.  0.]
Cost (After Noise), [ 0.63  0.4   0.81  0.46  0.35]
Loss 0.53236552853 Loss Per Action [0.12666923004103922, 0.079556769383811163, 0.16553344379443113, 0.092488644156949157, 0.068117441153379921]
time spent 69.0807108879

Iteration 69

Weights [ 0.19836455  0.20244253  0.19675645  0.20299256  0.19944391] Sum of Weights 1.0
Maximum (Average) Accuracy of Classifier 0.466714285714
Cost (Before Noise) [ 0.  0.  0.  0.  0.]
Cost (After Noise), [ 0.44  0.64  0.35  0.82  0.49]
Loss 0.549889791149 Loss Per Action [0.0872804025660079, 0.12956321792464803, 0.068864759238702819, 0.16645389524391838, 0.097727516175930396]
time spent 71.9950509071

Iteration 70

Weights [ 0.20129331  0.19993253  0.20211423  0.19563952  0.20102042] Sum of Weights 1.0
Maximum (Average) Accuracy of Classifier 0.467183098592
Cost (Before Noise) [ 0.  0.  0.  0.  0.]
Cost (After Noise), [ 0.63  0.42  0.81  0.35  0.47]
Loss 0.537452398803 Loss Per Action [0.12681478711837449, 0.083971660653034338, 0.16371252391608199, 0.068473831386749062, 0.094479595728951718]
time spent 70.3480119705

Iteration 71

Weights [ 0.19873212  0.20309299  0.19472888  0.20062836  0.20281765] Sum of Weights 1.0
Maximum (Average) Accuracy of Classifier 0.466527777778
Cost (Before Noise) [ 0.  0.  0.  0.  0.]
Cost (After Noise), [ 0.44  0.84  0.35  0.49  0.64]
Loss 0.554306543951 Loss Per Action [0.087442132241143014, 0.17059811007816364, 0.068155109408730277, 0.098307895007339788, 0.1298032972153981]
time spent 72.1586000919

Iteration 72

Weights [ 0.20178316  0.19531905  0.20014735  0.20233139  0.20041906] Sum of Weights 1.0
Maximum (Average) Accuracy of Classifier 0.467534246575
Cost (Before Noise) [ 0.  0.  0.  0.  0.]
Cost (After Noise), [ 0.58  0.35  0.38  0.82  0.47]
Loss 0.521560586579 Loss Per Action [0.1170342300629961, 0.06836166831298876, 0.076055991144464208, 0.16591174059005315, 0.094196956468358697]
time spent 99.7050850391

Iteration 73

Weights [ 0.20013662  0.1998653   0.20397412  0.19425161  0.20177235] Sum of Weights 1.0
Maximum (Average) Accuracy of Classifier 0.467027027027
Cost (Before Noise) [ 0.  0.  0.  0.  0.]
Cost (After Noise), [ 0.47  0.42  0.81  0.35  0.6 ]
Loss 0.532278149358 Loss Per Action [0.094064213165111127, 0.083943424091132826, 0.1652190408138412, 0.067988063511992852, 0.12106340777614112]
time spent 80.5415158272

Iteration 74

Weights [ 0.20178592  0.2028839   0.19638453  0.19906691  0.19987874] Sum of Weights 1.0
Maximum (Average) Accuracy of Classifier 0.4664
Cost (Before Noise) [ 0.  0.  0.  0.  0.]
Cost (After Noise), [ 0.67  0.84  0.35  0.44  0.56]
Loss 0.573875161892 Loss Per Action [0.13519656719720144, 0.17042247359454232, 0.068734586208477236, 0.08758943934457307, 0.11193209554702782]
time spent 74.057806015

Iteration 75

Weights [ 0.19911731  0.19563641  0.20238539  0.20266014  0.20020076] Sum of Weights 1.0
Maximum (Average) Accuracy of Classifier 0.466710526316
Cost (Before Noise) [ 0.  0.  0.  0.  0.]
Cost (After Noise), [ 0.38  0.35  0.59  0.82  0.46]
Loss 0.521818361395 Loss Per Action [0.075664575994537978, 0.068472742238479253, 0.11940737963038422, 0.1661813137114686, 0.09209234982033869]
time spent 83.4697139263

Iteration 76

Weights [ 0.20293055  0.20019611  0.20046789  0.19457313  0.20183232] Sum of Weights 1.0
Maximum (Average) Accuracy of Classifier 0.466883116883
Cost (Before Noise) [ 0.  0.  0.  0.  0.]
Cost (After Noise), [ 0.78  0.42  0.47  0.35  0.63]
Loss 0.5318430594 Loss Per Action [0.15828582737423572, 0.084082366525613558, 0.094219907442729331, 0.068100596770699712, 0.12715436128654495]
time spent 87.9925830364

Iteration 77

Weights [ 0.19616899  0.20321185  0.2021121   0.19938869  0.19911837] Sum of Weights 1.0
Maximum (Average) Accuracy of Classifier 0.466794871795
Cost (Before Noise) [ 0.  0.  0.  0.  0.]
Cost (After Noise), [ 0.35  0.84  0.66  0.48  0.39]
Loss 0.546113819609 Loss Per Action [0.068659147978680987, 0.17069795186103928, 0.13339398381622034, 0.095706570226262763, 0.077656165726992549]
time spent 90.4789791107

Iteration 78

Weights [ 0.2013965   0.19520943  0.19895245  0.20112346  0.20331816] Sum of Weights 1.0
Maximum (Average) Accuracy of Classifier 0.466708860759
Cost (Before Noise) [ 0.  0.  0.  0.  0.]
Cost (After Noise), [ 0.63  0.35  0.38  0.47  0.8 ]
Loss 0.527987579456 Loss Per Action [0.12687979330314114, 0.068323300263617007, 0.075601932523194096, 0.09452802665878382, 0.1626545267074124]
time spent 89.0966010094

Iteration 79

Weights [ 0.19857688  0.19992844  0.20293434  0.20265922  0.19590111] Sum of Weights 1.0
Maximum (Average) Accuracy of Classifier 0.466375
Cost (Before Noise) [ 0.  0.  0.  0.  0.]
Cost (After Noise), [ 0.4   0.48  0.81  0.59  0.35]
Loss 0.527907553557 Loss Per Action [0.079430752567229729, 0.095965652212943647, 0.16437681899106021, 0.11956894169977436, 0.06856538808639176]
time spent 89.92238307

Iteration 80

Weights [ 0.2020031   0.20118264  0.19526686  0.20090989  0.20063751] Sum of Weights 1.0
Maximum (Average) Accuracy of Classifier 0.466913580247
Cost (Before Noise) [ 0.  0.  0.  0.  0.]
Cost (After Noise), [ 0.78  0.67  0.35  0.49  0.44]
Loss 0.547424536385 Loss Per Action [0.15756241680309632, 0.13479236589131241, 0.068343402391849523, 0.098445845739244656, 0.088280505559549152]
time spent 91.032572031

Iteration 81

Weights [ 0.1956849   0.19782025  0.20052223  0.20243555  0.20353706] Sum of Weights 1.0
Maximum (Average) Accuracy of Classifier 0.466463414634
Cost (Before Noise) [ 0.  0.  0.  0.  0.]
Cost (After Noise), [ 0.35  0.39  0.46  0.57  0.8 ]
Loss 0.516097756651 Loss Per Action [0.068489714342812841, 0.07714989707083432, 0.092240227932364416, 0.11538826565345145, 0.16282965165163416]
time spent 87.0481100082

Iteration 82

Weights [ 0.20009649  0.20118527  0.20200575  0.20091252  0.19579996] Sum of Weights 1.0
Maximum (Average) Accuracy of Classifier 0.467228915663
Cost (Before Noise) [ 0.  0.  0.  0.  0.]
Cost (After Noise), [ 0.4   0.66  0.81  0.48  0.35]
Loss 0.541413531626 Loss Per Action [0.080038596355347325, 0.13278228094080372, 0.16362465565309409, 0.096438011606772109, 0.068529987070389001]
time spent 74.990445137

Iteration 83

Weights [ 0.20391747  0.19792128  0.19472529  0.20253895  0.20089701] Sum of Weights 1.0
Maximum (Average) Accuracy of Classifier 0.466666666667
Cost (Before Noise) [ 0.  0.  0.  0.  0.]
Cost (After Noise), [ 0.78  0.44  0.35  0.58  0.47]
Loss 0.526189028174 Loss Per Action [0.15905562964628858, 0.087085365116398764, 0.068153850095257359, 0.11747258895375161, 0.094421594361888961]
time spent 69.5882091522

Iteration 84

Weights [ 0.19697604  0.20020898  0.19939581  0.20102547  0.2023937 ] Sum of Weights 1.0
Maximum (Average) Accuracy of Classifier 0.467058823529
Cost (Before Noise) [ 0.  0.  0.  0.  0.]
Cost (After Noise), [ 0.35  0.49  0.39  0.57  0.8 ]
Loss 0.521307858359 Loss Per Action [0.068941614454846908, 0.098102400687436489, 0.077764364042750597, 0.11458451963519697, 0.16191495953891355]
time spent 68.707215786

Iteration 85

Weights [ 0.20156016  0.20101401  0.20293202  0.19965511  0.19483869] Sum of Weights 1.0
Maximum (Average) Accuracy of Classifier 0.467209302326
Cost (Before Noise) [ 0.  0.  0.  0.  0.]
Cost (After Noise), [ 0.63  0.54  0.81  0.4   0.35]
Loss 0.547960992885 Loss Per Action [0.12698289946353444, 0.10854756643885032, 0.16437493899294636, 0.079862045015368685, 0.068193542973875712]
time spent 71.2349510193

Iteration 86

Weights [ 0.19927934  0.2011808   0.19579561  0.20365222  0.20009204] Sum of Weights 1.0
Maximum (Average) Accuracy of Classifier 0.466436781609
Cost (Before Noise) [ 0.  0.  0.  0.  0.]
Cost (After Noise), [ 0.44  0.64  0.35  0.82  0.49]
Loss 0.550006999129 Loss Per Action [0.087682909027998107, 0.12875571105677228, 0.068528462532227455, 0.16699481716561551, 0.098045099346784306]
time spent 72.0074081421

Iteration 87

Weights [ 0.2022248   0.19868958  0.20113039  0.19627838  0.20167685] Sum of Weights 1.0
Maximum (Average) Accuracy of Classifier 0.466704545455
Cost (Before Noise) [ 0.  0.  0.  0.  0.]
Cost (After Noise), [ 0.78  0.42  0.47  0.35  0.63]
Loss 0.531470099347 Loss Per Action [0.15773534326986488, 0.083449621959669984, 0.094531283325000506, 0.068697433905206287, 0.1270564168873369]
time spent 69.805768013

Iteration 88

Weights [ 0.19547688  0.20167242  0.20276978  0.20112597  0.19895494] Sum of Weights 1.0
Maximum (Average) Accuracy of Classifier 0.466741573034
Cost (Before Noise) [ 0.  0.  0.  0.  0.]
Cost (After Noise), [ 0.35  0.66  0.81  0.48  0.39]
Loss 0.539897125656 Loss Per Action [0.068416907809877248, 0.13310379993285679, 0.16424352383853516, 0.096540467515202733, 0.077592426559361979]
time spent 70.7548670769

Iteration 89

Weights [ 0.20052314  0.19835861  0.19542049  0.20271129  0.20298648] Sum of Weights 1.0
Maximum (Average) Accuracy of Classifier 0.466444444444
Cost (Before Noise) [ 0.  0.  0.  0.  0.]
Cost (After Noise), [ 0.47  0.44  0.35  0.57  0.8 ]
Loss 0.527855449348 Loss Per Action [0.094245875269118623, 0.087277789288499039, 0.068397170211958819, 0.11554543270635777, 0.16238918187246876]
time spent 69.6407709122

Iteration 90

Weights [ 0.20205923  0.20069327  0.20014947  0.20151174  0.19558629] Sum of Weights 1.0
Maximum (Average) Accuracy of Classifier 0.467142857143
Cost (Before Noise) [ 0.  0.  0.  0.  0.]
Cost (After Noise), [ 0.78  0.49  0.4   0.58  0.35]
Loss 0.521337701561 Loss Per Action [0.15760620299844955, 0.09833970195229351, 0.080059788900260831, 0.11687680709102398, 0.06845520061860258]
time spent 77.1001319885

Iteration 91

Weights [ 0.19505045  0.20150566  0.20342836  0.1998721   0.20014344] Sum of Weights 1.0
Maximum (Average) Accuracy of Classifier 0.467282608696
Cost (Before Noise) [ 0.  0.  0.  0.  0.]
Cost (After Noise), [ 0.35  0.66  0.81  0.39  0.52]
Loss 0.548063068574 Loss Per Action [0.068267655916246756, 0.13299373484993851, 0.16477697283602746, 0.07795011833695846, 0.10407458663451866]
time spent 90.6800189018

Iteration 92

Weights [ 0.20030864  0.19841542  0.19627364  0.20414943  0.20085287] Sum of Weights 1.0
Maximum (Average) Accuracy of Classifier 0.466451612903
Cost (Before Noise) [ 0.  0.  0.  0.  0.]
Cost (After Noise), [ 0.47  0.44  0.35  0.82  0.57]
Loss 0.532032288901 Loss Per Action [0.094145058923303937, 0.087302784546005693, 0.068695775448000929, 0.1674025366553954, 0.11448613332786389]
time spent 89.3879611492

Iteration 93

Weights [ 0.2019531   0.20086016  0.20113284  0.19628077  0.19977313] Sum of Weights 1.0
Maximum (Average) Accuracy of Classifier 0.466808510638
Cost (Before Noise) [ 0.  0.  0.  0.  0.]
Cost (After Noise), [ 0.78  0.54  0.63  0.35  0.42]
Loss 0.545304576045 Loss Per Action [0.15752341596453978, 0.10846448574481644, 0.12671368773191558, 0.068698269905045489, 0.083904716698272638]
time spent 90.2532761097

Iteration 94

Weights [ 0.1955826   0.20096193  0.19879267  0.20150794  0.20315487] Sum of Weights 1.0
Maximum (Average) Accuracy of Classifier 0.466631578947
Cost (Before Noise) [ 0.  0.  0.  0.  0.]
Cost (After Noise), [ 0.35  0.49  0.39  0.57  0.8 ]
Loss 0.521837812747 Loss Per Action [0.068453909540867219, 0.098471346366861598, 0.077529140523273574, 0.11485952341468883, 0.16252389290178285]
time spent 87.8670380116

Iteration 95

Weights [ 0.20014866  0.20178448  0.20233272  0.20014866  0.19558549] Sum of Weights 1.0
Maximum (Average) Accuracy of Classifier 0.4671875
Cost (Before Noise) [ 0.  0.  0.  0.  0.]
Cost (After Noise), [ 0.54  0.66  0.81  0.4   0.35]
Loss 0.553661915747 Loss Per Action [0.1080802747944898, 0.13317775542266402, 0.16388950092317947, 0.080059462810733117, 0.068454921795433804]
time spent 91.7599701881

Iteration 96

Weights [ 0.20046758  0.19884243  0.19536634  0.20431142  0.20101224] Sum of Weights 1.0
Maximum (Average) Accuracy of Classifier 0.466391752577
Cost (Before Noise) [ 0.  0.  0.  0.  0.]
Cost (After Noise), [ 0.47  0.44  0.35  0.82  0.57]
Loss 0.532200987948 Loss Per Action [0.094219760332668892, 0.087490669253102421, 0.068378217788329393, 0.1675353657763545, 0.1145769747975081]
time spent 88.8235778809

Iteration 97

Weights [ 0.20211799  0.20129706  0.20020767  0.19644103  0.19993625] Sum of Weights 1.0
Maximum (Average) Accuracy of Classifier 0.466734693878
Cost (Before Noise) [ 0.  0.  0.  0.  0.]
Cost (After Noise), [ 0.78  0.67  0.54  0.35  0.42]
Loss 0.553360789559 Loss Per Action [0.15765203174018588, 0.13486903017226595, 0.10811214273254147, 0.068754361129421737, 0.083973223784361603]
time spent 91.3137879372

Iteration 98

Weights [ 0.19595336  0.19809164  0.2005251   0.20188993  0.20353998] Sum of Weights 1.0
Maximum (Average) Accuracy of Classifier 0.466363636364
Cost (Before Noise) [ 0.  0.  0.  0.  0.]
Cost (After Noise), [ 0.35  0.39  0.46  0.57  0.8 ]
Loss 0.515990200559 Loss Per Action [0.068583674573097136, 0.077255738103531632, 0.092241548158714409, 0.11507725750552143, 0.16283198221825845]
time spent 86.8892219067

Iteration 99

Weights [ 0.20036806  0.20145832  0.20200567  0.20036806  0.19579989] Sum of Weights 1.0
Maximum (Average) Accuracy of Classifier 0.4671
Cost (Before Noise) [ 0.  0.  0.  0.  0.]
Cost (After Noise), [ 0.54  0.66  0.81  0.4   0.35]
Loss 0.553463022606 Loss Per Action [0.10819875167524294, 0.13296249093700438, 0.16362459490333198, 0.080147223463142833, 0.068529961626910274]
time spent 92.2830998898

finished running MWU 
Success
