binary CLASSIFICATION: 

Noise Function greedyAscent
Iters 100 
Alpha 0.5
Data path : binary_data_2
Num Classifiers : 5
Model 0, Test Accuracy 0.959819186339
Model 1, Test Accuracy 0.96082370668
Model 2, Test Accuracy 0.954796584631
Model 3, Test Accuracy 0.960321446509
Model 4, Test Accuracy 0.953792064289
Num Points 100


Running MWU for 100 Iterations with Epsilon 0.126863624118

Guaranteed to be within 0.253727248236 of the minimax value 

Iteration 0

Weights [ 0.2  0.2  0.2  0.2  0.2] Sum of Weights 1.0
Maximum (Average) Accuracy of Classifier 0.67
Cost (Before Noise) [ 0.  0.  0.  0.  0.]
Cost (After Noise), [ 0.69  0.67  0.58  0.57  0.33]
Loss 0.568 Loss Per Action [0.13799999999999998, 0.13399999999999998, 0.11600000000000002, 0.11400000000000002, 0.065999999999999989]
time spent 87.8777630329

Iteration 1

Weights [ 0.19668716  0.19722156  0.19964434  0.19991536  0.20653158] Sum of Weights 1.0
Maximum (Average) Accuracy of Classifier 0.49
Cost (Before Noise) [ 0.  0.  0.  0.  0.]
Cost (After Noise), [ 0.33  0.37  0.46  0.68  0.71]
Loss 0.512295003956 Loss Per Action [0.064906764429137426, 0.072971975366486933, 0.09183639410509481, 0.1359424470748791, 0.14663742298014384]
time spent 83.3879539967

Iteration 2

Weights [ 0.20156615  0.20101999  0.20101999  0.19537387  0.20101999] Sum of Weights 1.0
Maximum (Average) Accuracy of Classifier 0.51
Cost (Before Noise) [ 0.  0.  0.  0.  0.]
Cost (After Noise), [ 0.69  0.67  0.43  0.39  0.52]
Loss 0.540928841993 Loss Per Action [0.13908064578467511, 0.13468339404444579, 0.086438596177778645, 0.076195810608659528, 0.10453039537777883]
time spent 80.5072960854

Iteration 3

Weights [ 0.19750376  0.19750376  0.20404017  0.19938828  0.20156404] Sum of Weights 1.0
Maximum (Average) Accuracy of Classifier 0.48
Cost (Before Noise) [ 0.  0.  0.  0.  0.]
Cost (After Noise), [ 0.39  0.37  0.66  0.55  0.62]
Loss 0.519402622845 Loss Per Action [0.077026466055486534, 0.073076390873153887, 0.13466650900416105, 0.10966355231114001, 0.12496970460133369]
time spent 82.1140940189

Iteration 4

Weights [ 0.20097572  0.20152176  0.20015943  0.19853678  0.19880631] Sum of Weights 1.0
Maximum (Average) Accuracy of Classifier 0.484
Cost (Before Noise) [ 0.  0.  0.  0.  0.]
Cost (After Noise), [ 0.65  0.71  0.58  0.39  0.42]
Loss 0.550735131505 Loss Per Action [0.13063421763543404, 0.14308045056206015, 0.11609246909298505, 0.077429345168227415, 0.083498649046074458]
time spent 81.2400269508

Iteration 5

Weights [ 0.19825857  0.19718562  0.19933735  0.2028841   0.20233436] Sum of Weights 1.0
Maximum (Average) Accuracy of Classifier 0.476666666667
Cost (Before Noise) [ 0.  0.  0.  0.  0.]
Cost (After Noise), [ 0.39  0.37  0.46  0.75  0.64]
Loss 0.523631768285 Loss Per Action [0.077320840952901468, 0.072958680201326148, 0.091695180599253745, 0.15216307329459855, 0.12949399323738148]
time spent 74.9476690292

Iteration 6

Weights [ 0.20184456  0.20129765  0.20102474  0.19670829  0.19912476] Sum of Weights 1.0
Maximum (Average) Accuracy of Classifier 0.477142857143
Cost (Before Noise) [ 0.  0.  0.  0.  0.]
Cost (After Noise), [ 0.69  0.67  0.58  0.39  0.42]
Loss 0.551085154487 Loss Per Action [0.13927274884312035, 0.13486942346479935, 0.11659435189403186, 0.076716231185266215, 0.08363239909985104]
time spent 76.6505768299

Iteration 7

Weights [ 0.19804812  0.19804812  0.20020926  0.20102575  0.20266874] Sum of Weights 1.0
Maximum (Average) Accuracy of Classifier 0.475
Cost (Before Noise) [ 0.  0.  0.  0.  0.]
Cost (After Noise), [ 0.39  0.37  0.46  0.68  0.71]
Loss 0.523205152051 Loss Per Action [0.077238767427006319, 0.073277804994852119, 0.092096259751114976, 0.13669751239164618, 0.14389480748665134]
time spent 73.8757801056

Iteration 8

Weights [ 0.20162075  0.20216855  0.20189446  0.19675691  0.19755933] Sum of Weights 1.0
Maximum (Average) Accuracy of Classifier 0.467777777778
Cost (Before Noise) [ 0.  0.  0.  0.  0.]
Cost (After Noise), [ 0.59  0.71  0.62  0.39  0.42]
Loss 0.547380590762 Loss Per Action [0.11895624295496963, 0.14353966709760768, 0.12517456656414935, 0.076735196457502833, 0.082974917687394206]
time spent 75.9555158615

Iteration 9

Weights [ 0.20043094  0.19773019  0.19988786  0.20097551  0.20097551] Sum of Weights 1.0
Maximum (Average) Accuracy of Classifier 0.478
Cost (Before Noise) [ 0.  0.  0.  0.  0.]
Cost (After Noise), [ 0.47  0.36  0.39  0.75  0.64]
Loss 0.522697628171 Loss Per Action [0.094202543519069482, 0.071182867695887997, 0.077956264391265295, 0.15073162908178928, 0.1286243234831268]
time spent 70.2668778896

Iteration 10

Weights [ 0.20182738  0.20210138  0.20347693  0.19483251  0.1977618 ] Sum of Weights 1.0
Maximum (Average) Accuracy of Classifier 0.468181818182
Cost (Before Noise) [ 0.  0.  0.  0.  0.]
Cost (After Noise), [ 0.59  0.67  0.66  0.39  0.42]
Loss 0.547825486317 Loss Per Action [0.11907815693444179, 0.13540792230911103, 0.13429477103543788, 0.075984680338762017, 0.083059955699358645]
time spent 76.6418647766

Iteration 11

Weights [ 0.20064999  0.19875354  0.20037796  0.19902336  0.20119514] Sum of Weights 1.0
Maximum (Average) Accuracy of Classifier 0.475
Cost (Before Noise) [ 0.  0.  0.  0.  0.]
Cost (After Noise), [ 0.57  0.36  0.49  0.45  0.71]
Loss 0.516516035331 Loss Per Action [0.11437049248112682, 0.071551275821435931, 0.098185201641819569, 0.08956051334286852, 0.14284855204410718]
time spent 74.9565629959

Iteration 12

Weights [ 0.19917378  0.20299281  0.20107423  0.20080163  0.19595755] Sum of Weights 1.0
Maximum (Average) Accuracy of Classifier 0.47
Cost (Before Noise) [ 0.  0.  0.  0.  0.]
Cost (After Noise), [ 0.51  0.71  0.62  0.62  0.33]
Loss 0.559532547764 Loss Per Action [0.10157862565608869, 0.1441248982704165, 0.12466602159246178, 0.12449700994865953, 0.064665992296614405]
time spent 79.2405200005

Iteration 13

Weights [ 0.20048541  0.19886012  0.19940041  0.19913008  0.20212398] Sum of Weights 1.0
Maximum (Average) Accuracy of Classifier 0.473571428571
Cost (Before Noise) [ 0.  0.  0.  0.  0.]
Cost (After Noise), [ 0.57  0.36  0.49  0.45  0.71]
Loss 0.516689089771 Loss Per Action [0.11427668233869402, 0.071589642477493109, 0.097706201838707929, 0.089608536769037836, 0.14350802634706655]
time spent 71.254488945

Iteration 14

Weights [ 0.19901501  0.20310636  0.20009791  0.20091395  0.19686676] Sum of Weights 1.0
Maximum (Average) Accuracy of Classifier 0.471333333333
Cost (Before Noise) [ 0.  0.  0.  0.  0.]
Cost (After Noise), [ 0.51  0.71  0.54  0.68  0.33]
Loss 0.555343563446 Loss Per Action [0.10149765635473193, 0.14420551656297115, 0.10805287198623845, 0.13662148611551903, 0.06496603242621897]
time spent 74.9186558723

Iteration 15

Weights [ 0.20020896  0.19885551  0.20048076  0.1975112   0.20294358] Sum of Weights 1.0
Maximum (Average) Accuracy of Classifier 0.4675
Cost (Before Noise) [ 0.  0.  0.  0.  0.]
Cost (After Noise), [ 0.5   0.48  0.57  0.39  0.71]
Loss 0.530948461958 Loss Per Action [0.10010448140210723, 0.0954506427502885, 0.11427403186181731, 0.077029367347092759, 0.14408993859635782]
time spent 74.3447101116

Iteration 16

Weights [ 0.2010302   0.20021369  0.19940049  0.20130311  0.1980525 ] Sum of Weights 1.0
Maximum (Average) Accuracy of Classifier 0.472352941176
Cost (Before Noise) [ 0.  0.  0.  0.  0.]
Cost (After Noise), [ 0.66  0.59  0.49  0.75  0.33]
Loss 0.564846911453 Loss Per Action [0.13267993271958481, 0.11812607700397541, 0.097706242527803966, 0.1509773331114104, 0.065357326089844014]
time spent 76.9835650921

Iteration 17

Weights [ 0.19841358  0.19949321  0.20139671  0.19627182  0.20442468] Sum of Weights 1.0
Maximum (Average) Accuracy of Classifier 0.464444444444
Cost (Before Noise) [ 0.  0.  0.  0.  0.]
Cost (After Noise), [ 0.45  0.49  0.57  0.39  0.71]
Loss 0.523521441317 Loss Per Action [0.089286110891274126, 0.097751670848526331, 0.11479612258600906, 0.076546011489037072, 0.14514152550239193]
time spent 73.4597079754

Iteration 18

Weights [ 0.20037981  0.20037981  0.20010815  0.19983686  0.19929538] Sum of Weights 1.0
Maximum (Average) Accuracy of Classifier 0.473157894737
Cost (Before Noise) [ 0.  0.  0.  0.  0.]
Cost (After Noise), [ 0.69  0.67  0.58  0.57  0.33]
Loss 0.568253747168 Loss Per Action [0.13826206612131328, 0.13425447000185486, 0.11606272583220829, 0.1139070092259423, 0.065767475986235641]
time spent 80.3179149628

Iteration 19

Weights [ 0.19706752  0.19760294  0.19975922  0.19975922  0.20581109] Sum of Weights 1.0
Maximum (Average) Accuracy of Classifier 0.467
Cost (Before Noise) [ 0.  0.  0.  0.  0.]
Cost (After Noise), [ 0.33  0.37  0.46  0.68  0.71]
Loss 0.511996760383 Loss Per Action [0.065032281074048071, 0.073113088509332042, 0.091889242466183796, 0.13583627147175004, 0.14612587686178841]
time spent 76.959995985

Iteration 20

Weights [ 0.20194779  0.2014006   0.20112756  0.1952134   0.20031065] Sum of Weights 1.0
Maximum (Average) Accuracy of Classifier 0.469523809524
Cost (Before Noise) [ 0.  0.  0.  0.  0.]
Cost (After Noise), [ 0.69  0.67  0.58  0.39  0.42]
Loss 0.551200060569 Loss Per Action [0.1393439777993101, 0.13493840040634106, 0.11665398232462225, 0.076133227433003436, 0.084130472605232209]
time spent 78.3714721203

Iteration 21

Weights [ 0.19815253  0.19815253  0.2003148   0.1995012   0.20387894] Sum of Weights 1.0
Maximum (Average) Accuracy of Classifier 0.467272727273
Cost (Before Noise) [ 0.  0.  0.  0.  0.]
Cost (After Noise), [ 0.39  0.37  0.57  0.55  0.71]
Loss 0.519255068261 Loss Per Action [0.077279485249258026, 0.073316434723654997, 0.11417943844220353, 0.10972565929163805, 0.14475405055457677]
time spent 74.7178599834

Iteration 22

Weights [ 0.20162844  0.20217625  0.19891155  0.19864188  0.19864188] Sum of Weights 1.0
Maximum (Average) Accuracy of Classifier 0.467826086957
Cost (Before Noise) [ 0.  0.  0.  0.  0.]
Cost (After Noise), [ 0.65  0.71  0.58  0.39  0.42]
Loss 0.550872245815 Loss Per Action [0.1310584852497638, 0.14354514046119968, 0.11536869742905707, 0.077470333139945419, 0.083429589535325935]
time spent 77.6395308971

Iteration 23

Weights [ 0.19890612  0.19782967  0.19809824  0.20299523  0.20217074] Sum of Weights 1.0
Maximum (Average) Accuracy of Classifier 0.467083333333
Cost (Before Noise) [ 0.  0.  0.  0.  0.]
Cost (After Noise), [ 0.47  0.36  0.39  0.75  0.64]
Loss 0.523598567455 Loss Per Action [0.093485876845183724, 0.07121868195737463, 0.077258312403445981, 0.15224642343934447, 0.12938927280935048]
time spent 71.2287662029

Iteration 24

Weights [ 0.20031626  0.20222761  0.20167966  0.1968144   0.19896208] Sum of Weights 1.0
Maximum (Average) Accuracy of Classifier 0.4668
Cost (Before Noise) [ 0.  0.  0.  0.  0.]
Cost (After Noise), [ 0.59  0.71  0.62  0.39  0.42]
Loss 0.547131270479 Loss Per Action [0.11818659196744376, 0.14358160405634829, 0.12504138725631253, 0.0767576156314696, 0.083564071567629086]
time spent 85.7268640995

Iteration 25

Weights [ 0.19912737  0.19778123  0.19966839  0.20102738  0.20239562] Sum of Weights 1.0
Maximum (Average) Accuracy of Classifier 0.467692307692
Cost (Before Noise) [ 0.  0.  0.  0.  0.]
Cost (After Noise), [ 0.39  0.37  0.46  0.68  0.71]
Loss 0.523085703242 Loss Per Action [0.077659675565581468, 0.073179054343860545, 0.091847460912560436, 0.13669862048449807, 0.14370089193589755]
time spent 82.8768639565

Iteration 26

Weights [ 0.20271618  0.20189283  0.20134578  0.19675532  0.19728989] Sum of Weights 1.0
Maximum (Average) Accuracy of Classifier 0.464814814815
Cost (Before Noise) [ 0.  0.  0.  0.  0.]
Cost (After Noise), [ 0.69  0.67  0.58  0.39  0.42]
Loss 0.551519240967 Loss Per Action [0.13987416717740578, 0.13526819289336159, 0.11678055116235111, 0.076734574278659803, 0.082861755455469352]
time spent 88.7769880295

Iteration 27

Weights [ 0.19891507  0.1986454   0.20054081  0.20108567  0.20081305] Sum of Weights 1.0
Maximum (Average) Accuracy of Classifier 0.4675
Cost (Before Noise) [ 0.  0.  0.  0.  0.]
Cost (After Noise), [ 0.39  0.37  0.46  0.75  0.64]
Loss 0.522659053076 Loss Per Action [0.077576877328025914, 0.073498797204688548, 0.092248772055144673, 0.15081425182423139, 0.1285203546643981]
time spent 89.9246790409

Iteration 28

Weights [ 0.20248634  0.20276123  0.20221183  0.19493899  0.19760162] Sum of Weights 1.0
Maximum (Average) Accuracy of Classifier 0.465172413793
Cost (Before Noise) [ 0.  0.  0.  0.  0.]
Cost (After Noise), [ 0.65  0.71  0.58  0.39  0.42]
Loss 0.551878335629 Loss Per Action [0.1316161202802375, 0.14396047003825616, 0.11728285852739168, 0.076026205990690737, 0.082992680792441861]
time spent 94.4881958961

Iteration 29

Weights [ 0.19977986  0.19842931  0.20141267  0.19923854  0.20113961] Sum of Weights 1.0
Maximum (Average) Accuracy of Classifier 0.467
Cost (Before Noise) [ 0.  0.  0.  0.  0.]
Cost (After Noise), [ 0.5   0.37  0.66  0.46  0.62]
Loss 0.522597429203 Loss Per Action [0.099889932314806432, 0.07341884409104317, 0.13293236310073503, 0.091649729570503505, 0.124706560126274]
time spent 79.330550909

Iteration 30

Weights [ 0.20037258  0.20255908  0.19767261  0.20091698  0.19847876] Sum of Weights 1.0
Maximum (Average) Accuracy of Classifier 0.467419354839
Cost (Before Noise) [ 0.  0.  0.  0.  0.]
Cost (After Noise), [ 0.59  0.71  0.34  0.68  0.39]
Loss 0.543275714794 Loss Per Action [0.11821982022138315, 0.1438169469860982, 0.067208686554580468, 0.13662354629846271, 0.077406714733656873]
time spent 73.9836230278

Iteration 31

Weights [ 0.1990649   0.19798759  0.20315727  0.19718344  0.2026068 ] Sum of Weights 1.0
Maximum (Average) Accuracy of Classifier 0.465
Cost (Before Noise) [ 0.  0.  0.  0.  0.]
Cost (After Noise), [ 0.5   0.48  0.66  0.39  0.62]
Loss 0.53116804977 Loss Per Action [0.099532449409818841, 0.09503404353370716, 0.13408380036415221, 0.076901540591592113, 0.12561621587090468]
time spent 75.7814488411

Iteration 32

Weights [ 0.19989072  0.1993491   0.19961972  0.20097838  0.20016208] Sum of Weights 1.0
Maximum (Average) Accuracy of Classifier 0.468484848485
Cost (Before Noise) [ 0.  0.  0.  0.  0.]
Cost (After Noise), [ 0.47  0.36  0.39  0.75  0.64]
Loss 0.522403522279 Loss Per Action [0.093948637550907155, 0.071765674466529511, 0.077851692075649515, 0.15073378634148046, 0.12810373184427776]
time spent 71.8183689117

Iteration 33

Weights [ 0.20127532  0.2037479   0.20319582  0.19482748  0.19695348] Sum of Weights 1.0
Maximum (Average) Accuracy of Classifier 0.465294117647
Cost (Before Noise) [ 0.  0.  0.  0.  0.]
Cost (After Noise), [ 0.59  0.71  0.62  0.39  0.42]
Loss 0.548098034264 Loss Per Action [0.11875243772627855, 0.14466100675773938, 0.12598141026327928, 0.075982718655504336, 0.08272046086106416]
time spent 78.0548770428

Iteration 34

Weights [ 0.20010704  0.19929428  0.20119588  0.19902409  0.2003787 ] Sum of Weights 1.0
Maximum (Average) Accuracy of Classifier 0.467142857143
Cost (Before Noise) [ 0.  0.  0.  0.  0.]
Cost (After Noise), [ 0.5   0.48  0.66  0.39  0.62]
Loss 0.530358249184 Loss Per Action [0.10005352125988742, 0.095661254783847446, 0.13278928291110079, 0.077619396845839628, 0.12423479338334398]
time spent 74.5132539272

Iteration 35

Weights [ 0.20091513  0.20064275  0.19767079  0.2028322   0.19793914] Sum of Weights 1.0
Maximum (Average) Accuracy of Classifier 0.467222222222
Cost (Before Noise) [ 0.  0.  0.  0.  0.]
Cost (After Noise), [ 0.66  0.59  0.34  0.75  0.39]
Loss 0.547511686503 Loss Per Action [0.13260398599992723, 0.11837922047579062, 0.067208067862841253, 0.15212414874776151, 0.077196263416626332]
time spent 73.7257258892

Iteration 36

Weights [ 0.19782742  0.19944427  0.20326849  0.19729139  0.20216844] Sum of Weights 1.0
Maximum (Average) Accuracy of Classifier 0.465135135135
Cost (Before Noise) [ 0.  0.  0.  0.  0.]
Cost (After Noise), [ 0.45  0.49  0.66  0.39  0.62]
Loss 0.523195304982 Loss Per Action [0.089022338162850587, 0.097727691061264083, 0.13415720515432356, 0.076943640691944606, 0.1253444299112321]
time spent 73.3634932041

Iteration 37

Weights [ 0.19978236  0.20032516  0.19951152  0.20086944  0.19951152] Sum of Weights 1.0
Maximum (Average) Accuracy of Classifier 0.468947368421
Cost (Before Noise) [ 0.  0.  0.  0.  0.]
Cost (After Noise), [ 0.59  0.64  0.34  0.75  0.39]
Loss 0.542375185959 Loss Per Action [0.11787159504505725, 0.12820810502894939, 0.067833915595521752, 0.15065207887071339, 0.077809491418392732]
time spent 74.0751998425

Iteration 38

Weights [ 0.1984522   0.19764616  0.20502     0.19524763  0.20363401] Sum of Weights 1.0
Maximum (Average) Accuracy of Classifier 0.465641025641
Cost (Before Noise) [ 0.  0.  0.  0.  0.]
Cost (After Noise), [ 0.5   0.48  0.66  0.39  0.62]
Loss 0.531809118621 Loss Per Action [0.099226100298453607, 0.09487015691534148, 0.13531319696450483, 0.076146575343175621, 0.12625308909971986]
time spent 74.8975930214

Iteration 39

Weights [ 0.19929281  0.19902263  0.20146753  0.19902263  0.2011944 ] Sum of Weights 1.0
Maximum (Average) Accuracy of Classifier 0.4675
Cost (Before Noise) [ 0.  0.  0.  0.  0.]
Cost (After Noise), [ 0.5   0.37  0.66  0.46  0.62]
Loss 0.522544286609 Loss Per Action [0.099646405926348519, 0.07363837218277014, 0.13296857169411588, 0.091550408659660229, 0.12474052814596633]
time spent 74.5019419193

Iteration 40

Weights [ 0.19988261  0.20316326  0.197725    0.20069777  0.19853136] Sum of Weights 1.0
Maximum (Average) Accuracy of Classifier 0.467317073171
Cost (Before Noise) [ 0.  0.  0.  0.  0.]
Cost (After Noise), [ 0.59  0.71  0.34  0.68  0.39]
Loss 0.54330486846 Loss Per Action [0.11793074081360823, 0.14424591202055592, 0.067226499593728173, 0.13647448536691423, 0.07742723066560761]
time spent 74.1513741016

Iteration 41

Weights [ 0.19857889  0.19857889  0.20321189  0.19696906  0.20266127] Sum of Weights 1.0
Maximum (Average) Accuracy of Classifier 0.465238095238
Cost (Before Noise) [ 0.  0.  0.  0.  0.]
Cost (After Noise), [ 0.5   0.48  0.66  0.39  0.62]
Loss 0.531195081818 Loss Per Action [0.099289444626330742, 0.095317866841277382, 0.13411984992004311, 0.076817931584487562, 0.12564998884558595]
time spent 75.2246530056

Iteration 42

Weights [ 0.19940343  0.1999452   0.19967413  0.20076061  0.20021663] Sum of Weights 1.0
Maximum (Average) Accuracy of Classifier 0.468837209302
Cost (Before Noise) [ 0.  0.  0.  0.  0.]
Cost (After Noise), [ 0.33  0.45  0.35  0.75  0.64]
Loss 0.504373520392 Loss Per Action [0.065803130939503782, 0.089975338721224277, 0.06988594493222379, 0.150570460083568, 0.12813864571505845]
time spent 76.2510001659

Iteration 43

Weights [ 0.20412581  0.20137526  0.20384907  0.19413252  0.19651735] Sum of Weights 1.0
Maximum (Average) Accuracy of Classifier 0.466363636364
Cost (Before Noise) [ 0.  0.  0.  0.  0.]
Cost (After Noise), [ 0.69  0.63  0.63  0.39  0.42]
Loss 0.554387101607 Loss Per Action [0.14084680574603728, 0.12686641537491605, 0.12842491342815698, 0.075711680979431567, 0.082537286078366898]
time spent 78.312969923

Iteration 44

Weights [ 0.20037722  0.19929281  0.20174104  0.19848336  0.20010557] Sum of Weights 1.0
Maximum (Average) Accuracy of Classifier 0.466888888889
Cost (Before Noise) [ 0.  0.  0.  0.  0.]
Cost (After Noise), [ 0.66  0.48  0.66  0.39  0.51]
Loss 0.540520951681 Loss Per Action [0.13224896721946575, 0.095660550164002628, 0.133149084616842, 0.077408509707806578, 0.10205383997332178]
time spent 74.2925989628

Iteration 45

Weights [ 0.19713526  0.20091521  0.19847701  0.2025573   0.20091521] Sum of Weights 1.0
Maximum (Average) Accuracy of Classifier 0.467608695652
Cost (Before Noise) [ 0.  0.  0.  0.  0.]
Cost (After Noise), [ 0.33  0.45  0.35  0.75  0.64]
Loss 0.505437147905 Loss Per Action [0.065054636537641278, 0.090411846128779824, 0.06946695382557691, 0.15191797469661092, 0.12858573671648749]
time spent 76.326720953

Iteration 46

Weights [ 0.201833    0.20238137  0.20265611  0.1958981   0.19723143] Sum of Weights 1.0
Maximum (Average) Accuracy of Classifier 0.465744680851
Cost (Before Noise) [ 0.  0.  0.  0.  0.]
Cost (After Noise), [ 0.59  0.67  0.66  0.39  0.42]
Loss 0.547667474304 Loss Per Action [0.11908146722865647, 0.13559551548688661, 0.13375303286772008, 0.076400258924938208, 0.082837199795987165]
time spent 77.3369221687

Iteration 47

Weights [ 0.20065124  0.19902461  0.19956535  0.20010756  0.20065124] Sum of Weights 1.0
Maximum (Average) Accuracy of Classifier 0.468125
Cost (Before Noise) [ 0.  0.  0.  0.  0.]
Cost (After Noise), [ 0.57  0.36  0.39  0.55  0.71]
Loss 0.516372092216 Loss Per Action [0.11437120797763917, 0.07164885890343882, 0.077830486070948737, 0.11005915739662575, 0.14246238186688415]
time spent 70.083509922

Iteration 48

Weights [ 0.19916674  0.2032612   0.20298564  0.19916674  0.19541968] Sum of Weights 1.0
Maximum (Average) Accuracy of Classifier 0.466326530612
Cost (Before Noise) [ 0.  0.  0.  0.  0.]
Cost (After Noise), [ 0.59  0.71  0.62  0.57  0.33]
Loss 0.565688462076 Loss Per Action [0.11750837475712811, 0.14431545549444719, 0.12585109715867737, 0.11352504001959823, 0.064488494646429168]
time spent 79.2000329494

Iteration 49

Weights [ 0.1984819   0.19929134  0.20146605  0.19902116  0.20173955] Sum of Weights 1.0
Maximum (Average) Accuracy of Classifier 0.468
Cost (Before Noise) [ 0.  0.  0.  0.  0.]
Cost (After Noise), [ 0.33  0.49  0.57  0.43  0.71]
Loss 0.506801612048 Loss Per Action [0.065499025437792457, 0.097652758519000002, 0.11483564788160809, 0.085579099477135698, 0.14323508073273775]
time spent 76.8790240288

Iteration 50

Weights [ 0.20326919  0.19971571  0.19971571  0.20107503  0.19622435] Sum of Weights 1.0
Maximum (Average) Accuracy of Classifier 0.466862745098
Cost (Before Noise) [ 0.  0.  0.  0.  0.]
Cost (After Noise), [ 0.69  0.53  0.58  0.72  0.33]
Loss 0.571468240868 Loss Per Action [0.14025574400377971, 0.10584932814943422, 0.11583511382390918, 0.14477401824416494, 0.06475403664625777]
time spent 76.9254620075

Iteration 51

Weights [ 0.19999139  0.200807    0.1994495   0.19702908  0.20272303] Sum of Weights 1.0
Maximum (Average) Accuracy of Classifier 0.466538461538
Cost (Before Noise) [ 0.  0.  0.  0.  0.]
Cost (After Noise), [ 0.53  0.58  0.43  0.39  0.71]
Loss 0.529001474709 Loss Per Action [0.10599543780022543, 0.11646805811757563, 0.085763283640171897, 0.076841341717131723, 0.14393335343431291]
time spent 71.354694128

Iteration 52

Weights [ 0.19994056  0.1993988   0.20212235  0.20075596  0.19778232] Sum of Weights 1.0
Maximum (Average) Accuracy of Classifier 0.467358490566
Cost (Before Noise) [ 0.  0.  0.  0.  0.]
Cost (After Noise), [ 0.6   0.53  0.66  0.69  0.33]
Loss 0.562836233747 Loss Per Action [0.11996433708243522, 0.1056813662764082, 0.13340075178654767, 0.13852161183878364, 0.065268166762408361]
time spent 76.2418510914

Iteration 53

Weights [ 0.19890493  0.20025872  0.19944534  0.19729245  0.20409856] Sum of Weights 1.0
Maximum (Average) Accuracy of Classifier 0.465740740741
Cost (Before Noise) [ 0.  0.  0.  0.  0.]
Cost (After Noise), [ 0.45  0.58  0.45  0.39  0.71]
Loss 0.517261712694 Loss Per Action [0.089507216937262296, 0.11615005758329643, 0.089750403986714508, 0.076944055308653586, 0.14490997887763263]
time spent 70.7963089943

Iteration 54

Weights [ 0.20070362  0.19853715  0.20124893  0.20070362  0.19880667] Sum of Weights 1.0
Maximum (Average) Accuracy of Classifier 0.466909090909
Cost (Before Noise) [ 0.  0.  0.  0.  0.]
Cost (After Noise), [ 0.66  0.37  0.66  0.66  0.42]
Loss 0.554710624771 Loss Per Action [0.13246439213766731, 0.073458745265574651, 0.13282429188412037, 0.13246439213766723, 0.083498803346451295]
time spent 75.3856470585

Iteration 55

Weights [ 0.19782602  0.203543    0.1983635   0.19782602  0.20244146] Sum of Weights 1.0
Maximum (Average) Accuracy of Classifier 0.465714285714
Cost (Before Noise) [ 0.  0.  0.  0.  0.]
Cost (After Noise), [ 0.45  0.71  0.45  0.39  0.58]
Loss 0.51736900875 Loss Per Action [0.089021708439840849, 0.14451553082606289, 0.08926357638472239, 0.077152147314528713, 0.11741604578440054]
time spent 70.9571979046

Iteration 56

Weights [ 0.19961789  0.19826843  0.20016024  0.20124937  0.20070407] Sum of Weights 1.0
Maximum (Average) Accuracy of Classifier 0.467192982456
Cost (Before Noise) [ 0.  0.  0.  0.  0.]
Cost (After Noise), [ 0.39  0.37  0.46  0.75  0.64]
Loss 0.522671639476 Loss Per Action [0.077850976832721186, 0.073359318370488411, 0.092073711351133319, 0.15093702916558005, 0.12845060375585846]
time spent 73.4670059681

Iteration 57

Weights [ 0.20320211  0.20237677  0.20182842  0.19509801  0.1974947 ] Sum of Weights 1.0
Maximum (Average) Accuracy of Classifier 0.465517241379
Cost (Before Noise) [ 0.  0.  0.  0.  0.]
Cost (After Noise), [ 0.69  0.67  0.58  0.39  0.42]
Loss 0.551898368424 Loss Per Action [0.14020945347020891, 0.13559243840519983, 0.11706048075092965, 0.076088222261122107, 0.082947773536644884]
time spent 77.9757230282

Iteration 58

Weights [ 0.19940218  0.19913185  0.2010319   0.19940218  0.2010319 ] Sum of Weights 1.0
Maximum (Average) Accuracy of Classifier 0.467118644068
Cost (Before Noise) [ 0.  0.  0.  0.  0.]
Cost (After Noise), [ 0.5   0.37  0.57  0.46  0.71]
Loss 0.522425704451 Loss Per Action [0.09970108928103262, 0.073678783005287962, 0.1145881821209549, 0.091725002138549963, 0.14273264790504958]
time spent 73.1210620403

Iteration 59

Weights [ 0.19998582  0.20326816  0.19971469  0.201074    0.19595733] Sum of Weights 1.0
Maximum (Average) Accuracy of Classifier 0.466
Cost (Before Noise) [ 0.  0.  0.  0.  0.]
Cost (After Noise), [ 0.59  0.71  0.49  0.68  0.33]
Loss 0.561568463696 Loss Per Action [0.11799163298852078, 0.14432039172995634, 0.097860200438755415, 0.13673031978849745, 0.064665918750614171]
time spent 76.1712520123

Iteration 60

Weights [ 0.199181    0.199181    0.20162785  0.19783449  0.20217566] Sum of Weights 1.0
Maximum (Average) Accuracy of Classifier 0.465737704918
Cost (Before Noise) [ 0.  0.  0.  0.  0.]
Cost (After Noise), [ 0.5   0.48  0.57  0.39  0.71]
Loss 0.530825424754 Loss Per Action [0.099590499235138935, 0.095606879265733247, 0.11492787412182238, 0.077155451358624366, 0.14354472077243999]
time spent 73.3000259399

Iteration 61

Weights [ 0.19999471  0.20053809  0.20053809  0.20162928  0.19729983] Sum of Weights 1.0
Maximum (Average) Accuracy of Classifier 0.466451612903
Cost (Before Noise) [ 0.  0.  0.  0.  0.]
Cost (After Noise), [ 0.51  0.64  0.54  0.75  0.33]
Loss 0.554963149962 Loss Per Action [0.10199730329220009, 0.12834437689710332, 0.1082905680069309, 0.15122195627208679, 0.065108945493720441]
time spent 76.0137798786

Iteration 62

Weights [ 0.20118212  0.19820217  0.20090938  0.19632887  0.20337746] Sum of Weights 1.0
Maximum (Average) Accuracy of Classifier 0.465714285714
Cost (Before Noise) [ 0.  0.  0.  0.  0.]
Cost (After Noise), [ 0.57  0.47  0.49  0.38  0.71]
Loss 0.525277392114 Loss Per Action [0.11467380973172042, 0.093155021903175456, 0.098445594552306351, 0.074604969420414183, 0.14439799650655419]
time spent 73.023250103

Iteration 63

Weights [ 0.19994255  0.19967148  0.20185033  0.20021398  0.19832166] Sum of Weights 1.0
Maximum (Average) Accuracy of Classifier 0.466875
Cost (Before Noise) [ 0.  0.  0.  0.  0.]
Cost (After Noise), [ 0.6   0.53  0.66  0.69  0.33]
Loss 0.562606426945 Loss Per Action [0.11996552794050866, 0.10582588513164748, 0.13322122077756041, 0.13814764602107693, 0.065446147073957822]
time spent 77.4769699574

Iteration 64

Weights [ 0.19890067  0.20052629  0.19917069  0.19675365  0.20464871] Sum of Weights 1.0
Maximum (Average) Accuracy of Classifier 0.465076923077
Cost (Before Noise) [ 0.  0.  0.  0.  0.]
Cost (After Noise), [ 0.45  0.58  0.45  0.39  0.71]
Loss 0.517471861686 Loss Per Action [0.089505300126585224, 0.11630524702519886, 0.089626808570118399, 0.076733924945642046, 0.14530058101817633]
time spent 70.7057790756

Iteration 65

Weights [ 0.20070503  0.19880806  0.2009775   0.2001612   0.19934822] Sum of Weights 1.0
Maximum (Average) Accuracy of Classifier 0.466363636364
Cost (Before Noise) [ 0.  0.  0.  0.  0.]
Cost (After Noise), [ 0.66  0.37  0.66  0.66  0.42]
Loss 0.554502089597 Loss Per Action [0.1324653177228802, 0.073558983599135472, 0.13264514678949271, 0.13210639065023363, 0.083726250835587948]
time spent 75.6413989067

Iteration 66

Weights [ 0.19782179  0.20381496  0.19809034  0.19728577  0.20298714] Sum of Weights 1.0
Maximum (Average) Accuracy of Classifier 0.465223880597
Cost (Before Noise) [ 0.  0.  0.  0.  0.]
Cost (After Noise), [ 0.45  0.71  0.45  0.39  0.58]
Loss 0.517543072101 Loss Per Action [0.089019804053297111, 0.14470862300132098, 0.089140653408797246, 0.076941450414549278, 0.11773254122264859]
time spent 70.4390749931

Iteration 67

Weights [ 0.19961833  0.19853803  0.19988932  0.20070451  0.20124981] Sum of Weights 1.0
Maximum (Average) Accuracy of Classifier 0.466470588235
Cost (Before Noise) [ 0.  0.  0.  0.  0.]
Cost (After Noise), [ 0.39  0.37  0.46  0.68  0.71]
Loss 0.522625740648 Loss Per Action [0.077851148094069289, 0.073459069341486993, 0.091949087878638869, 0.13647906672495064, 0.14288736860844456]
time spent 73.8699338436

Iteration 68

Weights [ 0.20320335  0.20265275  0.20155602  0.19642709  0.19616079] Sum of Weights 1.0
Maximum (Average) Accuracy of Classifier 0.465652173913
Cost (Before Noise) [ 0.  0.  0.  0.  0.]
Cost (After Noise), [ 0.69  0.67  0.58  0.57  0.33]
Loss 0.569586647531 Loss Per Action [0.14021031008672866, 0.13577734224603055, 0.11690249427302628, 0.1119634404578515, 0.064733060467701678]
time spent 79.5847799778

Iteration 69

Weights [ 0.19988074  0.19988074  0.20124117  0.19638649  0.20261087] Sum of Weights 1.0
Maximum (Average) Accuracy of Classifier 0.465
Cost (Before Noise) [ 0.  0.  0.  0.  0.]
Cost (After Noise), [ 0.5   0.48  0.57  0.39  0.71]
Loss 0.531035034995 Loss Per Action [0.099940368034818927, 0.095942753313425999, 0.11470746752787088, 0.076590731562857062, 0.14385371455639251]
time spent 74.0492839813

Iteration 70

Weights [ 0.20070304  0.20124834  0.20015922  0.20015922  0.19773019] Sum of Weights 1.0
Maximum (Average) Accuracy of Classifier 0.466056338028
Cost (Before Noise) [ 0.  0.  0.  0.  0.]
Cost (After Noise), [ 0.65  0.71  0.49  0.64  0.33]
Loss 0.56477417363 Loss Per Action [0.13045697571112144, 0.14288632183493033, 0.09807801586077021, 0.12810189826712862, 0.065250961956534431]
time spent 75.9126400948

Iteration 71

Weights [ 0.1983613   0.1972878   0.20216476  0.19809238  0.20409375] Sum of Weights 1.0
Maximum (Average) Accuracy of Classifier 0.464861111111
Cost (Before Noise) [ 0.  0.  0.  0.  0.]
Cost (After Noise), [ 0.5   0.37  0.57  0.46  0.71]
Loss 0.523440112163 Loss Per Action [0.099180651028687491, 0.072996486624813936, 0.11523391435474474, 0.091122495070407206, 0.14490656508456257]
time spent 73.7510318756

Iteration 72

Weights [ 0.19896916  0.20141341  0.20086766  0.1997806   0.19896916] Sum of Weights 1.0
Maximum (Average) Accuracy of Classifier 0.466438356164
Cost (Before Noise) [ 0.  0.  0.  0.  0.]
Cost (After Noise), [ 0.51  0.71  0.62  0.62  0.33]
Loss 0.558539541817 Loss Per Action [0.10147427316911672, 0.14300352226327365, 0.12453795124980785, 0.12386397131926852, 0.065659823815310728]
time spent 77.6819779873

Iteration 73

Weights [ 0.20025225  0.19728608  0.19916852  0.19809065  0.2052025 ] Sum of Weights 1.0
Maximum (Average) Accuracy of Classifier 0.464864864865
Cost (Before Noise) [ 0.  0.  0.  0.  0.]
Cost (After Noise), [ 0.57  0.36  0.49  0.45  0.71]
Loss 0.517593913005 Loss Per Action [0.11414378474766716, 0.071022988532694592, 0.097592574818855554, 0.089140793009500521, 0.14569377189625998]
time spent 71.9239490032

Iteration 74

Weights [ 0.19880784  0.20152332  0.19988961  0.19988961  0.19988961] Sum of Weights 1.0
Maximum (Average) Accuracy of Classifier 0.466533333333
Cost (Before Noise) [ 0.  0.  0.  0.  0.]
Cost (After Noise), [ 0.33  0.71  0.35  0.68  0.46]
Loss 0.506523667316 Loss Per Action [0.065606587917931752, 0.1430815552426728, 0.069961364734478892, 0.13592493719841633, 0.091949222222458021]
time spent 73.6766600609

Iteration 75

Weights [ 0.2035779   0.19598987  0.20413101  0.19519383  0.20110739] Sum of Weights 1.0
Maximum (Average) Accuracy of Classifier 0.465394736842
Cost (Before Noise) [ 0.  0.  0.  0.  0.]
Cost (After Noise), [ 0.66  0.48  0.66  0.39  0.51]
Loss 0.541853382234 Loss Per Action [0.13436141583691141, 0.09407513632338689, 0.13472646971072916, 0.076125592952030155, 0.10256476741133902]
time spent 73.3829619884

Iteration 76

Weights [ 0.20032038  0.19762111  0.20086464  0.19923627  0.2019576 ] Sum of Weights 1.0
Maximum (Average) Accuracy of Classifier 0.465454545455
Cost (Before Noise) [ 0.  0.  0.  0.  0.]
Cost (After Noise), [ 0.5   0.37  0.57  0.46  0.71]
Loss 0.522811425478 Loss Per Action [0.10016018825894522, 0.073119810984273961, 0.11449284360116266, 0.091648686014409064, 0.1433898966195867]
time spent 73.1004350185

Iteration 77

Weights [ 0.20091722  0.2017366   0.19955898  0.20091722  0.19686997] Sum of Weights 1.0
Maximum (Average) Accuracy of Classifier 0.465769230769
Cost (Before Noise) [ 0.  0.  0.  0.  0.]
Cost (After Noise), [ 0.65  0.71  0.49  0.64  0.33]
Loss 0.565167196448 Loss Per Action [0.13059619505956377, 0.14323298853502836, 0.097783899267371271, 0.12858702282787809, 0.064967090758594956]
time spent 77.6258609295

Iteration 78

Weights [ 0.19858364  0.19777706  0.20156932  0.19885323  0.20321675] Sum of Weights 1.0
Maximum (Average) Accuracy of Classifier 0.465443037975
Cost (Before Noise) [ 0.  0.  0.  0.  0.]
Cost (After Noise), [ 0.39  0.37  0.57  0.55  0.71]
Loss 0.51917281349 Loss Per Action [0.077447618597786871, 0.073177513393323582, 0.1148945128341287, 0.10936927419459501, 0.14428389446996218]
time spent 75.460048914

Iteration 79

Weights [ 0.2020649   0.20179096  0.20015508  0.19799453  0.19799453] Sum of Weights 1.0
Maximum (Average) Accuracy of Classifier 0.466125
Cost (Before Noise) [ 0.  0.  0.  0.  0.]
Cost (After Noise), [ 0.69  0.67  0.58  0.57  0.33]
Loss 0.568909747353 Loss Per Action [0.13942478072998471, 0.13519994126701626, 0.11608994854787885, 0.11285688197834427, 0.065338194829567639]
time spent 79.5875840187

Iteration 80

Weights [ 0.19874251  0.19901231  0.19982392  0.19793529  0.20448597] Sum of Weights 1.0
Maximum (Average) Accuracy of Classifier 0.464938271605
Cost (Before Noise) [ 0.  0.  0.  0.  0.]
Cost (After Noise), [ 0.45  0.49  0.57  0.39  0.71]
Loss 0.523229599189 Loss Per Action [0.089434127840419916, 0.097516032078142037, 0.11389963562670861, 0.077194761867462561, 0.14518504177616914]
time spent 72.3880259991

Iteration 81

Weights [ 0.20070399  0.19988881  0.19853751  0.2015225   0.19934719] Sum of Weights 1.0
Maximum (Average) Accuracy of Classifier 0.465975609756
Cost (Before Noise) [ 0.  0.  0.  0.  0.]
Cost (After Noise), [ 0.66  0.59  0.34  0.75  0.39]
Loss 0.546789064048 Loss Per Action [0.13246463447387266, 0.11793439513746744, 0.067502754276874063, 0.15114187682125607, 0.077745403338640426]
time spent 72.4893078804

Iteration 82

Weights [ 0.19760013  0.19867533  0.20413972  0.19599823  0.20358659] Sum of Weights 1.0
Maximum (Average) Accuracy of Classifier 0.464698795181
Cost (Before Noise) [ 0.  0.  0.  0.  0.]
Cost (After Noise), [ 0.45  0.49  0.66  0.39  0.62]
Loss 0.52366618155 Loss Per Action [0.088920057978383094, 0.097350911049528546, 0.13473221800328233, 0.076439309513254339, 0.12622368500520897]
time spent 72.2141730785

Iteration 83

Weights [ 0.19956557  0.19956557  0.20037944  0.19956557  0.20092386] Sum of Weights 1.0
Maximum (Average) Accuracy of Classifier 0.466071428571
Cost (Before Noise) [ 0.  0.  0.  0.  0.]
Cost (After Noise), [ 0.5   0.37  0.57  0.46  0.71]
Loss 0.522294424174 Loss Per Action [0.099782784198810842, 0.073839260307119875, 0.11421627879502597, 0.091800161462905913, 0.14265593941048998]
time spent 76.6201550961

Iteration 84

Weights [ 0.20014611  0.20370725  0.19906295  0.20123517  0.19584852] Sum of Weights 1.0
Maximum (Average) Accuracy of Classifier 0.465058823529
Cost (Before Noise) [ 0.  0.  0.  0.  0.]
Cost (After Noise), [ 0.59  0.71  0.49  0.68  0.33]
Loss 0.561729124818 Loss Per Action [0.11808620618087304, 0.14463214809795588, 0.09754084681754191, 0.13683991249864327, 0.064630011223402367]
time spent 82.3096578121

Iteration 85

Weights [ 0.19934499  0.19961561  0.20097424  0.19799737  0.2020678 ] Sum of Weights 1.0
Maximum (Average) Accuracy of Classifier 0.465
Cost (Before Noise) [ 0.  0.  0.  0.  0.]
Cost (After Noise), [ 0.45  0.49  0.57  0.39  0.71]
Loss 0.5227593182 Loss Per Action [0.089705243716594579, 0.097811647914247873, 0.11455531594296461, 0.077218974158566725, 0.14346813646716852]
time spent 73.1693480015

Iteration 86

Weights [ 0.20129972  0.20048211  0.19966783  0.20157299  0.19697735] Sum of Weights 1.0
Maximum (Average) Accuracy of Classifier 0.465402298851
Cost (Before Noise) [ 0.  0.  0.  0.  0.]
Cost (After Noise), [ 0.66  0.59  0.49  0.75  0.33]
Loss 0.565161764584 Loss Per Action [0.13285781324630094, 0.11828444555576505, 0.097837234739874268, 0.15117974448580268, 0.065002526556397211]
time spent 75.5493328571

Iteration 87

Weights [ 0.19868816  0.19976928  0.20167541  0.19654344  0.20332371] Sum of Weights 1.0
Maximum (Average) Accuracy of Classifier 0.464431818182
Cost (Before Noise) [ 0.  0.  0.  0.  0.]
Cost (After Noise), [ 0.45  0.49  0.57  0.39  0.71]
Loss 0.523263379471 Loss Per Action [0.089409671148270059, 0.097886946329239305, 0.11495498535052256, 0.076651941120837397, 0.14435983552196266]
time spent 72.3694810867

Iteration 88

Weights [ 0.20065014  0.20065014  0.20037811  0.20010646  0.19821515] Sum of Weights 1.0
Maximum (Average) Accuracy of Classifier 0.465730337079
Cost (Before Noise) [ 0.  0.  0.  0.  0.]
Cost (After Noise), [ 0.69  0.67  0.58  0.57  0.33]
Loss 0.568575174983 Loss Per Action [0.13844859529204687, 0.13443559252995824, 0.11621930590228723, 0.114060681021596, 0.065411000237190722]
time spent 79.3959779739

Iteration 89

Weights [ 0.19734209  0.19787826  0.20003754  0.20003754  0.20470458] Sum of Weights 1.0
Maximum (Average) Accuracy of Classifier 0.465
Cost (Before Noise) [ 0.  0.  0.  0.  0.]
Cost (After Noise), [ 0.33  0.37  0.46  0.68  0.71]
Loss 0.51172088896 Loss Per Action [0.065122888419508917, 0.073214954578903285, 0.09201726873558036, 0.13602552769607562, 0.14534024952982677]
time spent 76.2189519405

Iteration 90

Weights [ 0.20222163  0.20167369  0.20140028  0.19547811  0.19922629] Sum of Weights 1.0
Maximum (Average) Accuracy of Classifier 0.465054945055
Cost (Before Noise) [ 0.  0.  0.  0.  0.]
Cost (After Noise), [ 0.69  0.67  0.58  0.39  0.42]
Loss 0.551377965317 Loss Per Action [0.13953292554246266, 0.13512137427162058, 0.11681216287205655, 0.076236462619263881, 0.083675040011752549]
time spent 77.1167020798

Iteration 91

Weights [ 0.19842601  0.19842601  0.20059127  0.19977654  0.20278016] Sum of Weights 1.0
Maximum (Average) Accuracy of Classifier 0.465108695652
Cost (Before Noise) [ 0.  0.  0.  0.  0.]
Cost (After Noise), [ 0.39  0.37  0.57  0.55  0.71]
Loss 0.51899180798 Loss Per Action [0.077386144015163735, 0.073417623809257745, 0.11433702538726093, 0.10987709926785538, 0.14397391550053801]
time spent 74.462857008

Iteration 92

Weights [ 0.20189956  0.20244811  0.19917902  0.19890899  0.19756432] Sum of Weights 1.0
Maximum (Average) Accuracy of Classifier 0.465376344086
Cost (Before Noise) [ 0.  0.  0.  0.  0.]
Cost (After Noise), [ 0.65  0.71  0.58  0.57  0.33]
Loss 0.569071054734 Loss Per Action [0.13123471552577029, 0.14373816115478263, 0.11552383013451803, 0.11337812282620921, 0.065196225092605614]
time spent 78.8583700657

Iteration 93

Weights [ 0.19966423  0.19858368  0.19885327  0.19885327  0.20404555] Sum of Weights 1.0
Maximum (Average) Accuracy of Classifier 0.465106382979
Cost (Before Noise) [ 0.  0.  0.  0.  0.]
Cost (After Noise), [ 0.57  0.36  0.39  0.55  0.71]
Loss 0.51709315137 Loss Per Action [0.11380861164229701, 0.071490124560652027, 0.07755277443036418, 0.10936929727359074, 0.14487234346292069]
time spent 68.980479002

Iteration 94

Weights [ 0.19820623  0.20283054  0.20228095  0.19793752  0.19874475] Sum of Weights 1.0
Maximum (Average) Accuracy of Classifier 0.464736842105
Cost (Before Noise) [ 0.  0.  0.  0.  0.]
Cost (After Noise), [ 0.45  0.71  0.62  0.39  0.47]
Loss 0.529222347022 Loss Per Action [0.089192804554022634, 0.14400968519176124, 0.1254141916930793, 0.077195633230223923, 0.09341003235303362]
time spent 71.4821510315

Iteration 95

Weights [ 0.20032207  0.19789107  0.19977928  0.20168551  0.20032207] Sum of Weights 1.0
Maximum (Average) Accuracy of Classifier 0.465520833333
Cost (Before Noise) [ 0.  0.  0.  0.  0.]
Cost (After Noise), [ 0.66  0.36  0.39  0.75  0.51]
Loss 0.534795659538 Loss Per Action [0.13221256712460955, 0.071240784039919722, 0.077913919260962208, 0.15126413269821376, 0.10216425641447088]
time spent 72.5941369534

Iteration 96

Weights [ 0.19690688  0.2025973   0.20369969  0.19584125  0.20095489] Sum of Weights 1.0
Maximum (Average) Accuracy of Classifier 0.465154639175
Cost (Before Noise) [ 0.  0.  0.  0.  0.]
Cost (After Noise), [ 0.45  0.67  0.66  0.39  0.47]
Loss 0.529616962971 Loss Per Action [0.088608094944059829, 0.13574018950221928, 0.13444179450714253, 0.076378086876923518, 0.09444879714026258]
time spent 72.6233999729

Iteration 97

Weights [ 0.19902101  0.19875119  0.20010394  0.19956174  0.20256213] Sum of Weights 1.0
Maximum (Average) Accuracy of Classifier 0.465408163265
Cost (Before Noise) [ 0.  0.  0.  0.  0.]
Cost (After Noise), [ 0.39  0.37  0.57  0.55  0.71]
Loss 0.518793443605 Loss Per Action [0.077618192615827156, 0.07353794062040904, 0.11405924463096413, 0.10975895576650603, 0.14381910997151023]
time spent 74.8450169563

Iteration 98

Weights [ 0.20249951  0.20277442  0.19868975  0.19868975  0.19734657] Sum of Weights 1.0
Maximum (Average) Accuracy of Classifier 0.465454545455
Cost (Before Noise) [ 0.  0.  0.  0.  0.]
Cost (After Noise), [ 0.65  0.71  0.49  0.64  0.33]
Loss 0.565238305588 Loss Per Action [0.13162468227564542, 0.14396983506801647, 0.097357979149507515, 0.12716144215445907, 0.065124366940135667]
time spent 76.7587499619

Iteration 99

Weights [ 0.2001494   0.19879635  0.2006932   0.19665046  0.2037106 ] Sum of Weights 1.0
Maximum (Average) Accuracy of Classifier 0.4645
Cost (Before Noise) [ 0.  0.  0.  0.  0.]
Cost (After Noise), [ 0.5   0.48  0.57  0.39  0.71]
Loss 0.531220271908 Loss Per Action [0.10007470019755038, 0.09542224606837145, 0.11439512242658029, 0.076693678938560536, 0.14463452427660914]
time spent 73.0520248413

finished running MWU 
Success
