multiclass CLASSIFICATION: 

Noise Function randomAscent
Iters 100 
Alpha 0.5
Data path : multiclass_data_2
Num Classifiers : 5
Model 0, Test Accuracy 0.9023
Model 1, Test Accuracy 0.9031
Model 2, Test Accuracy 0.9014
Model 3, Test Accuracy 0.9053
Model 4, Test Accuracy 0.8993
Num Points 100


Running MWU for 100 Iterations with Epsilon 0.126863624118

Guaranteed to be within 0.253727248236 of the minimax value 

Iteration 0

Weights [ 0.2  0.2  0.2  0.2  0.2] Sum of Weights 1.0
Maximum (Average) Accuracy of Classifier 0.89
Cost (Before Noise) [ 0.  0.  0.  0.  0.]
Cost (After Noise), [ 0.11  0.18  0.16  0.15  0.15]
Loss 0.15 Loss Per Action [0.021999999999999999, 0.036000000000000011, 0.032000000000000008, 0.030000000000000006, 0.030000000000000006]
time spent 43.1732330322

Iteration 1

Weights [ 0.2010873   0.19918672  0.1997279   0.19999904  0.19999904] Sum of Weights 1.0
Maximum (Average) Accuracy of Classifier 0.87
Cost (Before Noise) [ 0.  0.  0.  0.  0.]
Cost (After Noise), [ 0.15  0.14  0.11  0.17  0.18]
Loss 0.150018968902 Loss Per Action [0.030163094307494379, 0.027886140702253689, 0.021970069064399661, 0.033999837202002468, 0.035999827625649669]
time spent 42.8439540863

Iteration 2

Weights [ 0.2010867   0.19945654  0.20081409  0.19945654  0.19918613] Sum of Weights 1.0
Maximum (Average) Accuracy of Classifier 0.86
Cost (Before Noise) [ 0.  0.  0.  0.  0.]
Cost (After Noise), [ 0.16  0.17  0.19  0.15  0.18]
Loss 0.170008145252 Loss Per Action [0.032173872486033622, 0.033907611605127348, 0.038154676473024729, 0.02991848082805354, 0.035853503859860275]
time spent 45.5253419876

Iteration 3

Weights [ 0.20135954  0.19945639  0.20026981  0.19999831  0.19891595] Sum of Weights 1.0
Maximum (Average) Accuracy of Classifier 0.8625
Cost (Before Noise) [ 0.  0.  0.  0.  0.]
Cost (After Noise), [ 0.13  0.13  0.14  0.15  0.13]
Loss 0.136002664265 Loss Per Action [0.026176740346593542, 0.025929330949102186, 0.028037774066069988, 0.029999745883211131, 0.025859073020361077]
time spent 41.3595178127

Iteration 4

Weights [ 0.20152346  0.19961877  0.20016112  0.19961877  0.19907788] Sum of Weights 1.0
Maximum (Average) Accuracy of Classifier 0.852
Cost (Before Noise) [ 0.  0.  0.  0.  0.]
Cost (After Noise), [ 0.2   0.12  0.19  0.14  0.25]
Loss 0.180005655532 Loss Per Action [0.040304692983419745, 0.023954251965639706, 0.038030613088095133, 0.027946627293246328, 0.049769470201487281]
time spent 46.6297152042

Iteration 5

Weights [ 0.20097366  0.2012465   0.19988603  0.2007012   0.19719261] Sum of Weights 1.0
Maximum (Average) Accuracy of Classifier 0.858333333333
Cost (Before Noise) [ 0.  0.  0.  0.  0.]
Cost (After Noise), [ 0.16  0.14  0.1   0.09  0.16]
Loss 0.129932824464 Loss Per Action [0.032155786215223935, 0.028174509554466206, 0.019988602578270124, 0.018063108068088817, 0.031550818047678536]
time spent 40.743491888

Iteration 6

Weights [ 0.20015394  0.20097021  0.20069775  0.2017898   0.19638831] Sum of Weights 1.0
Maximum (Average) Accuracy of Classifier 0.857142857143
Cost (Before Noise) [ 0.  0.  0.  0.  0.]
Cost (After Noise), [ 0.17  0.15  0.14  0.15  0.13]
Loss 0.148068335112 Loss Per Action [0.03402616939896725, 0.03014553078190129, 0.02809768455381852, 0.030268470252884025, 0.025530480124169547]
time spent 43.2679359913

Iteration 7

Weights [ 0.19955898  0.20091722  0.20091722  0.2017366   0.19686997] Sum of Weights 1.0
Maximum (Average) Accuracy of Classifier 0.86
Cost (Before Noise) [ 0.  0.  0.  0.  0.]
Cost (After Noise), [ 0.1   0.15  0.22  0.12  0.16]
Loss 0.15000285833 Loss Per Action [0.019955897809667621, 0.030137583475283922, 0.044201789097083083, 0.02420839242845553, 0.031499195519318741]
time spent 42.9049320221

Iteration 8

Weights [ 0.20091419  0.20091419  0.19901525  0.20255627  0.1966001 ] Sum of Weights 1.0
Maximum (Average) Accuracy of Classifier 0.856666666667
Cost (Before Noise) [ 0.  0.  0.  0.  0.]
Cost (After Noise), [ 0.12  0.15  0.15  0.17  0.09]
Loss 0.136227693421 Loss Per Action [0.024109702753243378, 0.03013712844155423, 0.029852287445650216, 0.034434565426902729, 0.017694009353208053]
time spent 42.0367290974

Iteration 9

Weights [ 0.20135554  0.20053771  0.19864233  0.2016289   0.19783552] Sum of Weights 1.0
Maximum (Average) Accuracy of Classifier 0.857
Cost (Before Noise) [ 0.  0.  0.  0.  0.]
Cost (After Noise), [ 0.14  0.13  0.13  0.14  0.14]
Loss 0.13600819958 Loss Per Action [0.028189776233425567, 0.026069902539880264, 0.025823502919658285, 0.028228045428979713, 0.027696972458091666]
time spent 41.7448940277

Iteration 10

Weights [ 0.20124649  0.20070119  0.19880426  0.20151969  0.19772837] Sum of Weights 1.0
Maximum (Average) Accuracy of Classifier 0.856363636364
Cost (Before Noise) [ 0.  0.  0.  0.  0.]
Cost (After Noise), [ 0.14  0.19  0.16  0.18  0.11]
Loss 0.156140081465 Loss Per Action [0.028174508208220421, 0.038133226321645758, 0.0318086822957016, 0.036273544298457021, 0.021750120341042557]
time spent 43.8632509708

Iteration 11

Weights [ 0.2016861   0.19977986  0.19869869  0.20086692  0.19896843] Sum of Weights 1.0
Maximum (Average) Accuracy of Classifier 0.86
Cost (Before Noise) [ 0.  0.  0.  0.  0.]
Cost (After Noise), [ 0.1   0.14  0.13  0.17  0.16]
Loss 0.139950945503 Loss Per Action [0.02016860985010923, 0.027969180796676329, 0.025830829106611563, 0.034147376949496877, 0.031834948799631571]
time spent 41.827504158

Iteration 12

Weights [ 0.20278106  0.19977742  0.198966    0.20004863  0.19842688] Sum of Weights 1.0
Maximum (Average) Accuracy of Classifier 0.862307692308
Cost (Before Noise) [ 0.  0.  0.  0.  0.]
Cost (After Noise), [ 0.11  0.14  0.08  0.14  0.17]
Loss 0.127931414766 Loss Per Action [0.022305916178744053, 0.027968839413530622, 0.015917280116060344, 0.028006808675013074, 0.033732570382600614]
time spent 40.8829948902

Iteration 13

Weights [ 0.20327321  0.19944889  0.20026228  0.19971966  0.19729596] Sum of Weights 1.0
Maximum (Average) Accuracy of Classifier 0.858571428571
Cost (Before Noise) [ 0.  0.  0.  0.  0.]
Cost (After Noise), [ 0.19  0.18  0.12  0.12  0.23]
Loss 0.16789861373 Loss Per Action [0.038621909185673632, 0.035900800627416053, 0.024031474155765963, 0.023966358646148916, 0.045378071114897923]
time spent 45.3977029324

Iteration 14

Weights [ 0.20266126  0.19911841  0.20156449  0.20101834  0.19563749] Sum of Weights 1.0
Maximum (Average) Accuracy of Classifier 0.859333333333
Cost (Before Noise) [ 0.  0.  0.  0.  0.]
Cost (After Noise), [ 0.21  0.14  0.09  0.16  0.14]
Loss 0.148128430573 Loss Per Action [0.042558865621171525, 0.02787657764518495, 0.018140804439055972, 0.032162933770234645, 0.027389249097658306]
time spent 43.1647670269

Iteration 15

Weights [ 0.20096451  0.19933534  0.20315747  0.20069206  0.19585063] Sum of Weights 1.0
Maximum (Average) Accuracy of Classifier 0.861875
Cost (Before Noise) [ 0.  0.  0.  0.  0.]
Cost (After Noise), [ 0.17  0.16  0.1   0.18  0.19]
Loss 0.159709556694 Loss Per Action [0.034163966541367344, 0.031893653677053997, 0.02031574719615703, 0.036124570510116014, 0.037211618769084]
time spent 44.5346229076

Iteration 16

Weights [ 0.20068229  0.19932563  0.20480791  0.20013852  0.19504565] Sum of Weights 1.0
Maximum (Average) Accuracy of Classifier 0.858235294118
Cost (Before Noise) [ 0.  0.  0.  0.  0.]
Cost (After Noise), [ 0.14  0.18  0.2   0.19  0.13]
Loss 0.168317969264 Loss Per Action [0.028095520094749814, 0.035878613317920929, 0.040961582218016823, 0.038026318630997383, 0.025355935002362644]
time spent 44.9760508537

Iteration 17

Weights [ 0.2014533   0.19900857  0.20392806  0.19954926  0.19606081] Sum of Weights 1.0
Maximum (Average) Accuracy of Classifier 0.854444444444
Cost (Before Noise) [ 0.  0.  0.  0.  0.]
Cost (After Noise), [ 0.19  0.16  0.21  0.15  0.14]
Loss 0.170323293201 Loss Per Action [0.038276126559745938, 0.031841370413574058, 0.042824893176335199, 0.029932389349732288, 0.027448513701880169]
time spent 45.644315958

Iteration 18

Weights [ 0.20091499  0.19928622  0.20283206  0.20009895  0.19686778] Sum of Weights 1.0
Maximum (Average) Accuracy of Classifier 0.853684210526
Cost (Before Noise) [ 0.  0.  0.  0.  0.]
Cost (After Noise), [ 0.19  0.11  0.16  0.17  0.14]
Loss 0.154126772569 Loss Per Action [0.038173848289058857, 0.02192148407256694, 0.032453129230919073, 0.034016821106167966, 0.027561489870159092]
time spent 43.8842999935

Iteration 19

Weights [ 0.19993821  0.20048143  0.20266912  0.19966715  0.19724409] Sum of Weights 1.0
Maximum (Average) Accuracy of Classifier 0.853
Cost (Before Noise) [ 0.  0.  0.  0.  0.]
Cost (After Noise), [ 0.12  0.18  0.16  0.2   0.18]
Loss 0.167943668069 Loss Per Action [0.023992584909318809, 0.036086657511755389, 0.03242705953148909, 0.03993342965460895, 0.035503936462193131]
time spent 45.8523209095

Iteration 20

Weights [ 0.20124152  0.20015243  0.20288628  0.19879936  0.19692041] Sum of Weights 1.0
Maximum (Average) Accuracy of Classifier 0.852380952381
Cost (Before Noise) [ 0.  0.  0.  0.  0.]
Cost (After Noise), [ 0.14  0.16  0.16  0.15  0.13]
Loss 0.148079563714 Loss Per Action [0.02817381312569012, 0.032024389544906856, 0.032461804037284575, 0.02981990395860986, 0.025599653047914395]
time spent 41.6905510426

Iteration 21

Weights [ 0.20146197  0.19982877  0.20255819  0.19874732  0.19740375] Sum of Weights 1.0
Maximum (Average) Accuracy of Classifier 0.854090909091
Cost (Before Noise) [ 0.  0.  0.  0.  0.]
Cost (After Noise), [ 0.15  0.18  0.11  0.13  0.21]
Loss 0.155761813971 Loss Per Action [0.030219295985553632, 0.035969178028107077, 0.022281400513724379, 0.025837152219338171, 0.041454787224399235]
time spent 42.8933980465

Iteration 22

Weights [ 0.20161717  0.19917045  0.20381726  0.19944084  0.19595428] Sum of Weights 1.0
Maximum (Average) Accuracy of Classifier 0.852173913043
Cost (Before Noise) [ 0.  0.  0.  0.  0.]
Cost (After Noise), [ 0.11  0.16  0.21  0.18  0.13]
Loss 0.158220192521 Loss Per Action [0.022177889001564262, 0.031867272230536495, 0.04280162410149848, 0.03589935056131973, 0.025474056626160233]
time spent 43.0463500023

Iteration 23

Weights [ 0.20293805  0.19912005  0.20238817  0.1988501   0.19670363] Sum of Weights 1.0
Maximum (Average) Accuracy of Classifier 0.851666666667
Cost (Before Noise) [ 0.  0.  0.  0.  0.]
Cost (After Noise), [ 0.18  0.12  0.14  0.12  0.18]
Loss 0.148026264482 Loss Per Action [0.036528849805353196, 0.023894405524938399, 0.028334344497290297, 0.023862011511687126, 0.03540665314319244]
time spent 42.6746180058

Iteration 24

Weights [ 0.20205832  0.19987722  0.2026073   0.19960624  0.19585092] Sum of Weights 1.0
Maximum (Average) Accuracy of Classifier 0.8528
Cost (Before Noise) [ 0.  0.  0.  0.  0.]
Cost (After Noise), [ 0.1   0.17  0.21  0.12  0.13]
Loss 0.146145860913 Loss Per Action [0.020205831787381681, 0.033979127346848728, 0.042547533243716629, 0.023952749167794572, 0.02546061936773257]
time spent 41.7991540432

Iteration 25

Weights [ 0.20332432  0.19922858  0.20085688  0.20031264  0.19627757] Sum of Weights 1.0
Maximum (Average) Accuracy of Classifier 0.851923076923
Cost (Before Noise) [ 0.  0.  0.  0.  0.]
Cost (After Noise), [ 0.17  0.13  0.18  0.14  0.13]
Loss 0.150178943452 Loss Per Action [0.034565134668359365, 0.025899715675515599, 0.036154238977124463, 0.028043769997517988, 0.025516084133332482]
time spent 43.3462660313

Iteration 26

Weights [ 0.2027775   0.19977392  0.20004512  0.20058864  0.19681483] Sum of Weights 1.0
Maximum (Average) Accuracy of Classifier 0.848888888889
Cost (Before Noise) [ 0.  0.  0.  0.  0.]
Cost (After Noise), [ 0.23  0.14  0.14  0.15  0.19]
Loss 0.170096602471 Loss Per Action [0.046638824250810146, 0.027968348474855388, 0.028006317069861172, 0.030088295317834, 0.037394817358000446]
time spent 44.6863660812

Iteration 27

Weights [ 0.20113395  0.20058896  0.20086127  0.20113395  0.19628186] Sum of Weights 1.0
Maximum (Average) Accuracy of Classifier 0.848928571429
Cost (Before Noise) [ 0.  0.  0.  0.  0.]
Cost (After Noise), [ 0.16  0.15  0.16  0.15  0.11]
Loss 0.146168677873 Loss Per Action [0.032181432477636399, 0.030088344280817005, 0.032137803614426669, 0.030170092947784128, 0.021591004552399155]
time spent 42.4865689278

Iteration 28

Weights [ 0.20075627  0.2004841   0.2004841   0.20102881  0.19724672] Sum of Weights 1.0
Maximum (Average) Accuracy of Classifier 0.849655172414
Cost (Before Noise) [ 0.  0.  0.  0.  0.]
Cost (After Noise), [ 0.18  0.18  0.15  0.13  0.14]
Loss 0.156044167796 Loss Per Action [0.036136128583392275, 0.036087138277818107, 0.030072615231515085, 0.026133745008252721, 0.027614540694945032]
time spent 42.9122171402

Iteration 29

Weights [ 0.2001041   0.19983282  0.20064778  0.20173956  0.19767574] Sum of Weights 1.0
Maximum (Average) Accuracy of Classifier 0.85
Cost (Before Noise) [ 0.  0.  0.  0.  0.]
Cost (After Noise), [ 0.1   0.17  0.18  0.14  0.18]
Loss 0.15392376123 Loss Per Action [0.020010410263284512, 0.033971579131698217, 0.036116599752970865, 0.028243538312466569, 0.035581633769744263]
time spent 42.7141778469

Iteration 30

Weights [ 0.20157158  0.19939573  0.19993748  0.20211924  0.19697597] Sum of Weights 1.0
Maximum (Average) Accuracy of Classifier 0.85064516129
Cost (Before Noise) [ 0.  0.  0.  0.  0.]
Cost (After Noise), [ 0.11  0.13  0.14  0.17  0.15]
Loss 0.139992232194 Loss Per Action [0.022172873478770564, 0.025921445285813943, 0.027991247498492761, 0.034360270445347049, 0.029546395485985616]
time spent 42.0397238731

Iteration 31

Weights [ 0.20239266  0.19966547  0.19993653  0.20129734  0.19670799] Sum of Weights 1.0
Maximum (Average) Accuracy of Classifier 0.85125
Cost (Before Noise) [ 0.  0.  0.  0.  0.]
Cost (After Noise), [ 0.13  0.18  0.13  0.11  0.11]
Loss 0.132023166957 Loss Per Action [0.026311046096719182, 0.035939785142364331, 0.025991748905653467, 0.022142707930443321, 0.021637878882258019]
time spent 40.0436589718

Iteration 32

Weights [ 0.202447    0.19836894  0.19999021  0.20189845  0.19729539] Sum of Weights 1.0
Maximum (Average) Accuracy of Classifier 0.850909090909
Cost (Before Noise) [ 0.  0.  0.  0.  0.]
Cost (After Noise), [ 0.16  0.18  0.14  0.16  0.17]
Loss 0.161940528443 Loss Per Action [0.03239152051388007, 0.035706408541724771, 0.027998629612728154, 0.032303752682749064, 0.033540217091973183]
time spent 44.406247139

Iteration 33

Weights [ 0.20249998  0.19788321  0.20058605  0.20195129  0.19707948] Sum of Weights 1.0
Maximum (Average) Accuracy of Classifier 0.853529411765
Cost (Before Noise) [ 0.  0.  0.  0.  0.]
Cost (After Noise), [ 0.06  0.2   0.15  0.14  0.16]
Loss 0.141620444031 Loss Per Action [0.012149998767378906, 0.039576641148856728, 0.03008790770921449, 0.02827318017547726, 0.031532716229910961]
time spent 41.6365420818

Iteration 34

Weights [ 0.20475073  0.19631836  0.20035427  0.20199177  0.19658487] Sum of Weights 1.0
Maximum (Average) Accuracy of Classifier 0.853428571429
Cost (Before Noise) [ 0.  0.  0.  0.  0.]
Cost (After Noise), [ 0.15  0.22  0.15  0.16  0.12]
Loss 0.159864656603 Loss Per Action [0.030712610034162358, 0.04319003863780934, 0.030053140279538659, 0.032318683181670901, 0.023590184469435473]
time spent 43.6504909992

Iteration 35

Weights [ 0.20502293  0.19472137  0.20062062  0.20198609  0.19764899] Sum of Weights 1.0
Maximum (Average) Accuracy of Classifier 0.850277777778
Cost (Before Noise) [ 0.  0.  0.  0.  0.]
Cost (After Noise), [ 0.26  0.14  0.1   0.16  0.12]
Loss 0.156664668736 Loss Per Action [0.053305961512562054, 0.027260992305489538, 0.020062061920929856, 0.032317774409417521, 0.02371787858720795]
time spent 43.2959251404

Iteration 36

Weights [ 0.20216294  0.19515644  0.20216294  0.20188887  0.1986288 ] Sum of Weights 1.0
Maximum (Average) Accuracy of Classifier 0.851621621622
Cost (Before Noise) [ 0.  0.  0.  0.  0.]
Cost (After Noise), [ 0.13  0.13  0.1   0.2   0.18]
Loss 0.147998772558 Loss Per Action [0.026281182659894178, 0.02537033757643729, 0.020216294353764756, 0.040377773624852183, 0.03575318434285904]
time spent 43.1176571846

Iteration 37

Weights [ 0.20265468  0.19563114  0.20348114  0.20046714  0.1977659 ] Sum of Weights 1.0
Maximum (Average) Accuracy of Classifier 0.851842105263
Cost (Before Noise) [ 0.  0.  0.  0.  0.]
Cost (After Noise), [ 0.14  0.12  0.14  0.14  0.14]
Loss 0.136087377295 Loss Per Action [0.028371654959410776, 0.023475736229901272, 0.028487360211935604, 0.028065399983964484, 0.027687225909804328]
time spent 41.0415730476

Iteration 38

Weights [ 0.20254702  0.19605845  0.20337305  0.20036065  0.19766084] Sum of Weights 1.0
Maximum (Average) Accuracy of Classifier 0.852564102564
Cost (Before Noise) [ 0.  0.  0.  0.  0.]
Cost (After Noise), [ 0.09  0.14  0.2   0.15  0.23]
Loss 0.161868113758 Loss Per Action [0.018229231827208987, 0.027448182580765583, 0.040674609468226222, 0.030054097029997007, 0.045461992851419268]
time spent 44.3153600693

Iteration 39

Weights [ 0.20452701  0.19663665  0.20231926  0.2006791   0.19583798] Sum of Weights 1.0
Maximum (Average) Accuracy of Classifier 0.85225
Cost (Before Noise) [ 0.  0.  0.  0.  0.]
Cost (After Noise), [ 0.16  0.14  0.16  0.19  0.15]
Loss 0.160129260298 Loss Per Action [0.032724320920259779, 0.027529130832831768, 0.032371081529950399, 0.038129029631303595, 0.029375697383639203]
time spent 44.1406438351

Iteration 40

Weights [ 0.20453007  0.19717385  0.20232229  0.19986701  0.19610678] Sum of Weights 1.0
Maximum (Average) Accuracy of Classifier 0.851951219512
Cost (Before Noise) [ 0.  0.  0.  0.  0.]
Cost (After Noise), [ 0.16  0.14  0.14  0.16  0.1 ]
Loss 0.140243670383 Loss Per Action [0.032724810855383243, 0.027604339507588099, 0.02832512040445365, 0.031978721661231418, 0.01961067795422888]
time spent 41.1182909012

Iteration 41

Weights [ 0.20398172  0.19717951  0.20232809  0.19933117  0.19717951] Sum of Weights 1.0
Maximum (Average) Accuracy of Classifier 0.85119047619
Cost (Before Noise) [ 0.  0.  0.  0.  0.]
Cost (After Noise), [ 0.18  0.19  0.18  0.21  0.11]
Loss 0.174149164561 Loss Per Action [0.036716710373351481, 0.037464106559518956, 0.036419056349980099, 0.041859545375422413, 0.02168974590287924]
time spent 44.8277118206

Iteration 42

Weights [ 0.20381775  0.1967539   0.20216545  0.19836198  0.19890092] Sum of Weights 1.0
Maximum (Average) Accuracy of Classifier 0.851162790698
Cost (Before Noise) [ 0.  0.  0.  0.  0.]
Cost (After Noise), [ 0.15  0.16  0.15  0.18  0.12]
Loss 0.1519513708 Loss Per Action [0.030572663113767211, 0.031480624246157732, 0.030324817484666533, 0.035705155857820615, 0.02386811009808764]
time spent 42.6070098877

Iteration 43

Weights [ 0.20387102  0.19653851  0.20221828  0.19760793  0.19976427] Sum of Weights 1.0
Maximum (Average) Accuracy of Classifier 0.851363636364
Cost (Before Noise) [ 0.  0.  0.  0.  0.]
Cost (After Noise), [ 0.14  0.16  0.16  0.18  0.1 ]
Loss 0.147888882346 Loss Per Action [0.028541942403244275, 0.031446161062199572, 0.032354924988862811, 0.035569427377484544, 0.01997642651399156]
time spent 42.939948082

Iteration 44

Weights [ 0.20408795  0.19621453  0.20188494  0.19674763  0.20106496] Sum of Weights 1.0
Maximum (Average) Accuracy of Classifier 0.852222222222
Cost (Before Noise) [ 0.  0.  0.  0.  0.]
Cost (After Noise), [ 0.11  0.14  0.12  0.09  0.13]
Loss 0.117991631655 Loss Per Action [0.022449674011230287, 0.027470033768819124, 0.024226192650997614, 0.017707286960267188, 0.026138444263496929]
time spent 38.3080189228

Iteration 45

Weights [ 0.20430878  0.19562903  0.2018294   0.19749566  0.20073713] Sum of Weights 1.0
Maximum (Average) Accuracy of Classifier 0.851086956522
Cost (Before Noise) [ 0.  0.  0.  0.  0.]
Cost (After Noise), [ 0.2   0.15  0.17  0.15  0.2 ]
Loss 0.174288883523 Loss Per Action [0.040861756585001734, 0.029344354590088589, 0.034310997598976947, 0.029624349052851912, 0.040147425696202749]
time spent 46.1955828667

Iteration 46

Weights [ 0.20359644  0.1962738   0.20194593  0.19814659  0.20003724] Sum of Weights 1.0
Maximum (Average) Accuracy of Classifier 0.850425531915
Cost (Before Noise) [ 0.  0.  0.  0.  0.]
Cost (After Noise), [ 0.2   0.16  0.12  0.2   0.17]
Loss 0.169992256263 Loss Per Action [0.040719287980533196, 0.031403808789827549, 0.024233511582297165, 0.039629317383806761, 0.034006330526198274]
time spent 44.7867047787

Iteration 47

Weights [ 0.20276764  0.19653845  0.20331855  0.19733997  0.2000354 ] Sum of Weights 1.0
Maximum (Average) Accuracy of Classifier 0.85
Cost (Before Noise) [ 0.  0.  0.  0.  0.]
Cost (After Noise), [ 0.15  0.17  0.17  0.19  0.16]
Loss 0.167891092687 Loss Per Action [0.030415145692099278, 0.033411536055271016, 0.034564153232171935, 0.037494594350765784, 0.032005663356319249]
time spent 45.2740590572

Iteration 48

Weights [ 0.20326006  0.19648191  0.20326006  0.19674864  0.20024933] Sum of Weights 1.0
Maximum (Average) Accuracy of Classifier 0.850816326531
Cost (Before Noise) [ 0.  0.  0.  0.  0.]
Cost (After Noise), [ 0.23  0.16  0.11  0.12  0.13]
Loss 0.150187775494 Loss Per Action [0.046749813470513137, 0.031437105279820861, 0.022358606442419347, 0.02360983717943204, 0.026032413121557563]
time spent 41.7769389153

Iteration 49

Weights [ 0.2010676   0.1962171   0.20436769  0.1975526   0.20079501] Sum of Weights 1.0
Maximum (Average) Accuracy of Classifier 0.8508
Cost (Before Noise) [ 0.  0.  0.  0.  0.]
Cost (After Noise), [ 0.18  0.14  0.15  0.2   0.19]
Loss 0.171979287265 Loss Per Action [0.036192167367896058, 0.027470394536760815, 0.030655153544362667, 0.039510520665631682, 0.038151051150216921]
time spent 45.7004320621

Iteration 50

Weights [ 0.20084795  0.19706926  0.20497698  0.19680209  0.20030373] Sum of Weights 1.0
Maximum (Average) Accuracy of Classifier 0.850196078431
Cost (Before Noise) [ 0.  0.  0.  0.  0.]
Cost (After Noise), [ 0.12  0.12  0.18  0.14  0.12]
Loss 0.136234660343 Loss Per Action [0.024101753455381573, 0.02364831115653868, 0.036895855640086343, 0.027552292573411078, 0.024036447517479357]
time spent 40.8188798428

Iteration 51

Weights [ 0.20128977  0.19750277  0.20376252  0.19670059  0.20074435] Sum of Weights 1.0
Maximum (Average) Accuracy of Classifier 0.850576923077
Cost (Before Noise) [ 0.  0.  0.  0.  0.]
Cost (After Noise), [ 0.12  0.18  0.13  0.17  0.16]
Loss 0.151752594831 Loss Per Action [0.024154772099660191, 0.03555049848876235, 0.026489128076114567, 0.033439099495598715, 0.032119096670427422]
time spent 42.9707119465

Iteration 52

Weights [ 0.20215773  0.19674639  0.20436371  0.19621329  0.20051888] Sum of Weights 1.0
Maximum (Average) Accuracy of Classifier 0.850188679245
Cost (Before Noise) [ 0.  0.  0.  0.  0.]
Cost (After Noise), [ 0.2   0.17  0.17  0.19  0.12]
Loss 0.169963053452 Loss Per Action [0.040431545969056432, 0.033446885983074139, 0.034741831276599862, 0.037280524251990348, 0.024062265970851902]
time spent 45.396406889

Iteration 53

Weights [ 0.20133422  0.19674402  0.20436126  0.19567927  0.20188123] Sum of Weights 1.0
Maximum (Average) Accuracy of Classifier 0.85037037037
Cost (Before Noise) [ 0.  0.  0.  0.  0.]
Cost (After Noise), [ 0.15  0.16  0.14  0.13  0.2 ]
Loss 0.156104303843 Loss Per Action [0.030200132556694279, 0.031479043426491854, 0.028610575705678733, 0.025438305557208152, 0.040376246596449866]
time spent 42.5049519539

Iteration 54

Weights [ 0.20149993  0.19663901  0.20480712  0.19637242  0.20068151] Sum of Weights 1.0
Maximum (Average) Accuracy of Classifier 0.848545454545
Cost (Before Noise) [ 0.  0.  0.  0.  0.]
Cost (After Noise), [ 0.18  0.2   0.25  0.19  0.2 ]
Loss 0.204246633212 Loss Per Action [0.036269987772943074, 0.039327801977477476, 0.051201780435416976, 0.037310760437611772, 0.040136302588637443]
time spent 47.9626932144

Iteration 55

Weights [ 0.20216273  0.19675125  0.2035387   0.19675125  0.20079606] Sum of Weights 1.0
Maximum (Average) Accuracy of Classifier 0.847857142857
Cost (Before Noise) [ 0.  0.  0.  0.  0.]
Cost (After Noise), [ 0.15  0.14  0.19  0.17  0.17]
Loss 0.164124981707 Loss Per Action [0.030324409477716498, 0.027545175602298494, 0.038672352366665032, 0.033447713231362475, 0.03413533102919785]
time spent 43.5631430149

Iteration 56

Weights [ 0.20254993  0.1973957   0.2028249   0.19659395  0.20063553] Sum of Weights 1.0
Maximum (Average) Accuracy of Classifier 0.848070175439
Cost (Before Noise) [ 0.  0.  0.  0.  0.]
Cost (After Noise), [ 0.13  0.2   0.2   0.2   0.14]
Loss 0.173783373583 Loss Per Action [0.026331490425358289, 0.039479139748286117, 0.040564979837150961, 0.039318789901896217, 0.02808897367001929]
time spent 43.8617241383

Iteration 57

Weights [ 0.20375469  0.19669302  0.20210289  0.19589412  0.20155528] Sum of Weights 1.0
Maximum (Average) Accuracy of Classifier 0.848275862069
Cost (Before Noise) [ 0.  0.  0.  0.  0.]
Cost (After Noise), [ 0.14  0.18  0.17  0.2   0.14]
Loss 0.165684455033 Loss Per Action [0.028525656071355043, 0.035404743502311445, 0.034357491862160409, 0.039178824850388691, 0.028217738746397245]
time spent 43.4142971039

Iteration 58

Weights [ 0.20446488  0.19631041  0.2019836   0.19498331  0.2022578 ] Sum of Weights 1.0
Maximum (Average) Accuracy of Classifier 0.848474576271
Cost (Before Noise) [ 0.  0.  0.  0.  0.]
Cost (After Noise), [ 0.14  0.15  0.17  0.15  0.19]
Loss 0.160085335207 Loss Per Action [0.02862508269549011, 0.029446562094193343, 0.034337211463324829, 0.029247496791490128, 0.038428982162639715]
time spent 42.4875209332

Iteration 59

Weights [ 0.20502216  0.19657861  0.2017115   0.19524969  0.20143804] Sum of Weights 1.0
Maximum (Average) Accuracy of Classifier 0.8485
Cost (Before Noise) [ 0.  0.  0.  0.  0.]
Cost (After Noise), [ 0.15  0.16  0.16  0.12  0.17]
Loss 0.152154171035 Loss Per Action [0.030753324352229921, 0.031452577249930079, 0.032273840038438577, 0.023429963129282198, 0.03424446626543131]
time spent 41.5189430714

Iteration 60

Weights [ 0.20508154  0.19636896  0.20149637  0.19610273  0.2009504 ] Sum of Weights 1.0
Maximum (Average) Accuracy of Classifier 0.848524590164
Cost (Before Noise) [ 0.  0.  0.  0.  0.]
Cost (After Noise), [ 0.15  0.18  0.11  0.16  0.17]
Loss 0.153811249073 Loss Per Action [0.03076223051013962, 0.035346411922111583, 0.022164601060729979, 0.031376437553392943, 0.034161568026320185]
time spent 41.9382889271

Iteration 61

Weights [ 0.2051865   0.19567147  0.20269646  0.1959371   0.20050847] Sum of Weights 1.0
Maximum (Average) Accuracy of Classifier 0.848709677419
Cost (Before Noise) [ 0.  0.  0.  0.  0.]
Cost (After Noise), [ 0.14  0.18  0.14  0.17  0.18]
Loss 0.161725310745 Loss Per Action [0.028726109461192195, 0.035220864298732578, 0.028377504315372913, 0.033309307556278971, 0.036091525113825344]
time spent 42.6958329678

Iteration 62

Weights [ 0.2057915   0.19518635  0.20329412  0.19571666  0.20001136] Sum of Weights 1.0
Maximum (Average) Accuracy of Classifier 0.848253968254
Cost (Before Noise) [ 0.  0.  0.  0.  0.]
Cost (After Noise), [ 0.18  0.16  0.13  0.17  0.17]
Loss 0.161974286631 Loss Per Action [0.037042470053053764, 0.031229816176095226, 0.026428235797965254, 0.033271832806090848, 0.034001931797824042]
time spent 42.5048010349

Iteration 63

Weights [ 0.2052883   0.1952381   0.20417731  0.19550314  0.19979316] Sum of Weights 1.0
Maximum (Average) Accuracy of Classifier 0.8484375
Cost (Before Noise) [ 0.  0.  0.  0.  0.]
Cost (After Noise), [ 0.14  0.22  0.14  0.16  0.15]
Loss 0.16152704204 Loss Per Action [0.028740361589532862, 0.042952380992385894, 0.028584823243884824, 0.03128050272607201, 0.029968973488369605]
time spent 42.6095759869

Iteration 64

Weights [ 0.20588703  0.19369389  0.2047728   0.19554206  0.20010421] Sum of Weights 1.0
Maximum (Average) Accuracy of Classifier 0.848461538462
Cost (Before Noise) [ 0.  0.  0.  0.  0.]
Cost (After Noise), [ 0.15  0.22  0.19  0.17  0.15]
Loss 0.175660325879 Loss Per Action [0.030883054785747273, 0.042612656618568917, 0.038906832657857687, 0.033242150032421633, 0.030015631784639465]
time spent 44.483342886

Iteration 65

Weights [ 0.20660369  0.19253104  0.20437352  0.19569102  0.20080074] Sum of Weights 1.0
Maximum (Average) Accuracy of Classifier 0.848636363636
Cost (Before Noise) [ 0.  0.  0.  0.  0.]
Cost (After Noise), [ 0.14  0.17  0.17  0.14  0.15]
Loss 0.15391514411 Loss Per Action [0.028924515951397223, 0.032730276039124373, 0.03474349885364178, 0.027396742796237508, 0.030120110470051489]
time spent 41.7260870934

Iteration 66

Weights [ 0.20699373  0.19211104  0.2039277   0.19606046  0.20090708] Sum of Weights 1.0
Maximum (Average) Accuracy of Classifier 0.847462686567
Cost (Before Noise) [ 0.  0.  0.  0.  0.]
Cost (After Noise), [ 0.23  0.19  0.14  0.11  0.22]
Loss 0.178425739954 Loss Per Action [0.047608556914279176, 0.036501097891471421, 0.028549877308290367, 0.021566650452139891, 0.044199557388062666]
time spent 44.3549699783

Iteration 67

Weights [ 0.20554644  0.19180584  0.2049895   0.19788503  0.19977319] Sum of Weights 1.0
Maximum (Average) Accuracy of Classifier 0.847794117647
Cost (Before Noise) [ 0.  0.  0.  0.  0.]
Cost (After Noise), [ 0.13  0.17  0.12  0.18  0.09]
Loss 0.137525662749 Loss Per Action [0.026721037536101087, 0.032606992824452834, 0.024598739450661426, 0.03561930594378087, 0.017979586994482512]
time spent 40.2233381271

Iteration 68

Weights [ 0.20575435  0.19096078  0.20547541  0.19674609  0.20106338] Sum of Weights 1.0
Maximum (Average) Accuracy of Classifier 0.848405797101
Cost (Before Noise) [ 0.  0.  0.  0.  0.]
Cost (After Noise), [ 0.14  0.15  0.1   0.14  0.15]
Loss 0.135701225349 Loss Per Action [0.028805608913664526, 0.028644116306277161, 0.020547540504576297, 0.02754445267415094, 0.030159506949913272]
time spent 40.1808738708

Iteration 69

Weights [ 0.20563373  0.19059009  0.20647234  0.19663075  0.20067308] Sum of Weights 1.0
Maximum (Average) Accuracy of Classifier 0.848857142857
Cost (Before Noise) [ 0.  0.  0.  0.  0.]
Cost (After Noise), [ 0.21  0.21  0.12  0.19  0.17]
Loss 0.179457950606 Loss Per Action [0.043183083110024577, 0.040023919088506762, 0.024776681321594472, 0.037359842726739603, 0.034114424359391132]
time spent 45.5389139652

Iteration 70

Weights [ 0.20478131  0.18980003  0.20814236  0.19634768  0.20092862] Sum of Weights 1.0
Maximum (Average) Accuracy of Classifier 0.849154929577
Cost (Before Noise) [ 0.  0.  0.  0.  0.]
Cost (After Noise), [ 0.17  0.11  0.13  0.13  0.17]
Loss 0.142432396714 Loss Per Action [0.034812822808800263, 0.020878003651828732, 0.027058506424115308, 0.025525197782337708, 0.034157866046718173]
time spent 40.8431279659

Iteration 71

Weights [ 0.2040158   0.19063597  0.20849262  0.19667809  0.20017752] Sum of Weights 1.0
Maximum (Average) Accuracy of Classifier 0.85
Cost (Before Noise) [ 0.  0.  0.  0.  0.]
Cost (After Noise), [ 0.13  0.19  0.09  0.22  0.2 ]
Loss 0.164811907866 Loss Per Action [0.026522054613399095, 0.036220834721688758, 0.01876433548560243, 0.043269179074290967, 0.040035503970822908]
time spent 43.4174349308

Iteration 72

Weights [ 0.20497709  0.18998149  0.21061481  0.19520677  0.19921983] Sum of Weights 1.0
Maximum (Average) Accuracy of Classifier 0.849726027397
Cost (Before Noise) [ 0.  0.  0.  0.  0.]
Cost (After Noise), [ 0.15  0.19  0.17  0.22  0.14]
Loss 0.173483831648 Loss Per Action [0.030746563911304255, 0.036096483552605862, 0.035804518204281835, 0.042945489708004839, 0.027890776271322991]
time spent 44.022739172

Iteration 73

Weights [ 0.20562963  0.18955487  0.2107128   0.19397734  0.20012536] Sum of Weights 1.0
Maximum (Average) Accuracy of Classifier 0.85027027027
Cost (Before Noise) [ 0.  0.  0.  0.  0.]
Cost (After Noise), [ 0.17  0.16  0.11  0.16  0.19]
Loss 0.157524416822 Loss Per Action [0.034957037548500283, 0.030328779341775195, 0.023178408361359815, 0.031036374059863855, 0.038023817510121655]
time spent 42.8347480297

Iteration 74

Weights [ 0.20528054  0.18948996  0.21207432  0.19391091  0.19924427] Sum of Weights 1.0
Maximum (Average) Accuracy of Classifier 0.8504
Cost (Before Noise) [ 0.  0.  0.  0.  0.]
Cost (After Noise), [ 0.12  0.15  0.14  0.16  0.12]
Loss 0.137682621751 Loss Per Action [0.024633664642202947, 0.028423494186090532, 0.029690404519916811, 0.031025746213540796, 0.023909312188840338]
time spent 40.4598929882

Iteration 75

Weights [ 0.2057731   0.18917314  0.21200716  0.19332426  0.19972234] Sum of Weights 1.0
Maximum (Average) Accuracy of Classifier 0.849736842105
Cost (Before Noise) [ 0.  0.  0.  0.  0.]
Cost (After Noise), [ 0.15  0.19  0.2   0.21  0.19]
Loss 0.187755632929 Loss Per Action [0.03086596434134143, 0.035942897363599145, 0.042401432459312383, 0.04059809387309319, 0.037947244892032495]
time spent 46.4206781387

Iteration 76

Weights [ 0.20682898  0.18911482  0.21165446  0.19274098  0.19966076] Sum of Weights 1.0
Maximum (Average) Accuracy of Classifier 0.849480519481
Cost (Before Noise) [ 0.  0.  0.  0.  0.]
Cost (After Noise), [ 0.13  0.1   0.17  0.17  0.18]
Loss 0.150485411345 Loss Per Action [0.026887766977847602, 0.01891148172392321, 0.035981258619676944, 0.032765966831499231, 0.035938937191976279]
time spent 42.022758007

Iteration 77

Weights [ 0.20740287  0.19041294  0.21109312  0.1922298   0.19886127] Sum of Weights 1.0
Maximum (Average) Accuracy of Classifier 0.848717948718
Cost (Before Noise) [ 0.  0.  0.  0.  0.]
Cost (After Noise), [ 0.11  0.15  0.21  0.12  0.14]
Loss 0.146613965944 Loss Per Action [0.02281431529705142, 0.028561941460360524, 0.044329555666096969, 0.023067576309472052, 0.027840577211391795]
time spent 41.4602589607

Iteration 78

Weights [ 0.2084332   0.19032327  0.20928323  0.19292285  0.19903745] Sum of Weights 1.0
Maximum (Average) Accuracy of Classifier 0.848481012658
Cost (Before Noise) [ 0.  0.  0.  0.  0.]
Cost (After Noise), [ 0.14  0.18  0.17  0.21  0.2 ]
Loss 0.179338274415 Loss Per Action [0.029180647694005784, 0.034258188250690533, 0.035578149075501289, 0.040513799358809346, 0.039807490036164586]
time spent 45.2516479492

Iteration 79

Weights [ 0.20954736  0.19030512  0.20954736  0.19212095  0.19847921] Sum of Weights 1.0
Maximum (Average) Accuracy of Classifier 0.8485
Cost (Before Noise) [ 0.  0.  0.  0.  0.]
Cost (After Noise), [ 0.15  0.26  0.2   0.15  0.15]
Loss 0.181410931104 Loss Per Action [0.031432103950965802, 0.049479331011385685, 0.041909471934621079, 0.028818142494630224, 0.02977188171225412]
time spent 45.6895260811

Iteration 80

Weights [ 0.21043866  0.18828374  0.20901604  0.19293812  0.19932343] Sum of Weights 1.0
Maximum (Average) Accuracy of Classifier 0.849135802469
Cost (Before Noise) [ 0.  0.  0.  0.  0.]
Cost (After Noise), [ 0.1   0.19  0.18  0.15  0.26]
Loss 0.175205475638 Loss Per Action [0.021043865630062084, 0.035773911486436105, 0.03762288796052312, 0.02894071866670319, 0.051824091894668467]
time spent 44.914124012

Iteration 81

Weights [ 0.21259122  0.1879014   0.20887477  0.19359403  0.19703859] Sum of Weights 1.0
Maximum (Average) Accuracy of Classifier 0.849634146341
Cost (Before Noise) [ 0.  0.  0.  0.  0.]
Cost (After Noise), [ 0.11  0.15  0.17  0.12  0.13]
Loss 0.135925254226 Loss Per Action [0.023385033832654892, 0.028185209736567352, 0.035508711174811372, 0.023231283243516032, 0.025615016238484521]
time spent 40.2211751938

Iteration 82

Weights [ 0.2133393   0.18754213  0.20791052  0.19401188  0.19719617] Sum of Weights 1.0
Maximum (Average) Accuracy of Classifier 0.849156626506
Cost (Before Noise) [ 0.  0.  0.  0.  0.]
Cost (After Noise), [ 0.19  0.16  0.18  0.2   0.19]
Loss 0.1842347497 Loss Per Action [0.040534467140242073, 0.030006740856355935, 0.037423893444522835, 0.038802376043166775, 0.037467272215941587]
time spent 45.7472388744

Iteration 83

Weights [ 0.21317216  0.18815944  0.20802966  0.19359706  0.19704168] Sum of Weights 1.0
Maximum (Average) Accuracy of Classifier 0.849166666667
Cost (Before Noise) [ 0.  0.  0.  0.  0.]
Cost (After Noise), [ 0.15  0.12  0.16  0.14  0.09]
Loss 0.132677042259 Loss Per Action [0.031975824166409969, 0.022579132355693088, 0.033284745867724404, 0.027103588922769716, 0.017733750946722984]
time spent 39.8331291676

Iteration 84

Weights [ 0.21267056  0.18848224  0.2072588   0.19340373  0.19818467] Sum of Weights 1.0
Maximum (Average) Accuracy of Classifier 0.849647058824
Cost (Before Noise) [ 0.  0.  0.  0.  0.]
Cost (After Noise), [ 0.11  0.15  0.15  0.17  0.2 ]
Loss 0.155270485635 Loss Per Action [0.023393761923409407, 0.028272335934594675, 0.031088819776446307, 0.032878633513693648, 0.039636934487033773]
time spent 42.1351909637

Iteration 85

Weights [ 0.21397897  0.18861552  0.20740535  0.19301607  0.19698409] Sum of Weights 1.0
Maximum (Average) Accuracy of Classifier 0.849651162791
Cost (Before Noise) [ 0.  0.  0.  0.  0.]
Cost (After Noise), [ 0.15  0.18  0.16  0.1   0.16]
Loss 0.150051556543 Loss Per Action [0.032096844930982416, 0.033950793272084369, 0.033184856689591979, 0.019301606931512144, 0.031517454718421267]
time spent 41.6548700333

Iteration 86

Weights [ 0.2139791   0.18784955  0.2071243   0.1943299   0.19671716] Sum of Weights 1.0
Maximum (Average) Accuracy of Classifier 0.849770114943
Cost (Before Noise) [ 0.  0.  0.  0.  0.]
Cost (After Noise), [ 0.14  0.2   0.17  0.17  0.16]
Loss 0.167248941879 Loss Per Action [0.029957073597723798, 0.037569909153189814, 0.03521113072896033, 0.033036083122016599, 0.031474745277449388]
time spent 42.8413159847

Iteration 87

Weights [ 0.21477084  0.18701612  0.2070463   0.19425672  0.19691003] Sum of Weights 1.0
Maximum (Average) Accuracy of Classifier 0.85
Cost (Before Noise) [ 0.  0.  0.  0.  0.]
Cost (After Noise), [ 0.13  0.16  0.15  0.08  0.14]
Loss 0.132007673797 Loss Per Action [0.027920208724970797, 0.029922578462004062, 0.031056944752432154, 0.01554053750794379, 0.027567404349478047]
time spent 39.9563210011

Iteration 88

Weights [ 0.21482785  0.18630597  0.2065401   0.1956308   0.19669528] Sum of Weights 1.0
Maximum (Average) Accuracy of Classifier 0.849887640449
Cost (Before Noise) [ 0.  0.  0.  0.  0.]
Cost (After Noise), [ 0.16  0.12  0.16  0.1   0.11]
Loss 0.130975149461 Loss Per Action [0.034372456252197189, 0.022356716371900408, 0.033046416456459671, 0.019563079584380232, 0.02163648079573811]
time spent 39.6635529995

Iteration 89

Weights [ 0.21398232  0.18658245  0.20572719  0.19645343  0.1972546 ] Sum of Weights 1.0
Maximum (Average) Accuracy of Classifier 0.850111111111
Cost (Before Noise) [ 0.  0.  0.  0.  0.]
Cost (After Noise), [ 0.13  0.2   0.21  0.19  0.2 ]
Loss 0.185113975067 Loss Per Action [0.027817701966158345, 0.037316490749172399, 0.043202710608435627, 0.037326151121546074, 0.039450920621705313]
time spent 46.726350069

Iteration 90

Weights [ 0.21558653  0.18620454  0.20503216  0.19632168  0.19685508] Sum of Weights 1.0
Maximum (Average) Accuracy of Classifier 0.85010989011
Cost (Before Noise) [ 0.  0.  0.  0.  0.]
Cost (After Noise), [ 0.15  0.14  0.15  0.17  0.14]
Loss 0.150095837395 Loss Per Action [0.032337979850376668, 0.026068636184976832, 0.030754824731297991, 0.033374685728061369, 0.027559710899997873]
time spent 41.5720829964

Iteration 91

Weights [ 0.2155891   0.18645955  0.20503461  0.19579206  0.19712467] Sum of Weights 1.0
Maximum (Average) Accuracy of Classifier 0.85
Cost (Before Noise) [ 0.  0.  0.  0.  0.]
Cost (After Noise), [ 0.16  0.15  0.13  0.18  0.17]
Loss 0.157871454169 Loss Per Action [0.034494256586222419, 0.027968932671962453, 0.026654499341610384, 0.035242571546546815, 0.033511194022762356]
time spent 42.436934948

Iteration 92

Weights [ 0.21552627  0.18665826  0.20581078  0.19520464  0.19680005] Sum of Weights 1.0
Maximum (Average) Accuracy of Classifier 0.849784946237
Cost (Before Noise) [ 0.  0.  0.  0.  0.]
Cost (After Noise), [ 0.17  0.2   0.17  0.16  0.18]
Loss 0.175615701997 Loss Per Action [0.03663946577276931, 0.037331652430247726, 0.034987832647925307, 0.031232742003713666, 0.035424009142569608]
time spent 45.0468971729

Iteration 93

Weights [ 0.21569018  0.18604151  0.2059673   0.1956183   0.19668271] Sum of Weights 1.0
Maximum (Average) Accuracy of Classifier 0.84914893617
Cost (Before Noise) [ 0.  0.  0.  0.  0.]
Cost (After Noise), [ 0.21  0.19  0.17  0.17  0.16]
Loss 0.180381610215 Loss Per Action [0.045294938039029051, 0.035347885968404061, 0.035014441569793678, 0.033255110515903005, 0.031469234121728785]
time spent 45.2810130119

Iteration 94

Weights [ 0.21482459  0.18579834  0.20625696  0.1958934   0.1972267 ] Sum of Weights 1.0
Maximum (Average) Accuracy of Classifier 0.849368421053
Cost (Before Noise) [ 0.  0.  0.  0.  0.]
Cost (After Noise), [ 0.13  0.15  0.1   0.16  0.08]
Loss 0.123543724928 Loss Per Action [0.027927197077964247, 0.027869750711875481, 0.020625696455057071, 0.031342944651597197, 0.015778136031228761]
time spent 38.6022589207

Iteration 95

Weights [ 0.21463476  0.18513116  0.20691512  0.19492536  0.1983936 ] Sum of Weights 1.0
Maximum (Average) Accuracy of Classifier 0.849583333333
Cost (Before Noise) [ 0.  0.  0.  0.  0.]
Cost (After Noise), [ 0.13  0.18  0.14  0.18  0.14]
Loss 0.153055913138 Loss Per Action [0.027902518899567332, 0.033323609220822309, 0.028968116368928237, 0.035086564135733044, 0.027775104513191259]
time spent 41.9213519096

Iteration 96

Weights [ 0.21530625  0.1844549   0.20728106  0.19421332  0.19874447] Sum of Weights 1.0
Maximum (Average) Accuracy of Classifier 0.848969072165
Cost (Before Noise) [ 0.  0.  0.  0.  0.]
Cost (After Noise), [ 0.21  0.15  0.11  0.15  0.2 ]
Loss 0.164564356192 Loss Per Action [0.045214311886217565, 0.027668235485139917, 0.022800916232975293, 0.029131998050959344, 0.039748894537073323]
time spent 43.4203579426

Iteration 97

Weights [ 0.21398045  0.18481735  0.20881845  0.19459494  0.1977888 ] Sum of Weights 1.0
Maximum (Average) Accuracy of Classifier 0.849591836735
Cost (Before Noise) [ 0.  0.  0.  0.  0.]
Cost (After Noise), [ 0.09  0.19  0.17  0.17  0.15]
Loss 0.152622135023 Loss Per Action [0.019258240446905772, 0.03511529689085633, 0.035499136682986314, 0.033081140511350415, 0.029668320490798938]
time spent 42.6183960438

Iteration 98

Weights [ 0.21580365  0.18388048  0.20832439  0.19413453  0.19785695] Sum of Weights 1.0
Maximum (Average) Accuracy of Classifier 0.849797979798
Cost (Before Noise) [ 0.  0.  0.  0.  0.]
Cost (After Noise), [ 0.13  0.14  0.18  0.16  0.15]
Loss 0.152036199309 Loss Per Action [0.028054473858253576, 0.025743267419605861, 0.037498390058810081, 0.031061525594275503, 0.029678542378209664]
time spent 41.9270551205

Iteration 99

Weights [ 0.21644914  0.18418046  0.20753499  0.19392436  0.19791105] Sum of Weights 1.0
Maximum (Average) Accuracy of Classifier 0.85
Cost (Before Noise) [ 0.  0.  0.  0.  0.]
Cost (After Noise), [ 0.13  0.15  0.18  0.19  0.22]
Loss 0.173507814647 Loss Per Action [0.028138388839629956, 0.027627068906284163, 0.037356297460603399, 0.036845627883313178, 0.043540431556975102]
time spent 44.5826969147

finished running MWU 
Success
