binary CLASSIFICATION: 

Noise Function gradientDescent
Iters 100 
Alpha 0.5
Data path : binary_data_2
Num Classifiers : 5
Model 0, Test Accuracy 0.959819186339
Model 1, Test Accuracy 0.96082370668
Model 2, Test Accuracy 0.954796584631
Model 3, Test Accuracy 0.960321446509
Model 4, Test Accuracy 0.953792064289
Num Points 100


Running MWU for 100 Iterations with Epsilon 0.126863624118

Guaranteed to be within 0.253727248236 of the minimax value 

Iteration 0

Weights [ 0.2  0.2  0.2  0.2  0.2] Sum of Weights 1.0
Maximum (Average) Accuracy of Classifier 0.68
Cost (Before Noise) [ 0.  0.  0.  0.  0.]
Cost (After Noise), [ 0.47  0.42  0.41  0.47  0.32]
Loss 0.418 Loss Per Action [0.094, 0.084000000000000019, 0.082000000000000017, 0.094, 0.063999999999999987]
time spent 150.654726028

Iteration 1

Weights [ 0.19858854  0.19994018  0.20021161  0.19858854  0.20267112] Sum of Weights 1.0
Maximum (Average) Accuracy of Classifier 0.67
Cost (Before Noise) [ 0.  0.  0.  0.  0.]
Cost (After Noise), [ 0.45  0.37  0.39  0.42  0.34]
Loss 0.393740608957 Loss Per Action [0.089364843757285192, 0.073977867242900786, 0.078082528563139575, 0.083407187506799527, 0.068908181886762565]
time spent 150.574548006

Iteration 2

Weights [ 0.19707596  0.20058247  0.20031054  0.19787967  0.20415137] Sum of Weights 1.0
Maximum (Average) Accuracy of Classifier 0.67
Cost (Before Noise) [ 0.  0.  0.  0.  0.]
Cost (After Noise), [ 0.45  0.42  0.41  0.42  0.33]
Loss 0.405535549965 Loss Per Action [0.08868418004092532, 0.084244636543187382, 0.08212731944087405, 0.083109461650049621, 0.067369952290254553]
time spent 152.47953105

Iteration 3

Weights [ 0.19588777  0.20018622  0.20018622  0.19748876  0.20625103] Sum of Weights 1.0
Maximum (Average) Accuracy of Classifier 0.67
Cost (Before Noise) [ 0.  0.  0.  0.  0.]
Cost (After Noise), [ 0.47  0.39  0.4   0.43  0.33]
Loss 0.403197372323 Loss Per Action [0.092067250226297179, 0.078072626181671545, 0.08007448839145799, 0.084920168064450394, 0.068062839458855218]
time spent 153.891771078

Iteration 4

Weights [ 0.19411666  0.20054097  0.2002691   0.19676806  0.20830521] Sum of Weights 1.0
Maximum (Average) Accuracy of Classifier 0.67
Cost (Before Noise) [ 0.  0.  0.  0.  0.]
Cost (After Noise), [ 0.49  0.38  0.41  0.45  0.33]
Loss 0.410719409467 Loss Per Action [0.095117164374059315, 0.076205569254155531, 0.082110329048492262, 0.088545627539401012, 0.06874071925108341]
time spent 154.715711117

Iteration 5

Weights [ 0.1920346   0.20137278  0.20028298  0.19571675  0.21059288] Sum of Weights 1.0
Maximum (Average) Accuracy of Classifier 0.67
Cost (Before Noise) [ 0.  0.  0.  0.  0.]
Cost (After Noise), [ 0.48  0.36  0.4   0.47  0.33]
Loss 0.406266528456 Loss Per Action [0.092176610233915865, 0.072494201030380775, 0.080113193047910022, 0.091986874362757612, 0.069495649780581051]
time spent 154.59758997

Iteration 6

Weights [ 0.19011714  0.20263418  0.20044686  0.19402557  0.21277625] Sum of Weights 1.0
Maximum (Average) Accuracy of Classifier 0.671428571429
Cost (Before Noise) [ 0.  0.  0.  0.  0.]
Cost (After Noise), [ 0.47  0.37  0.4   0.41  0.32]
Loss 0.392147330358 Loss Per Action [0.089355056635963437, 0.074974645694406206, 0.080178745322641826, 0.079550483013891518, 0.068088399691435514]
time spent 156.242258072

Iteration 7

Weights [ 0.18811552  0.20323937  0.20022895  0.19355188  0.21486427] Sum of Weights 1.0
Maximum (Average) Accuracy of Classifier 0.67375
Cost (Before Noise) [ 0.  0.  0.  0.  0.]
Cost (After Noise), [ 0.45  0.37  0.42  0.43  0.31]
Loss 0.393781946487 Loss Per Action [0.084651985594423718, 0.075198568447433681, 0.084096160554069058, 0.083227309235603619, 0.066607922655657889]
time spent 153.043356895

Iteration 8

Weights [ 0.18668178  0.20389125  0.19951324  0.19259857  0.21731515] Sum of Weights 1.0
Maximum (Average) Accuracy of Classifier 0.673333333333
Cost (Before Noise) [ 0.  0.  0.  0.  0.]
Cost (After Noise), [ 0.46  0.39  0.38  0.44  0.33]
Loss 0.397663611882 Loss Per Action [0.085873620574548809, 0.079517587607408027, 0.075815031317851014, 0.0847433717950207, 0.071714000587460552]
time spent 152.704527855

Iteration 9

Weights [ 0.18510607  0.20409932  0.19998797  0.19149178  0.21931486] Sum of Weights 1.0
Maximum (Average) Accuracy of Classifier 0.671
Cost (Before Noise) [ 0.  0.  0.  0.  0.]
Cost (After Noise), [ 0.45  0.39  0.39  0.44  0.35]
Loss 0.401908358856 Loss Per Action [0.083297731186275342, 0.079598735177518976, 0.077995308307381078, 0.084256383619174868, 0.076760200565150413]
time spent 151.01748395

Iteration 10

Weights [ 0.18390002  0.20442677  0.20030882  0.1905024   0.22086199] Sum of Weights 1.0
Maximum (Average) Accuracy of Classifier 0.670909090909
Cost (Before Noise) [ 0.  0.  0.  0.  0.]
Cost (After Noise), [ 0.44  0.36  0.38  0.43  0.33]
Loss 0.38542748659 Loss Per Action [0.080916010808596853, 0.073593636644060725, 0.076117352149407083, 0.081916030976795312, 0.072884456011296783]
time spent 150.253615856

Iteration 11

Weights [ 0.18254062  0.20512988  0.20045315  0.1893509   0.22252545] Sum of Weights 1.0
Maximum (Average) Accuracy of Classifier 0.67
Cost (Before Noise) [ 0.  0.  0.  0.  0.]
Cost (After Noise), [ 0.44  0.39  0.4   0.43  0.34]
Loss 0.397579325957 Loss Per Action [0.080317873390100103, 0.08000065470060895, 0.080181260499328111, 0.081420884878281558, 0.075658652488999306]
time spent 151.163612843

Iteration 12

Weights [ 0.18149099  0.2053385   0.20038497  0.18851768  0.22426785] Sum of Weights 1.0
Maximum (Average) Accuracy of Classifier 0.668461538462
Cost (Before Noise) [ 0.  0.  0.  0.  0.]
Cost (After Noise), [ 0.46  0.39  0.41  0.44  0.35]
Loss 0.407167238893 Loss Per Action [0.083485856281838314, 0.080082014006396626, 0.082157839709413635, 0.082947780129425636, 0.078493748766062438]
time spent 163.953670979

Iteration 13

Weights [ 0.18019231  0.20581443  0.20030521  0.18767725  0.2260108 ] Sum of Weights 1.0
Maximum (Average) Accuracy of Classifier 0.669285714286
Cost (Before Noise) [ 0.  0.  0.  0.  0.]
Cost (After Noise), [ 0.45  0.39  0.38  0.43  0.32]
Loss 0.390494821133 Loss Per Action [0.081086541218760411, 0.080267627926398771, 0.076115978508904059, 0.080701218669798486, 0.072323454808698229]
time spent 170.319986105

Iteration 14

Weights [ 0.17874012  0.20582431  0.20058676  0.18667053  0.22817827] Sum of Weights 1.0
Maximum (Average) Accuracy of Classifier 0.67
Cost (Before Noise) [ 0.  0.  0.  0.  0.]
Cost (After Noise), [ 0.45  0.4   0.38  0.43  0.32]
Loss 0.392271124733 Loss Per Action [0.080433052632637878, 0.082329724859239756, 0.076222969644014663, 0.080268329945631364, 0.073017047651875083]
time spent 151.937732935

Iteration 15

Weights [ 0.17734232  0.20560464  0.20091709  0.18571393  0.23042202] Sum of Weights 1.0
Maximum (Average) Accuracy of Classifier 0.669375
Cost (Before Noise) [ 0.  0.  0.  0.  0.]
Cost (After Noise), [ 0.45  0.36  0.39  0.43  0.34]
Loss 0.390379856401 Loss Per Action [0.079804044734259019, 0.074017671939749272, 0.078357664191038665, 0.079856990148984411, 0.078343485386575276]
time spent 150.417860985

Iteration 16

Weights [ 0.17591097  0.20645056  0.20092431  0.18471551  0.23199866] Sum of Weights 1.0
Maximum (Average) Accuracy of Classifier 0.668235294118
Cost (Before Noise) [ 0.  0.  0.  0.  0.]
Cost (After Noise), [ 0.45  0.38  0.39  0.43  0.35]
Loss 0.396598826678 Loss Per Action [0.079159935378454241, 0.078451211977285315, 0.07836047936109844, 0.079427670107438952, 0.081199529853924646]
time spent 152.644686937

Iteration 17

Weights [ 0.17463912  0.20691355  0.2011019   0.18387824  0.2334672 ] Sum of Weights 1.0
Maximum (Average) Accuracy of Classifier 0.668333333333
Cost (Before Noise) [ 0.  0.  0.  0.  0.]
Cost (After Noise), [ 0.46  0.36  0.36  0.43  0.33]
Loss 0.383331372586 Loss Per Action [0.080333994200895986, 0.07448887709372258, 0.072396682336240428, 0.079067643126559603, 0.077044175828976977]
time spent 151.682241917

Iteration 18

Weights [ 0.17282841  0.2075651   0.20173515  0.18271386  0.23515749] Sum of Weights 1.0
Maximum (Average) Accuracy of Classifier 0.667368421053
Cost (Before Noise) [ 0.  0.  0.  0.  0.]
Cost (After Noise), [ 0.43  0.4   0.42  0.45  0.35]
Loss 0.406597373682 Loss Per Action [0.074316217023351908, 0.083026039093308246, 0.084728761031358332, 0.082221235601334139, 0.082305120932966436]
time spent 151.364603996

Iteration 19

Weights [ 0.17227861  0.20774859  0.20136638  0.1816391   0.23696732] Sum of Weights 1.0
Maximum (Average) Accuracy of Classifier 0.6675
Cost (Before Noise) [ 0.  0.  0.  0.  0.]
Cost (After Noise), [ 0.43  0.36  0.39  0.45  0.33]
Loss 0.387338993328 Loss Per Action [0.074079801595917691, 0.07478949191062019, 0.078532887859614708, 0.081737595316851958, 0.078199216644600611]
time spent 155.67793417

Iteration 20

Weights [ 0.17128133  0.20851677  0.20129006  0.18009831  0.23881352] Sum of Weights 1.0
Maximum (Average) Accuracy of Classifier 0.66619047619
Cost (Before Noise) [ 0.  0.  0.  0.  0.]
Cost (After Noise), [ 0.46  0.38  0.41  0.45  0.36]
Loss 0.407571819453 Loss Per Action [0.078789409823814646, 0.079236374086463446, 0.082528926316206244, 0.081044240976456239, 0.085972868250273504]
time spent 153.218661785

Iteration 21

Weights [ 0.17006505  0.20929531  0.201221    0.17906219  0.24035645] Sum of Weights 1.0
Maximum (Average) Accuracy of Classifier 0.665
Cost (Before Noise) [ 0.  0.  0.  0.  0.]
Cost (After Noise), [ 0.45  0.41  0.41  0.46  0.36]
Loss 0.413737889368 Loss Per Action [0.076529274518828086, 0.085811077264826924, 0.082500609646994197, 0.082368607340578173, 0.086528320596671801]
time spent 150.954199076

Iteration 22

Weights [ 0.16922845  0.20939895  0.20132064  0.17793976  0.2421122 ] Sum of Weights 1.0
Maximum (Average) Accuracy of Classifier 0.663913043478
Cost (Before Noise) [ 0.  0.  0.  0.  0.]
Cost (After Noise), [ 0.46  0.4   0.39  0.42  0.36]
Loss 0.402014807626 Loss Per Action [0.077845085854294449, 0.083759580421514476, 0.07851505017871642, 0.074734699119948983, 0.087160392051691488]
time spent 154.219980001

Iteration 23

Weights [ 0.16790076  0.20945411  0.20164705  0.17750436  0.24349372] Sum of Weights 1.0
Maximum (Average) Accuracy of Classifier 0.66375
Cost (Before Noise) [ 0.  0.  0.  0.  0.]
Cost (After Noise), [ 0.44  0.39  0.38  0.42  0.34]
Loss 0.389529012376 Loss Per Action [0.073876336563078807, 0.081687101890696556, 0.076625877477160237, 0.074551830537644054, 0.082787865907169328]
time spent 153.905583143

Iteration 24

Weights [ 0.16675321  0.2094384   0.20190565  0.17677014  0.24513261] Sum of Weights 1.0
Maximum (Average) Accuracy of Classifier 0.6652
Cost (Before Noise) [ 0.  0.  0.  0.  0.]
Cost (After Noise), [ 0.46  0.41  0.41  0.42  0.3 ]
Loss 0.39314077484 Loss Per Action [0.076706476115330088, 0.08586974226283843, 0.082781315090257004, 0.074243458635549958, 0.073539782736166515]
time spent 152.310646057

Iteration 25

Weights [ 0.16524279  0.20895391  0.20143859  0.17612213  0.24824258] Sum of Weights 1.0
Maximum (Average) Accuracy of Classifier 0.664230769231
Cost (Before Noise) [ 0.  0.  0.  0.  0.]
Cost (After Noise), [ 0.45  0.37  0.41  0.42  0.36]
Loss 0.397600647495 Loss Per Action [0.074359254477891629, 0.077312948374987533, 0.082589822056189519, 0.073971295546188406, 0.089367327039808445]
time spent 153.407455921

Iteration 26

Weights [ 0.16407066  0.2097357   0.20109802  0.175586    0.24950962] Sum of Weights 1.0
Maximum (Average) Accuracy of Classifier 0.664074074074
Cost (Before Noise) [ 0.  0.  0.  0.  0.]
Cost (After Noise), [ 0.47  0.37  0.39  0.42  0.34]
Loss 0.391723037884 Loss Per Action [0.077113210170484336, 0.07760220846603777, 0.078428229181889353, 0.073746119778930974, 0.084833270286256326]
time spent 116.240497112

Iteration 27

Weights [ 0.1623347   0.21035101  0.2011415   0.17491064  0.25126215] Sum of Weights 1.0
Maximum (Average) Accuracy of Classifier 0.663928571429
Cost (Before Noise) [ 0.  0.  0.  0.  0.]
Cost (After Noise), [ 0.46  0.36  0.37  0.42  0.34]
Loss 0.383714280793 Loss Per Action [0.074673963794567963, 0.075726362782277123, 0.07442235489764136, 0.07346246868510975, 0.085429130632939734]
time spent 115.697916985

Iteration 28

Weights [ 0.16066066  0.21102532  0.20151272  0.17404883  0.25275246] Sum of Weights 1.0
Maximum (Average) Accuracy of Classifier 0.663793103448
Cost (Before Noise) [ 0.  0.  0.  0.  0.]
Cost (After Noise), [ 0.46  0.38  0.39  0.42  0.34]
Loss 0.391719834991 Loss Per Action [0.073903903954158176, 0.080189621019867915, 0.078589962077338704, 0.07310051067831573, 0.08593583726127306]
time spent 114.782648087

Iteration 29

Weights [ 0.15917698  0.21135801  0.20155679  0.17337982  0.2545284 ] Sum of Weights 1.0
Maximum (Average) Accuracy of Classifier 0.662666666667
Cost (Before Noise) [ 0.  0.  0.  0.  0.]
Cost (After Noise), [ 0.42  0.37  0.4   0.41  0.37]
Loss 0.390940745423 Loss Per Action [0.066854331047388291, 0.078202462781430754, 0.080622716307675535, 0.071085725853259493, 0.094175509433706117]
time spent 115.067153931

Iteration 30

Weights [ 0.15855008  0.21195849  0.20130845  0.17293143  0.25525154] Sum of Weights 1.0
Maximum (Average) Accuracy of Classifier 0.662903225806
Cost (Before Noise) [ 0.  0.  0.  0.  0.]
Cost (After Noise), [ 0.44  0.36  0.41  0.44  0.33]
Loss 0.388926397893 Loss Per Action [0.069762036738247352, 0.076305056939363833, 0.082536465665407815, 0.076089830945775747, 0.084233007604554655]
time spent 114.950168848

Iteration 31

Weights [ 0.15745239  0.21278795  0.20073002  0.17173417  0.25729546] Sum of Weights 1.0
Maximum (Average) Accuracy of Classifier 0.6628125
Cost (Before Noise) [ 0.  0.  0.  0.  0.]
Cost (After Noise), [ 0.4   0.4   0.4   0.44  0.34]
Loss 0.39143163939 Loss Per Action [0.062980956228514795, 0.085115181297440307, 0.080292008836098439, 0.075563036716271861, 0.08748045631149895]
time spent 116.03213191

Iteration 32

Weights [ 0.15726784  0.21253854  0.20049474  0.17060457  0.2590943 ] Sum of Weights 1.0
Maximum (Average) Accuracy of Classifier 0.662727272727
Cost (Before Noise) [ 0.  0.  0.  0.  0.]
Cost (After Noise), [ 0.44  0.38  0.4   0.45  0.34]
Loss 0.39502451342 Loss Per Action [0.069197849221687674, 0.080764646141612786, 0.080197897815733221, 0.07677205827877974, 0.088092061962496443]
time spent 115.470885038

Iteration 33

Weights [ 0.15630878  0.21296892  0.20035638  0.16933431  0.26103161] Sum of Weights 1.0
Maximum (Average) Accuracy of Classifier 0.662058823529
Cost (Before Noise) [ 0.  0.  0.  0.  0.]
Cost (After Noise), [ 0.45  0.38  0.42  0.42  0.36]
Loss 0.40050860972 Loss Per Action [0.070338951853144205, 0.080928190273851161, 0.084149678168678591, 0.071120408227737644, 0.09397138119645683]
time spent 115.317928076

Iteration 34

Weights [ 0.15526133  0.21356024  0.19982537  0.16888551  0.26246756] Sum of Weights 1.0
Maximum (Average) Accuracy of Classifier 0.661714285714
Cost (Before Noise) [ 0.  0.  0.  0.  0.]
Cost (After Noise), [ 0.44  0.36  0.39  0.44  0.35]
Loss 0.389301832423 Loss Per Action [0.068314983009878871, 0.076881685632913824, 0.077931892543903702, 0.074309625731057691, 0.091863645505108005]
time spent 114.867425919

Iteration 35

Weights [ 0.1541951   0.21440807  0.19980383  0.16772573  0.26386728] Sum of Weights 1.0
Maximum (Average) Accuracy of Classifier 0.661666666667
Cost (Before Noise) [ 0.  0.  0.  0.  0.]
Cost (After Noise), [ 0.45  0.43  0.41  0.43  0.34]
Loss 0.405339770626 Loss Per Action [0.069387795858047871, 0.092195468401395891, 0.081919569015742211, 0.072122063377473095, 0.089714873972934567]
time spent 115.848745823

Iteration 36

Weights [ 0.15326133  0.21368867  0.19967447  0.16716297  0.26621255] Sum of Weights 1.0
Maximum (Average) Accuracy of Classifier 0.661621621622
Cost (Before Noise) [ 0.  0.  0.  0.  0.]
Cost (After Noise), [ 0.46  0.39  0.4   0.43  0.34]
Loss 0.396100929178 Loss Per Action [0.070500213980408719, 0.083338582645175435, 0.079869788659709909, 0.071880075845525485, 0.090512268046833169]
time spent 114.985280037

Iteration 37

Weights [ 0.15193616  0.21386233  0.19956582  0.16639342  0.26824227] Sum of Weights 1.0
Maximum (Average) Accuracy of Classifier 0.661052631579
Cost (Before Noise) [ 0.  0.  0.  0.  0.]
Cost (After Noise), [ 0.46  0.4   0.39  0.4   0.36]
Loss 0.396390820444 Loss Per Action [0.069890632982895801, 0.085544932365182486, 0.077830669217964152, 0.066557367863034594, 0.096567218014819614]
time spent 115.169938803

Iteration 38

Weights [ 0.15062931  0.21375571  0.19973711  0.16631046  0.2695674 ] Sum of Weights 1.0
Maximum (Average) Accuracy of Classifier 0.659487179487
Cost (Before Noise) [ 0.  0.  0.  0.  0.]
Cost (After Noise), [ 0.43  0.38  0.38  0.42  0.4 ]
Loss 0.399575232244 Loss Per Action [0.064770604909386895, 0.081227170109666055, 0.07590010276829906, 0.069850395287654091, 0.10782695916942751]
time spent 114.627554178

Iteration 39

Weights [ 0.15000836  0.2143234   0.20026757  0.16584971  0.26955095] Sum of Weights 1.0
Maximum (Average) Accuracy of Classifier 0.659
Cost (Before Noise) [ 0.  0.  0.  0.  0.]
Cost (After Noise), [ 0.42  0.37  0.4   0.44  0.36]
Loss 0.392422415605 Loss Per Action [0.063003511629592154, 0.079299658110574281, 0.08010702865246401, 0.072973873915426798, 0.09703834329708011]
time spent 114.738384962

Iteration 40

Weights [ 0.14944696  0.21497458  0.20006016  0.16478132  0.27073697] Sum of Weights 1.0
Maximum (Average) Accuracy of Classifier 0.658048780488
Cost (Before Noise) [ 0.  0.  0.  0.  0.]
Cost (After Noise), [ 0.43  0.39  0.4   0.42  0.38]
Loss 0.40021455005 Loss Per Action [0.064262193294882239, 0.083840086228333069, 0.080024064154646399, 0.069208156332922807, 0.10288005003930664]
time spent 115.22350812

Iteration 41

Weights [ 0.14884384  0.21527203  0.20006538  0.16433912  0.27147963] Sum of Weights 1.0
Maximum (Average) Accuracy of Classifier 0.657619047619
Cost (Before Noise) [ 0.  0.  0.  0.  0.]
Cost (After Noise), [ 0.43  0.37  0.37  0.45  0.36]
Loss 0.389362963714 Loss Per Action [0.064002852238983957, 0.079650651853898774, 0.074024189093441758, 0.073952603323540533, 0.097732667203637866]
time spent 115.223376036

Iteration 42

Weights [ 0.14802384  0.2158358   0.20058932  0.16299091  0.27256012] Sum of Weights 1.0
Maximum (Average) Accuracy of Classifier 0.657906976744
Cost (Before Noise) [ 0.  0.  0.  0.  0.]
Cost (After Noise), [ 0.46  0.42  0.4   0.45  0.33]
Loss 0.402268484187 Loss Per Action [0.06809096773778224, 0.090651037275081586, 0.080235729025149929, 0.073345911585279824, 0.08994483856348294]
time spent 114.350184917

Iteration 43

Weights [ 0.14686585  0.21531255  0.20064671  0.16193537  0.27523952] Sum of Weights 1.0
Maximum (Average) Accuracy of Classifier 0.658409090909
Cost (Before Noise) [ 0.  0.  0.  0.  0.]
Cost (After Noise), [ 0.44  0.41  0.4   0.42  0.32]
Loss 0.389247305741 Loss Per Action [0.064620974135485176, 0.088278147311132121, 0.080258682684566499, 0.068012856533200716, 0.088076645076854573]
time spent 114.830693007

Iteration 44

Weights [ 0.14585547  0.21470333  0.20035059  0.16125826  0.27783235] Sum of Weights 1.0
Maximum (Average) Accuracy of Classifier 0.658444444444
Cost (Before Noise) [ 0.  0.  0.  0.  0.]
Cost (After Noise), [ 0.41  0.39  0.43  0.43  0.34]
Loss 0.393489845753 Loss Per Action [0.059800740799661849, 0.083734297503096675, 0.086150755706833809, 0.069341051373058751, 0.094463000370126976]
time spent 114.84344697

Iteration 45

Weights [ 0.14552737  0.21480239  0.19935827  0.16045956  0.27985241] Sum of Weights 1.0
Maximum (Average) Accuracy of Classifier 0.657826086957
Cost (Before Noise) [ 0.  0.  0.  0.  0.]
Cost (After Noise), [ 0.44  0.38  0.4   0.43  0.37]
Loss 0.397943261432 Loss Per Action [0.064032043617252343, 0.081624908625817172, 0.079743308044311706, 0.068997609277716643, 0.10354539186703701]
time spent 114.824085951

Iteration 46

Weights [ 0.14469847  0.2153245   0.19930135  0.1597622   0.28091347] Sum of Weights 1.0
Maximum (Average) Accuracy of Classifier 0.657872340426
Cost (Before Noise) [ 0.  0.  0.  0.  0.]
Cost (After Noise), [ 0.42  0.38  0.4   0.41  0.34]
Loss 0.383330292961 Loss Per Action [0.060773359162107535, 0.081823310846975278, 0.079720539647271327, 0.065502501934554605, 0.095510581369803171]
time spent 114.653100967

Iteration 47

Weights [ 0.14397924  0.21542004  0.19884951  0.1591839   0.28256732] Sum of Weights 1.0
Maximum (Average) Accuracy of Classifier 0.658333333333
Cost (Before Noise) [ 0.  0.  0.  0.  0.]
Cost (After Noise), [ 0.42  0.42  0.39  0.39  0.32]
Loss 0.381002265996 Loss Per Action [0.060471280724621504, 0.090476414940290226, 0.077551308255873072, 0.062081720287426159, 0.09042154178754333]
time spent 115.982352018

Iteration 48

Weights [ 0.14321737  0.21428014  0.19860395  0.15898732  0.28491122] Sum of Weights 1.0
Maximum (Average) Accuracy of Classifier 0.657755102041
Cost (Before Noise) [ 0.  0.  0.  0.  0.]
Cost (After Noise), [ 0.43  0.38  0.39  0.43  0.37]
Loss 0.394247162121 Loss Per Action [0.061583470011744156, 0.081426452489698486, 0.077455540788924665, 0.068364549018199772, 0.10541714981266591]
time spent 118.763435841

Iteration 49

Weights [ 0.14252361  0.21469352  0.19871732  0.15821717  0.28584838] Sum of Weights 1.0
Maximum (Average) Accuracy of Classifier 0.6574
Cost (Before Noise) [ 0.  0.  0.  0.  0.]
Cost (After Noise), [ 0.41  0.39  0.4   0.41  0.36]
Loss 0.389426537369 Loss Per Action [0.058434680633590148, 0.083730471739506984, 0.079486927308448946, 0.064869040146261492, 0.10290541754095506]
time spent 117.417767048

Iteration 50

Weights [ 0.14212585  0.21467603  0.19843175  0.15777561  0.28699075] Sum of Weights 1.0
Maximum (Average) Accuracy of Classifier 0.656862745098
Cost (Before Noise) [ 0.  0.  0.  0.  0.]
Cost (After Noise), [ 0.46  0.36  0.4   0.4   0.37]
Loss 0.391330787442 Loss Per Action [0.065377892449027974, 0.077283370920643732, 0.079372700166258858, 0.063110245996712139, 0.10618657790973435]
time spent 115.359365225

Iteration 51

Weights [ 0.14080663  0.21558838  0.19819662  0.15758866  0.2878197 ] Sum of Weights 1.0
Maximum (Average) Accuracy of Classifier 0.656153846154
Cost (Before Noise) [ 0.  0.  0.  0.  0.]
Cost (After Noise), [ 0.44  0.4   0.39  0.39  0.38]
Loss 0.396318018139 Loss Per Action [0.061954915833562503, 0.086235353755189134, 0.077296682656686572, 0.061459578003206172, 0.10937148789021585]
time spent 115.269619942

Iteration 52

Weights [ 0.1399742   0.21548     0.19836591  0.15772327  0.28845661] Sum of Weights 1.0
Maximum (Average) Accuracy of Classifier 0.655094339623
Cost (Before Noise) [ 0.  0.  0.  0.  0.]
Cost (After Noise), [ 0.43  0.35  0.39  0.41  0.4 ]
Loss 0.393018799322 Loss Per Action [0.060188906381530287, 0.075418001692969833, 0.077362706253170072, 0.064666539550578758, 0.11538264544378532]
time spent 114.77087307

Iteration 53

Weights [ 0.13927287  0.21673994  0.19844598  0.15735939  0.28818182] Sum of Weights 1.0
Maximum (Average) Accuracy of Classifier 0.655
Cost (Before Noise) [ 0.  0.  0.  0.  0.]
Cost (After Noise), [ 0.44  0.36  0.39  0.43  0.35]
Loss 0.385228548314 Loss Per Action [0.061280064302070412, 0.078026378460173837, 0.077393931605678298, 0.067664537518757478, 0.10086363642755754]
time spent 114.63561511

Iteration 54

Weights [ 0.13824028  0.21748056  0.19831531  0.15640473  0.28955912] Sum of Weights 1.0
Maximum (Average) Accuracy of Classifier 0.654545454545
Cost (Before Noise) [ 0.  0.  0.  0.  0.]
Cost (After Noise), [ 0.42  0.35  0.41  0.44  0.37]
Loss 0.391443346644 Loss Per Action [0.058060915712069547, 0.07611819508703753, 0.081309278949274769, 0.068818083312485151, 0.1071368735830429]
time spent 116.18050909

Iteration 55

Weights [ 0.13770442  0.21870463  0.19781477  0.15537632  0.29039987] Sum of Weights 1.0
Maximum (Average) Accuracy of Classifier 0.654642857143
Cost (Before Noise) [ 0.  0.  0.  0.  0.]
Cost (After Noise), [ 0.44  0.39  0.39  0.41  0.34]
Loss 0.385472753548 Loss Per Action [0.060589943450086357, 0.085294804619487269, 0.077147759733941723, 0.063704289241082512, 0.098735956503055403]
time spent 115.275954008

Iteration 56

Weights [ 0.13668813  0.21856811  0.19769129  0.15485858  0.29219389] Sum of Weights 1.0
Maximum (Average) Accuracy of Classifier 0.654385964912
Cost (Before Noise) [ 0.  0.  0.  0.  0.]
Cost (After Noise), [ 0.44  0.39  0.4   0.4   0.36]
Loss 0.391594088267 Loss Per Action [0.060142776163760861, 0.085241561850318767, 0.079076515402612596, 0.061943432955446791, 0.10518980189451509]
time spent 115.753615141

Iteration 57

Weights [ 0.13579265  0.2186141   0.19746482  0.15468118  0.29344725] Sum of Weights 1.0
Maximum (Average) Accuracy of Classifier 0.654310344828
Cost (Before Noise) [ 0.  0.  0.  0.  0.]
Cost (After Noise), [ 0.43  0.4   0.4   0.41  0.35]
Loss 0.390948228737 Loss Per Action [0.058390840726440921, 0.087445639262764996, 0.07898592678479964, 0.063419283477403041, 0.10270653848550275]
time spent 116.290111065

Iteration 58

Weights [ 0.13507416  0.21834422  0.19722105  0.15428078  0.2950798 ] Sum of Weights 1.0
Maximum (Average) Accuracy of Classifier 0.653559322034
Cost (Before Noise) [ 0.  0.  0.  0.  0.]
Cost (After Noise), [ 0.43  0.39  0.39  0.41  0.39]
Loss 0.398488581904 Loss Per Action [0.058081887687510936, 0.085154245350847563, 0.076916208119721385, 0.063255119954697736, 0.11508112079128126]
time spent 115.499964952

Iteration 59

Weights [ 0.1344977   0.21859539  0.19744792  0.15403974  0.29541924] Sum of Weights 1.0
Maximum (Average) Accuracy of Classifier 0.652833333333
Cost (Before Noise) [ 0.  0.  0.  0.  0.]
Cost (After Noise), [ 0.44  0.4   0.39  0.43  0.39]
Loss 0.405072428537 Loss Per Action [0.059178988085007316, 0.087438157333193628, 0.077004689459131886, 0.066237088134887379, 0.11521350552471259]
time spent 114.803889036

Iteration 60

Weights [ 0.13386144  0.21874511  0.19785139  0.15351916  0.2960229 ] Sum of Weights 1.0
Maximum (Average) Accuracy of Classifier 0.65262295082
Cost (Before Noise) [ 0.  0.  0.  0.  0.]
Cost (After Noise), [ 0.42  0.39  0.41  0.41  0.36]
Loss 0.392162567042 Loss Per Action [0.056221804651671058, 0.085310593296488477, 0.081119068044273851, 0.062942856086510623, 0.10656824496338779]
time spent 113.091521025

Iteration 61

Weights [ 0.13335622  0.21880824  0.19737224  0.15314737  0.29731593] Sum of Weights 1.0
Maximum (Average) Accuracy of Classifier 0.652580645161
Cost (Before Noise) [ 0.  0.  0.  0.  0.]
Cost (After Noise), [ 0.41  0.37  0.38  0.38  0.35]
Loss 0.372893126377 Loss Per Action [0.05467605030418389, 0.080959049956291593, 0.075001449688171642, 0.058196002096889146, 0.10406057433103297]
time spent 113.47487998

Iteration 62

Weights [ 0.13268615  0.21889342  0.19718138  0.15299928  0.29823977] Sum of Weights 1.0
Maximum (Average) Accuracy of Classifier 0.652063492063
Cost (Before Noise) [ 0.  0.  0.  0.  0.]
Cost (After Noise), [ 0.42  0.37  0.39  0.42  0.38]
Loss 0.391210296883 Loss Per Action [0.055728181850198337, 0.080990564515832919, 0.076900738774404329, 0.06425969921508673, 0.11333111252741529]
time spent 113.420531034

Iteration 63

Weights [ 0.13216847  0.21952343  0.19721308  0.15240236  0.29869266] Sum of Weights 1.0
Maximum (Average) Accuracy of Classifier 0.6515625
Cost (Before Noise) [ 0.  0.  0.  0.  0.]
Cost (After Noise), [ 0.4   0.38  0.37  0.42  0.38]
Loss 0.386767332786 Loss Per Action [0.052867388230436269, 0.08341890314360266, 0.072968840831053428, 0.064008989183649598, 0.11350321139747477]
time spent 113.625931025

Iteration 64

Weights [ 0.13193109  0.21972452  0.19766171  0.15171642  0.29896627] Sum of Weights 1.0
Maximum (Average) Accuracy of Classifier 0.651076923077
Cost (Before Noise) [ 0.  0.  0.  0.  0.]
Cost (After Noise), [ 0.46  0.4   0.38  0.4   0.38]
Loss 0.397983305793 Loss Per Action [0.060688300280878994, 0.087889806080686084, 0.075111448164938865, 0.060686569678979535, 0.11360718158787009]
time spent 113.390157938

Iteration 65

Weights [ 0.13082495  0.21966306  0.19814331  0.15167399  0.2996947 ] Sum of Weights 1.0
Maximum (Average) Accuracy of Classifier 0.650909090909
Cost (Before Noise) [ 0.  0.  0.  0.  0.]
Cost (After Noise), [ 0.4   0.38  0.4   0.43  0.36]
Loss 0.38816917065 Loss Per Action [0.052329979993921, 0.08347196196195189, 0.079257322793735832, 0.065219815182210192, 0.10789009071854765]
time spent 113.473684072

Iteration 66

Weights [ 0.13061447  0.2199055   0.19782451  0.15081491  0.30084062] Sum of Weights 1.0
Maximum (Average) Accuracy of Classifier 0.650149253731
Cost (Before Noise) [ 0.  0.  0.  0.  0.]
Cost (After Noise), [ 0.42  0.39  0.37  0.38  0.4 ]
Loss 0.39146220081 Loss Per Action [0.054858075406987852, 0.085763143231245439, 0.073195069998276546, 0.057309664577595919, 0.12033624759541298]
time spent 113.601186037

Iteration 67

Weights [ 0.13010948  0.21994864  0.19840091  0.15104927  0.3004917 ] Sum of Weights 1.0
Maximum (Average) Accuracy of Classifier 0.649852941176
Cost (Before Noise) [ 0.  0.  0.  0.  0.]
Cost (After Noise), [ 0.42  0.42  0.39  0.39  0.37]
Loss 0.394491909334 Loss Per Action [0.054645980346575619, 0.09237842744180759, 0.077376354359768182, 0.058909216720256827, 0.1111819304658145]
time spent 113.211863041

Iteration 68

Weights [ 0.12965951  0.21918798  0.19852109  0.15114077  0.30149064] Sum of Weights 1.0
Maximum (Average) Accuracy of Classifier 0.649275362319
Cost (Before Noise) [ 0.  0.  0.  0.  0.]
Cost (After Noise), [ 0.43  0.37  0.39  0.41  0.39]
Loss 0.393825436417 Loss Per Action [0.055753590967803392, 0.081099552245815498, 0.077423225286427935, 0.061967716573149312, 0.11758135134368616]
time spent 114.658524036

Iteration 69

Weights [ 0.12902436  0.2198969   0.19862352  0.15080901  0.3016462 ] Sum of Weights 1.0
Maximum (Average) Accuracy of Classifier 0.649142857143
Cost (Before Noise) [ 0.  0.  0.  0.  0.]
Cost (After Noise), [ 0.42  0.38  0.4   0.4   0.36]
Loss 0.38611670084 Loss Per Action [0.054190229150979805, 0.083560823662265207, 0.079449408503620089, 0.060323605947253493, 0.10859263357573924]
time spent 113.375976086

Iteration 70

Weights [ 0.12843212  0.22007858  0.19824899  0.15052465  0.30271566] Sum of Weights 1.0
Maximum (Average) Accuracy of Classifier 0.648309859155
Cost (Before Noise) [ 0.  0.  0.  0.  0.]
Cost (After Noise), [ 0.47  0.37  0.39  0.41  0.41]
Loss 0.404937803959 Loss Per Action [0.060363095844531152, 0.081429075988160945, 0.077317106488158011, 0.061715104459145964, 0.12411342117911602]
time spent 113.665776968

Iteration 71

Weights [ 0.12730248  0.22112242  0.19864957  0.15042011  0.30250543] Sum of Weights 1.0
Maximum (Average) Accuracy of Classifier 0.647777777778
Cost (Before Noise) [ 0.  0.  0.  0.  0.]
Cost (After Noise), [ 0.43  0.4   0.39  0.42  0.39]
Loss 0.401815926482 Loss Per Action [0.054740065010472481, 0.08844896832279546, 0.077473331517816713, 0.063176444848252897, 0.11797711678292062]
time spent 116.027922869

Iteration 72

Weights [ 0.1268164   0.22117645  0.19896785  0.15004918  0.30299011] Sum of Weights 1.0
Maximum (Average) Accuracy of Classifier 0.646849315068
Cost (Before Noise) [ 0.  0.  0.  0.  0.]
Cost (After Noise), [ 0.43  0.41  0.42  0.42  0.42]
Loss 0.419056399488 Loss Per Action [0.054531052114489505, 0.090682345095181138, 0.083566497519949406, 0.063020657566987048, 0.12725584719153885]
time spent 116.573260069

Iteration 73

Weights [ 0.12662822  0.22144829  0.19894232  0.15002993  0.30295123] Sum of Weights 1.0
Maximum (Average) Accuracy of Classifier 0.646351351351
Cost (Before Noise) [ 0.  0.  0.  0.  0.]
Cost (After Noise), [ 0.42  0.37  0.4   0.42  0.39]
Loss 0.395860201982 Loss Per Action [0.053183853581137801, 0.081935867979698457, 0.079576928193855007, 0.063012571010020751, 0.11815098121704813]
time spent 119.503502131

Iteration 74

Weights [ 0.12621383  0.2222259   0.19883003  0.14953896  0.30319128] Sum of Weights 1.0
Maximum (Average) Accuracy of Classifier 0.646133333333
Cost (Before Noise) [ 0.  0.  0.  0.  0.]
Cost (After Noise), [ 0.43  0.39  0.39  0.42  0.37]
Loss 0.393470896465 Loss Per Action [0.054271947896713323, 0.086668100765210962, 0.077543711987048028, 0.06280636255295069, 0.11218077326280357]
time spent 118.545378923

Iteration 75

Weights [ 0.12558939  0.22232965  0.19892286  0.14900112  0.30415698] Sum of Weights 1.0
Maximum (Average) Accuracy of Classifier 0.645526315789
Cost (Before Noise) [ 0.  0.  0.  0.  0.]
Cost (After Noise), [ 0.45  0.38  0.37  0.42  0.4 ]
Loss 0.398845213047 Loss Per Action [0.056515225941367632, 0.084485268106851252, 0.073601458612673934, 0.062580470175940081, 0.12166279020982307]
time spent 116.997205973

Iteration 76

Weights [ 0.1247201   0.22289748  0.19970164  0.14857323  0.30410754] Sum of Weights 1.0
Maximum (Average) Accuracy of Classifier 0.644675324675
Cost (Before Noise) [ 0.  0.  0.  0.  0.]
Cost (After Noise), [ 0.41  0.39  0.41  0.42  0.42]
Loss 0.410068858183 Loss Per Action [0.051135242655901546, 0.086930016354056061, 0.081877674124976693, 0.062400758589792105, 0.12772516645788579]
time spent 118.063771009

Iteration 77

Weights [ 0.12472111  0.22350489  0.19970326  0.14837301  0.30369772] Sum of Weights 1.0
Maximum (Average) Accuracy of Classifier 0.644743589744
Cost (Before Noise) [ 0.  0.  0.  0.  0.]
Cost (After Noise), [ 0.43  0.4   0.38  0.43  0.35]
Loss 0.389013872762 Loss Per Action [0.05363007935224548, 0.089401956577227437, 0.075887239785278393, 0.0638003960736582, 0.10629420097332506]
time spent 117.60405612

Iteration 78

Weights [ 0.12402845  0.22317004  0.19994585  0.14754899  0.30530667] Sum of Weights 1.0
Maximum (Average) Accuracy of Classifier 0.644430379747
Cost (Before Noise) [ 0.  0.  0.  0.  0.]
Cost (After Noise), [ 0.44  0.39  0.39  0.41  0.38]
Loss 0.396099335626 Loss Per Action [0.054572517631573961, 0.087036317172870456, 0.077978879861314757, 0.060495086962161652, 0.11601653399787086]
time spent 117.900955915

Iteration 79

Weights [ 0.12329156  0.22335404  0.20011069  0.14727051  0.3059732 ] Sum of Weights 1.0
Maximum (Average) Accuracy of Classifier 0.6445
Cost (Before Noise) [ 0.  0.  0.  0.  0.]
Cost (After Noise), [ 0.43  0.4   0.41  0.4   0.35]
Loss 0.390401193804 Loss Per Action [0.053015368749945696, 0.089341616049321171, 0.082045384674947194, 0.058908205757525547, 0.10709061857245916]
time spent 116.787847996

Iteration 80

Weights [ 0.12263009  0.22306173  0.19957786  0.14707777  0.30765255] Sum of Weights 1.0
Maximum (Average) Accuracy of Classifier 0.643950617284
Cost (Before Noise) [ 0.  0.  0.  0.  0.]
Cost (After Noise), [ 0.43  0.39  0.38  0.43  0.4 ]
Loss 0.401869061363 Loss Per Action [0.052730937547090025, 0.086994072811769088, 0.075839587194742569, 0.063243442763022725, 0.12306102104660513]
time spent 116.725063086

Iteration 81

Weights [ 0.1221626   0.22342049  0.20017023  0.14651708  0.30772961] Sum of Weights 1.0
Maximum (Average) Accuracy of Classifier 0.643292682927
Cost (Before Noise) [ 0.  0.  0.  0.  0.]
Cost (After Noise), [ 0.42  0.37  0.4   0.42  0.41]
Loss 0.40174827509 Loss Per Action [0.051308290840696817, 0.082665580052145735, 0.080068090430217162, 0.061537175441918605, 0.1261691383254222]
time spent 117.873211145

Iteration 82

Weights [ 0.12186011  0.22438416  0.20021709  0.14615429  0.30738436] Sum of Weights 1.0
Maximum (Average) Accuracy of Classifier 0.64313253012
Cost (Before Noise) [ 0.  0.  0.  0.  0.]
Cost (After Noise), [ 0.44  0.4   0.4   0.42  0.37]
Loss 0.39857595945 Loss Per Action [0.053618447555913912, 0.089753663049474047, 0.080086835002937853, 0.061384802057479974, 0.11373221178449106]
time spent 118.453049898

Iteration 83

Weights [ 0.12117662  0.22433972  0.20017744  0.14572941  0.30857681] Sum of Weights 1.0
Maximum (Average) Accuracy of Classifier 0.642738095238
Cost (Before Noise) [ 0.  0.  0.  0.  0.]
Cost (After Noise), [ 0.42  0.41  0.4   0.42  0.39]
Loss 0.404495749649 Loss Per Action [0.050894179980256887, 0.091979286465827953, 0.080070975499242192, 0.061206351215157655, 0.12034495648841655]
time spent 117.713107109

Iteration 84

Weights [ 0.12092185  0.22417198  0.20029931  0.14542302  0.30918384] Sum of Weights 1.0
Maximum (Average) Accuracy of Classifier 0.642470588235
Cost (Before Noise) [ 0.  0.  0.  0.  0.]
Cost (After Noise), [ 0.43  0.41  0.39  0.4   0.38]
Loss 0.397682705463 Loss Per Action [0.051996396815757795, 0.091910510506490323, 0.07811673023724261, 0.05816920843085116, 0.11748985947255497]
time spent 118.023631811

Iteration 85

Weights [ 0.12039256  0.22379714  0.20050768  0.14537695  0.30992566] Sum of Weights 1.0
Maximum (Average) Accuracy of Classifier 0.642441860465
Cost (Before Noise) [ 0.  0.  0.  0.  0.]
Cost (After Noise), [ 0.44  0.37  0.39  0.4   0.36]
Loss 0.383699684783 Loss Per Action [0.052972726397508052, 0.082804942409209256, 0.078197996946123921, 0.058150780322315326, 0.11157323870740424]
time spent 117.742532969

Iteration 86

Weights [ 0.11947581  0.22421214  0.20033519  0.14505497  0.31092189] Sum of Weights 1.0
Maximum (Average) Accuracy of Classifier 0.642413793103
Cost (Before Noise) [ 0.  0.  0.  0.  0.]
Cost (After Noise), [ 0.41  0.37  0.39  0.38  0.36]
Loss 0.377127066954 Loss Per Action [0.048985081722207106, 0.082958491180498209, 0.078130725222646066, 0.055120887285171519, 0.1119318815438174]
time spent 117.665109873

Iteration 87

Weights [ 0.11894388  0.22442848  0.19998515  0.14499809  0.3116444 ] Sum of Weights 1.0
Maximum (Average) Accuracy of Classifier 0.6425
Cost (Before Noise) [ 0.  0.  0.  0.  0.]
Cost (After Noise), [ 0.43  0.4   0.41  0.41  0.35]
Loss 0.39143592867 Loss Per Action [0.051145869724154344, 0.089771392315226031, 0.081993909813150995, 0.059449215746310763, 0.10907554107122687]
time spent 116.706786156

Iteration 88

Weights [ 0.1183223   0.22416613  0.19948057  0.14463225  0.31339875] Sum of Weights 1.0
Maximum (Average) Accuracy of Classifier 0.642247191011
Cost (Before Noise) [ 0.  0.  0.  0.  0.]
Cost (After Noise), [ 0.4   0.37  0.42  0.4   0.38]
Loss 0.390996652269 Loss Per Action [0.047328920652684223, 0.082941469913660359, 0.083781838160529046, 0.057852898073574424, 0.1190915254688022]
time spent 116.816277027

Iteration 89

Weights [ 0.11817751  0.2248049   0.19869662  0.14445526  0.3138657 ] Sum of Weights 1.0
Maximum (Average) Accuracy of Classifier 0.641888888889
Cost (Before Noise) [ 0.  0.  0.  0.  0.]
Cost (After Noise), [ 0.43  0.36  0.4   0.43  0.39]
Loss 0.395748130107 Loss Per Action [0.050816330896260732, 0.080929765458967032, 0.079478647268888314, 0.062115762862799836, 0.12240762362058021]
time spent 116.538946867

Iteration 90

Weights [ 0.11762899  0.22589653  0.19858092  0.14378477  0.31410879] Sum of Weights 1.0
Maximum (Average) Accuracy of Classifier 0.641208791209
Cost (Before Noise) [ 0.  0.  0.  0.  0.]
Cost (After Noise), [ 0.43  0.4   0.4   0.42  0.42]
Loss 0.412686740885 Loss Per Action [0.050580465303727673, 0.090358610201654962, 0.079432369911471012, 0.060389602914215239, 0.13192569255405923]
time spent 117.090379

Iteration 91

Weights [ 0.11735289  0.22628539  0.19892277  0.14364202  0.31379694] Sum of Weights 1.0
Maximum (Average) Accuracy of Classifier 0.64097826087
Cost (Before Noise) [ 0.  0.  0.  0.  0.]
Cost (After Noise), [ 0.45  0.4   0.38  0.4   0.38]
Loss 0.395613250459 Loss Per Action [0.052808800786820764, 0.090514156162377332, 0.075590651765732667, 0.057456806127266363, 0.11924283561690162]
time spent 117.02543211

Iteration 92

Weights [ 0.1164897   0.22614977  0.19934368  0.14355592  0.31446092] Sum of Weights 1.0
Maximum (Average) Accuracy of Classifier 0.640752688172
Cost (Before Noise) [ 0.  0.  0.  0.  0.]
Cost (After Noise), [ 0.41  0.4   0.41  0.41  0.38]
Loss 0.3983046746 Loss Per Action [0.047760776842647422, 0.090459906942980006, 0.081730910696543826, 0.058857928911627916, 0.11949515120584883]
time spent 117.029680967

Iteration 93

Weights [ 0.11630484  0.22609741  0.19902734  0.14332811  0.3152423 ] Sum of Weights 1.0
Maximum (Average) Accuracy of Classifier 0.640425531915
Cost (Before Noise) [ 0.  0.  0.  0.  0.]
Cost (After Noise), [ 0.42  0.37  0.4   0.41  0.39]
Loss 0.393824032662 Loss Per Action [0.048848032570862364, 0.083656041281474913, 0.079610936633997334, 0.058764525921522967, 0.12294449625432267]
time spent 116.676798105

Iteration 94

Weights [ 0.11589228  0.22682881  0.19886018  0.14301359  0.31540513] Sum of Weights 1.0
Maximum (Average) Accuracy of Classifier 0.640210526316
Cost (Before Noise) [ 0.  0.  0.  0.  0.]
Cost (After Noise), [ 0.4   0.4   0.39  0.39  0.38]
Loss 0.390273159615 Loss Per Action [0.046356913661056286, 0.090731524675495501, 0.077555471767722789, 0.05577529844365383, 0.11985395106662682]
time spent 116.639312029

Iteration 95

Weights [ 0.11573939  0.22652955  0.19886743  0.1430188   0.31584483] Sum of Weights 1.0
Maximum (Average) Accuracy of Classifier 0.639895833333
Cost (Before Noise) [ 0.  0.  0.  0.  0.]
Cost (After Noise), [ 0.41  0.36  0.39  0.43  0.39]
Loss 0.391239653071 Loss Per Action [0.047453148322528643, 0.081550639394705582, 0.077558298936714468, 0.061498083612920945, 0.12317948280394776]
time spent 117.450291872

Iteration 96

Weights [ 0.11544469  0.22749064  0.19890001  0.1422681   0.31589656] Sum of Weights 1.0
Maximum (Average) Accuracy of Classifier 0.639793814433
Cost (Before Noise) [ 0.  0.  0.  0.  0.]
Cost (After Noise), [ 0.42  0.41  0.37  0.41  0.37]
Loss 0.390562584106 Loss Per Action [0.048486768058211241, 0.093271163410924118, 0.073593002556530993, 0.058329922178016677, 0.11688172790251636]
time spent 116.692985058

Iteration 97

Weights [ 0.11498408  0.2268906   0.19945479  0.14189285  0.31677768] Sum of Weights 1.0
Maximum (Average) Accuracy of Classifier 0.639795918367
Cost (Before Noise) [ 0.  0.  0.  0.  0.]
Cost (After Noise), [ 0.43  0.4   0.38  0.41  0.36]
Loss 0.388208247855 Loss Per Action [0.049443155820827013, 0.090756238692449823, 0.075792820984395548, 0.05817606696612819, 0.11403996539096825]
time spent 117.187033892

Iteration 98

Weights [ 0.11433342  0.22652675  0.19967598  0.14147325  0.3179906 ] Sum of Weights 1.0
Maximum (Average) Accuracy of Classifier 0.639595959596
Cost (Before Noise) [ 0.  0.  0.  0.  0.]
Cost (After Noise), [ 0.41  0.39  0.4   0.41  0.38]
Loss 0.39393298704 Loss Per Action [0.046876701244625583, 0.088345432331057419, 0.079870392886253069, 0.058004030728609025, 0.12083642984991629]
time spent 118.172391176

Iteration 99

Weights [ 0.11408433  0.22664736  0.19951145  0.14116503  0.31859183] Sum of Weights 1.0
Maximum (Average) Accuracy of Classifier 0.6391
Cost (Before Noise) [ 0.  0.  0.  0.  0.]
Cost (After Noise), [ 0.42  0.4   0.39  0.39  0.41]
Loss 0.402060840137 Loss Per Action [0.047915418662207429, 0.090658943593070765, 0.077809464552871313, 0.055054362149807072, 0.13062265117920147]
time spent 117.533972979

finished running MWU 
Success
