BINARY CLASSIFICATION: 

Noise Function greedyAscent
Iters 1000 
Model 0, Test Accuracy 0.963335007534
Model 1, Test Accuracy 0.960321446509
Model 2, Test Accuracy 0.951280763435
Model 3, Test Accuracy 0.959819186339
Model 4, Test Accuracy 0.963837267705
Num Classifiers 5
Alpha 0.5
Num Points 200


Running MWU for 1000 Iterations with Epsilon 0.0401178004436

Guaranteed to be within 0.0802356008872 of the minimax value 

Iteration 0

Weights [ 0.2  0.2  0.2  0.2  0.2] Sum of Weights 1.0
Maximum (Average) Accuracy of Classifier 0.565
Cost (Before Noise) [ 0.  0.  0.  0.  0.]
Cost (After Noise), [ 0.615  0.675  0.645  0.47   0.435]
Loss 0.568 Loss Per Action [0.123, 0.13500000000000001, 0.129, 0.094, 0.087000000000000022]
time spent 142.617632866

Iteration 1

Weights [ 0.19961392  0.19912413  0.19936888  0.20080255  0.20109052] Sum of Weights 1.0
Maximum (Average) Accuracy of Classifier 0.4675
Cost (Before Noise) [ 0.  0.  0.  0.  0.]
Cost (After Noise), [ 0.475  0.45   0.545  0.595  0.69 ]
Loss 0.55130848559 Loss Per Action [0.094816612141407616, 0.089605860351214484, 0.1086560378557937, 0.11947751707656881, 0.13875245816544104]
time spent 152.049659967

Iteration 2

Weights [ 0.20023732  0.19995058  0.19941913  0.20044239  0.19995058] Sum of Weights 1.0
Maximum (Average) Accuracy of Classifier 0.46
Cost (Before Noise) [ 0.  0.  0.  0.  0.]
Cost (After Noise), [ 0.575  0.495  0.47   0.66   0.54 ]
Loss 0.548104278402 Loss Per Action [0.11513646054785663, 0.098975534689448155, 0.093726992479137086, 0.13229198011480722, 0.10797331057030722]
time spent 166.460416079

Iteration 3

Weights [ 0.20001619  0.20038506  0.20005714  0.19952542  0.20001619] Sum of Weights 1.0
Maximum (Average) Accuracy of Classifier 0.485
Cost (Before Noise) [ 0.  0.  0.  0.  0.]
Cost (After Noise), [ 0.395  0.76   0.745  0.41   0.575]
Loss 0.577156342667 Loss Per Action [0.079006394975247612, 0.15229264693715727, 0.14904257081073544, 0.081805420802409476, 0.1150093091411834]
time spent 145.855983973

Iteration 4

Weights [ 0.20150941  0.19888639  0.19868291  0.20089155  0.20002973] Sum of Weights 1.0
Maximum (Average) Accuracy of Classifier 0.465
Cost (Before Noise) [ 0.  0.  0.  0.  0.]
Cost (After Noise), [ 0.615  0.495  0.47   0.62   0.54 ]
Loss 0.548326838333 Loss Per Action [0.12392828649554473, 0.098448764046599704, 0.093380968888351887, 0.12455276240051119, 0.10801605650230345]
time spent 165.051486015

Iteration 5

Weights [ 0.20095943  0.1993205   0.1993205   0.20030225  0.20009732] Sum of Weights 1.0
Maximum (Average) Accuracy of Classifier 0.451666666667
Cost (Before Noise) [ 0.  0.  0.  0.  0.]
Cost (After Noise), [ 0.615  0.45   0.545  0.62   0.54 ]
Loss 0.554153894148 Loss Per Action [0.12359004836927215, 0.089694226259122309, 0.10862967402493702, 0.12418739320169769, 0.10805255229330153]
time spent 152.932446003

Iteration 6

Weights [ 0.20045875  0.20017169  0.19939458  0.19976231  0.20021267] Sum of Weights 1.0
Maximum (Average) Accuracy of Classifier 0.454285714286
Cost (Before Noise) [ 0.  0.  0.  0.  0.]
Cost (After Noise), [ 0.615  0.575  0.47   0.445  0.6  ]
Loss 0.54111813572 Loss Per Action [0.12328213235070402, 0.11509872010149573, 0.093715453614384714, 0.088894226940560608, 0.12012760271240346]
time spent 166.64109993

Iteration 7

Weights [ 0.19985245  0.19989337  0.19997523  0.20054921  0.19972974] Sum of Weights 1.0
Maximum (Average) Accuracy of Classifier 0.45875
Cost (Before Noise) [ 0.  0.  0.  0.  0.]
Cost (After Noise), [ 0.425  0.63   0.72   0.66   0.44 ]
Loss 0.575095843548 Loss Per Action [0.084937291045758395, 0.12593282197329847, 0.1439821661264927, 0.13236247717747165, 0.087881087224959506]
time spent 141.57716012

Iteration 8

Weights [ 0.20108202  0.1994421   0.19878988  0.19985082  0.20083518] Sum of Weights 1.0
Maximum (Average) Accuracy of Classifier 0.450555555556
Cost (Before Noise) [ 0.  0.  0.  0.  0.]
Cost (After Noise), [ 0.615  0.495  0.47   0.51   0.6  ]
Loss 0.53824555183 Loss Per Action [0.12366544445160625, 0.098723838622742977, 0.093431243169720568, 0.10192391892085466, 0.12050110666544239]
time spent 161.720630884

Iteration 9

Weights [ 0.2004505   0.19979499  0.19934556  0.20008151  0.20032743] Sum of Weights 1.0
Maximum (Average) Accuracy of Classifier 0.45
Cost (Before Noise) [ 0.  0.  0.  0.  0.]
Cost (After Noise), [ 0.615  0.495  0.47   0.51   0.6  ]
Loss 0.538106024457 Loss Per Action [0.12327706033519231, 0.098898518940257432, 0.093692415009520441, 0.10204157121852389, 0.12019645895316459]
time spent 162.951302052

Iteration 10

Weights [ 0.19981983  0.20014736  0.19990166  0.20031133  0.19981983] Sum of Weights 1.0
Maximum (Average) Accuracy of Classifier 0.460909090909
Cost (Before Noise) [ 0.  0.  0.  0.  0.]
Cost (After Noise), [ 0.37   0.705  0.665  0.66   0.505]
Loss 0.581086316027 Loss Per Action [0.073933336320838067, 0.14110388783904598, 0.13293460409735633, 0.13220547468345656, 0.1009090130865495]
time spent 144.494701147

Iteration 11

Weights [ 0.20155166  0.19913182  0.19921337  0.1996625   0.20044065] Sum of Weights 1.0
Maximum (Average) Accuracy of Classifier 0.454583333333
Cost (Before Noise) [ 0.  0.  0.  0.  0.]
Cost (After Noise), [ 0.615  0.445  0.54   0.51   0.6  ]
Loss 0.542235415188 Loss Per Action [0.1239542699592964, 0.088613660867995825, 0.10757522132186034, 0.10182787433805691, 0.1202643887003973]
time spent 148.793245792

Iteration 12

Weights [ 0.20095142  0.19992556  0.19923097  0.19992556  0.19996649] Sum of Weights 1.0
Maximum (Average) Accuracy of Classifier 0.452692307692
Cost (Before Noise) [ 0.  0.  0.  0.  0.]
Cost (After Noise), [ 0.615  0.575  0.47   0.445  0.6  ]
Loss 0.541127644713 Loss Per Action [0.12358512293026486, 0.11495719679225869, 0.093638554971286411, 0.088966874039226276, 0.11997989597985614]
time spent 166.524749994

Iteration 13

Weights [ 0.2003437   0.19964766  0.19981122  0.20071318  0.19948424] Sum of Weights 1.0
Maximum (Average) Accuracy of Classifier 0.449642857143
Cost (Before Noise) [ 0.  0.  0.  0.  0.]
Cost (After Noise), [ 0.575  0.53   0.64   0.66   0.44 ]
Loss 0.569133832798 Loss Per Action [0.11519763017147738, 0.10581325995399608, 0.12787917924089667, 0.13247069919665699, 0.087773064235338788]
time spent 139.085993052

Iteration 14

Weights [ 0.20029453  0.19996676  0.19923123  0.19996676  0.20054071] Sum of Weights 1.0
Maximum (Average) Accuracy of Classifier 0.452
Cost (Before Noise) [ 0.  0.  0.  0.  0.]
Cost (After Noise), [ 0.525  0.575  0.47   0.445  0.69 ]
Loss 0.541132496986 Loss Per Action [0.10515462927834478, 0.11498088721532464, 0.09363868003469196, 0.088985208366642532, 0.13837309209138957]
time spent 166.809934855

Iteration 15

Weights [ 0.20042561  0.19968839  0.19981107  0.20075413  0.1993208 ] Sum of Weights 1.0
Maximum (Average) Accuracy of Classifier 0.4478125
Cost (Before Noise) [ 0.  0.  0.  0.  0.]
Cost (After Noise), [ 0.575  0.53   0.64   0.66   0.44 ]
Loss 0.56915753477 Loss Per Action [0.11524472315098763, 0.10583484748347219, 0.1278790860156632, 0.1324977252529837, 0.087701152867288745]
time spent 137.994611025

Iteration 16

Weights [ 0.20037661  0.20000775  0.19923128  0.20000775  0.20037661] Sum of Weights 1.0
Maximum (Average) Accuracy of Classifier 0.451470588235
Cost (Before Noise) [ 0.  0.  0.  0.  0.]
Cost (After Noise), [ 0.525  0.575  0.47   0.445  0.69 ]
Loss 0.541104187166 Loss Per Action [0.10519771895868892, 0.11500445691375367, 0.093638702826968567, 0.089003449263687612, 0.13825985920284856]
time spent 166.858841896

Iteration 17

Weights [ 0.2005075   0.19972909  0.19981089  0.20079505  0.19915746] Sum of Weights 1.0
Maximum (Average) Accuracy of Classifier 0.448055555556
Cost (Before Noise) [ 0.  0.  0.  0.  0.]
Cost (After Noise), [ 0.575  0.53   0.64   0.66   0.44 ]
Loss 0.569181220073 Loss Per Action [0.11529181416325605, 0.10585641993474787, 0.12787896925496081, 0.13252473243247251, 0.087629284287551207]
time spent 138.968289852

Iteration 18

Weights [ 0.20045868  0.20004871  0.19923129  0.20004871  0.2002126 ] Sum of Weights 1.0
Maximum (Average) Accuracy of Classifier 0.451052631579
Cost (Before Noise) [ 0.  0.  0.  0.  0.]
Cost (After Noise), [ 0.615  0.575  0.47   0.445  0.6  ]
Loss 0.541098043528 Loss Per Action [0.12328208803033482, 0.11502801019479797, 0.09363870832156343, 0.089021677455104503, 0.12012755952609892]
time spent 166.720258951

Iteration 19

Weights [ 0.19985221  0.1997704   0.1998113   0.20083658  0.19972951] Sum of Weights 1.0
Maximum (Average) Accuracy of Classifier 0.44975
Cost (Before Noise) [ 0.  0.  0.  0.  0.]
Cost (After Noise), [ 0.575  0.53   0.64   0.66   0.44 ]
Loss 0.569105692131 Loss Per Action [0.11491502246269426, 0.10587831243348519, 0.12787923373505838, 0.13255214028869161, 0.087880983210894978]
time spent 138.769057989

Iteration 20

Weights [ 0.19980293  0.20008947  0.19923109  0.20008947  0.20078705] Sum of Weights 1.0
Maximum (Average) Accuracy of Classifier 0.452619047619
Cost (Before Noise) [ 0.  0.  0.  0.  0.]
Cost (After Noise), [ 0.37   0.71   0.475  0.54   0.69 ]
Loss 0.557216747877 Loss Per Action [0.07392708403504171, 0.1420635206109184, 0.094634767074724152, 0.10804831145055764, 0.13854306470619585]
time spent 163.17750001

Iteration 21

Weights [ 0.20133761  0.19883891  0.19990011  0.20022778  0.1996956 ] Sum of Weights 1.0
Maximum (Average) Accuracy of Classifier 0.449545454545
Cost (Before Noise) [ 0.  0.  0.  0.  0.]
Cost (After Noise), [ 0.615  0.455  0.64   0.62   0.475]
Loss 0.561227032757 Loss Per Action [0.12382262775319647, 0.090471703614056168, 0.12793607234808105, 0.12414122073838316, 0.094855408302822242]
time spent 145.811861992

Iteration 22

Weights [ 0.20089375  0.19970458  0.19925536  0.19974547  0.20040083] Sum of Weights 1.0
Maximum (Average) Accuracy of Classifier 0.446739130435
Cost (Before Noise) [ 0.  0.  0.  0.  0.]
Cost (After Noise), [ 0.615  0.495  0.47   0.51   0.6  ]
Loss 0.538164135211 Loss Per Action [0.12354965827270799, 0.09885376908406357, 0.093650020824622093, 0.10187019093711243, 0.12024049609228879]
time spent 162.637576818

Iteration 23

Weights [ 0.20026216  0.20005727  0.19981168  0.19997537  0.19989351] Sum of Weights 1.0
Maximum (Average) Accuracy of Classifier 0.448541666667
Cost (Before Noise) [ 0.  0.  0.  0.  0.]
Cost (After Noise), [ 0.615  0.675  0.475  0.53   0.465]
Loss 0.552047866859 Loss Per Action [0.12316122724733365, 0.13503865799431788, 0.094910549592594734, 0.10598694874932225, 0.092950483275304113]
time spent 161.126168966

Iteration 24

Weights [ 0.19974553  0.19905156  0.20044191  0.20015487  0.20060612] Sum of Weights 1.0
Maximum (Average) Accuracy of Classifier 0.45
Cost (Before Noise) [ 0.  0.  0.  0.  0.]
Cost (After Noise), [ 0.41   0.455  0.74   0.525  0.69 ]
Loss 0.564290676494 Loss Per Action [0.081895666648738152, 0.090568460833107337, 0.14832701633847348, 0.10508130854895904, 0.13841822412506163]
time spent 152.542564869

Iteration 25

Weights [ 0.20100856  0.19994147  0.19900223  0.20047431  0.19957342] Sum of Weights 1.0
Maximum (Average) Accuracy of Classifier 0.4475
Cost (Before Noise) [ 0.  0.  0.  0.  0.]
Cost (After Noise), [ 0.615  0.6    0.475  0.62   0.465]
Loss 0.555206923694 Loss Per Action [0.12362026618775988, 0.11996488470534386, 0.094526061502533953, 0.12429407140603707, 0.092801639891997564]
time spent 161.0356071

Iteration 26

Weights [ 0.20051624  0.1995743   0.19965603  0.19994235  0.20031109] Sum of Weights 1.0
Maximum (Average) Accuracy of Classifier 0.447222222222
Cost (Before Noise) [ 0.  0.  0.  0.  0.]
Cost (After Noise), [ 0.615  0.445  0.54   0.51   0.6  ]
Loss 0.542099554295 Loss Per Action [0.12331748481543517, 0.088810561597032253, 0.10781425488956373, 0.10197059989058434, 0.12018665310250654]
time spent 149.329110861

Iteration 27

Weights [ 0.19991797  0.20036868  0.19967255  0.20020467  0.19983613] Sum of Weights 1.0
Maximum (Average) Accuracy of Classifier 0.448035714286
Cost (Before Noise) [ 0.  0.  0.  0.  0.]
Cost (After Noise), [ 0.475  0.76   0.475  0.595  0.465]
Loss 0.554131273498 Loss Per Action [0.094961034859840213, 0.15228019871334603, 0.09484446190676904, 0.11912177801112171, 0.092923800007103]
time spent 162.04392004

Iteration 28

Weights [ 0.20056459  0.19868468  0.20031838  0.19986777  0.20056459] Sum of Weights 1.0
Maximum (Average) Accuracy of Classifier 0.448965517241
Cost (Before Noise) [ 0.  0.  0.  0.  0.]
Cost (After Noise), [ 0.525  0.45   0.635  0.445  0.69 ]
Loss 0.549237405195 Loss Per Action [0.10529640766424563, 0.089408105175390634, 0.12720216844501028, 0.088941159552038102, 0.13838956435872285]
time spent 149.362123013

Iteration 29

Weights [ 0.20076209  0.19949201  0.19961456  0.200721    0.19941034] Sum of Weights 1.0
Maximum (Average) Accuracy of Classifier 0.447166666667
Cost (Before Noise) [ 0.  0.  0.  0.  0.]
Cost (After Noise), [ 0.615  0.53   0.64   0.62   0.44 ]
Loss 0.569140339112 Loss Per Action [0.12346868728137476, 0.10573076268125436, 0.1277533214901575, 0.12444701790318596, 0.087740549755834715]
time spent 137.703366995

Iteration 30

Weights [ 0.20038454  0.19981103  0.19903533  0.20030251  0.2004666 ] Sum of Weights 1.0
Maximum (Average) Accuracy of Classifier 0.447903225806
Cost (Before Noise) [ 0.  0.  0.  0.  0.]
Cost (After Noise), [ 0.525  0.495  0.47   0.51   0.69 ]
Loss 0.538131177595 Loss Per Action [0.10520188170275095, 0.098906460224595719, 0.09354660318210932, 0.10215427831613388, 0.13832195416902773]
time spent 163.00560379

Iteration 31

Weights [ 0.20049128  0.20016318  0.19959031  0.20053233  0.1992229 ] Sum of Weights 1.0
Maximum (Average) Accuracy of Classifier 0.44703125
Cost (Before Noise) [ 0.  0.  0.  0.  0.]
Cost (After Noise), [ 0.575  0.6    0.57   0.66   0.435]
Loss 0.568160169477 Loss Per Action [0.11528248424220831, 0.12009791003745761, 0.11376647732385677, 0.13235133544481181, 0.08666196242883277]
time spent 143.307712078

Iteration 32

Weights [ 0.20043422  0.19990149  0.19957437  0.19977876  0.20031116] Sum of Weights 1.0
Maximum (Average) Accuracy of Classifier 0.447878787879
Cost (Before Noise) [ 0.  0.  0.  0.  0.]
Cost (After Noise), [ 0.615  0.575  0.47   0.445  0.6  ]
Loss 0.541098600828 Loss Per Action [0.12326704657410217, 0.1149433592835724, 0.093799952023502275, 0.088901547517898666, 0.12018669542846194]
time spent 166.320169926

Iteration 33

Weights [ 0.19982783  0.19962339  0.20015538  0.20056556  0.19982783] Sum of Weights 1.0
Maximum (Average) Accuracy of Classifier 0.449411764706
Cost (Before Noise) [ 0.  0.  0.  0.  0.]
Cost (After Noise), [ 0.41   0.455  0.72   0.66   0.55 ]
Loss 0.559148507209 Loss Per Action [0.081929411940334373, 0.090828643056147476, 0.14411187206399212, 0.13237327144768354, 0.10990530870044878]
time spent 150.606503963

Iteration 34

Weights [ 0.20104955  0.20047414  0.19883917  0.19973675  0.19990038] Sum of Weights 1.0
Maximum (Average) Accuracy of Classifier 0.447714285714
Cost (Before Noise) [ 0.  0.  0.  0.  0.]
Cost (After Noise), [ 0.615  0.675  0.475  0.45   0.53 ]
Loss 0.549242867955 Loss Per Action [0.12364547435064636, 0.13532004630812902, 0.094448608116666749, 0.089881537565424566, 0.10594720161400194]
time spent 166.884302139

Iteration 35

Weights [ 0.20050777  0.19944334  0.19944334  0.20054882  0.20005674] Sum of Weights 1.0
Maximum (Average) Accuracy of Classifier 0.446944444444
Cost (Before Noise) [ 0.  0.  0.  0.  0.]
Cost (After Noise), [ 0.575  0.45   0.545  0.66   0.54 ]
Loss 0.554130946557 Loss Per Action [0.11529196591676474, 0.089749501639031129, 0.10869661865171557, 0.1323622209865144, 0.10803063936264229]
time spent 152.430252075

Iteration 36

Weights [ 0.20033575  0.20029474  0.19951715  0.1996806   0.20017176] Sum of Weights 1.0
Maximum (Average) Accuracy of Classifier 0.447567567568
Cost (Before Noise) [ 0.  0.  0.  0.  0.]
Cost (After Noise), [ 0.615  0.675  0.475  0.45   0.53 ]
Loss 0.549123383398 Loss Per Action [0.12320648371240978, 0.1351989472224327, 0.094770648125901802, 0.089856271938577911, 0.10609103239885304]
time spent 166.92239213

Iteration 37

Weights [ 0.19979491  0.19926388  0.2001224   0.20049147  0.20032735] Sum of Weights 1.0
Maximum (Average) Accuracy of Classifier 0.449078947368
Cost (Before Noise) [ 0.  0.  0.  0.  0.]
Cost (After Noise), [ 0.41   0.455  0.645  0.66   0.625]
Loss 0.559188884698 Loss Per Action [0.081915912052671791, 0.090665064942180809, 0.1290789462846002, 0.13232436700438946, 0.12520459441376489]
time spent 150.034012079

Iteration 38

Weights [ 0.20101724  0.20011391  0.19941866  0.19966377  0.19978643] Sum of Weights 1.0
Maximum (Average) Accuracy of Classifier 0.447435897436
Cost (Before Noise) [ 0.  0.  0.  0.  0.]
Cost (After Noise), [ 0.615  0.675  0.475  0.45   0.53 ]
Loss 0.549161853975 Loss Per Action [0.12362560024700554, 0.13507688707297164, 0.094723863877536202, 0.089848694466991383, 0.10588680831033571]
time spent 167.06822896

Iteration 39

Weights [ 0.20047487  0.19908429  0.20002392  0.20047487  0.19994204] Sum of Weights 1.0
Maximum (Average) Accuracy of Classifier 0.44775
Cost (Before Noise) [ 0.  0.  0.  0.  0.]
Cost (After Noise), [ 0.615  0.455  0.64   0.62   0.475]
Loss 0.561157600078 Loss Per Action [0.12329204742365669, 0.090583353558531657, 0.12801530918305795, 0.12429442179295466, 0.094972468119838685]
time spent 146.041371822

Iteration 40

Weights [ 0.20003235  0.19995047  0.1993782   0.19999141  0.20064757] Sum of Weights 1.0
Maximum (Average) Accuracy of Classifier 0.447073170732
Cost (Before Noise) [ 0.  0.  0.  0.  0.]
Cost (After Noise), [ 0.525  0.495  0.47   0.51   0.69 ]
Loss 0.538142662324 Loss Per Action [0.10501698567202108, 0.098975481539866877, 0.093707755999280301, 0.1019956173242597, 0.13844682178873202]
time spent 162.335025072

Iteration 41

Weights [ 0.200139    0.20030296  0.19993424  0.20022096  0.19940284] Sum of Weights 1.0
Maximum (Average) Accuracy of Classifier 0.448452380952
Cost (Before Noise) [ 0.  0.  0.  0.  0.]
Cost (After Noise), [ 0.475  0.76   0.57   0.595  0.435]
Loss 0.567130498017 Loss Per Action [0.095066024801416238, 0.15223024912497238, 0.11396251598014073, 0.11913147280366222, 0.086740235307008501]
time spent 143.09296608

Iteration 42

Weights [ 0.20089325  0.19872527  0.19990861  0.19999048  0.20048239] Sum of Weights 1.0
Maximum (Average) Accuracy of Classifier 0.446976744186
Cost (Before Noise) [ 0.  0.  0.  0.  0.]
Cost (After Noise), [ 0.615  0.445  0.54   0.51   0.6  ]
Loss 0.542217322342 Loss Per Action [0.12354934839658181, 0.088432745423864215, 0.10795064855523709, 0.10199514337027728, 0.12028943659619533]
time spent 148.854315996

Iteration 43

Weights [ 0.20029482  0.19951724  0.19992612  0.20025382  0.20000799] Sum of Weights 1.0
Maximum (Average) Accuracy of Classifier 0.447159090909
Cost (Before Noise) [ 0.  0.  0.  0.  0.]
Cost (After Noise), [ 0.615  0.45   0.545  0.62   0.54 ]
Loss 0.554085496547 Loss Per Action [0.12318131671446747, 0.089782758409719651, 0.10895973435823886, 0.12415737029396456, 0.10800431677093784]
time spent 151.295363903

Iteration 44

Weights [ 0.19979524  0.2003687   0.19999986  0.19971346  0.20012273] Sum of Weights 1.0
Maximum (Average) Accuracy of Classifier 0.449111111111
Cost (Before Noise) [ 0.  0.  0.  0.  0.]
Cost (After Noise), [ 0.395  0.76   0.66   0.41   0.635]
Loss 0.572159698709 Loss Per Action [0.078919121318037994, 0.15228021530660527, 0.13199990925864974, 0.081882516551437065, 0.12707793627380634]
time spent 141.918118954

Iteration 45

Weights [ 0.20124625  0.19883008  0.19927834  0.20104035  0.19960498] Sum of Weights 1.0
Maximum (Average) Accuracy of Classifier 0.447717391304
Cost (Before Noise) [ 0.  0.  0.  0.  0.]
Cost (After Noise), [ 0.615  0.45   0.545  0.62   0.54 ]
Loss 0.554278381511 Loss Per Action [0.12376644199380865, 0.089473534932774962, 0.10860669495908939, 0.12464501904955187, 0.10778669057538114]
time spent 152.196556091

Iteration 46

Weights [ 0.20074588  0.19968019  0.19935342  0.20049945  0.19972107] Sum of Weights 1.0
Maximum (Average) Accuracy of Classifier 0.446382978723
Cost (Before Noise) [ 0.  0.  0.  0.  0.]
Cost (After Noise), [ 0.615  0.495  0.47   0.62   0.54 ]
Loss 0.54815554897 Loss Per Action [0.12345871590330482, 0.098841691881568647, 0.093696107109017795, 0.12430965679330516, 0.10784937728235437]
time spent 165.644522905

Iteration 47

Weights [ 0.20019658  0.20011463  0.19999176  0.19990989  0.19978715] Sum of Weights 1.0
Maximum (Average) Accuracy of Classifier 0.4478125
Cost (Before Noise) [ 0.  0.  0.  0.  0.]
Cost (After Noise), [ 0.615  0.675  0.645  0.47   0.435]
Loss 0.568058009654 Loss Per Action [0.12312089578765877, 0.135077372135013, 0.12899468428898536, 0.093957647971949929, 0.086907409470776645]
time spent 140.67185688

Iteration 48

Weights [ 0.19981059  0.19923873  0.19936114  0.20071255  0.20087698] Sum of Weights 1.0
Maximum (Average) Accuracy of Classifier 0.446734693878
Cost (Before Noise) [ 0.  0.  0.  0.  0.]
Cost (After Noise), [ 0.475  0.45   0.545  0.595  0.69 ]
Loss 0.55124836938 Loss Per Action [0.094910032347767417, 0.089657429055308144, 0.10865181879424687, 0.11942397001110432, 0.13860511917171275]
time spent 151.167261839

Iteration 49

Weights [ 0.20043412  0.20006516  0.1994109   0.20035207  0.19973776] Sum of Weights 1.0
Maximum (Average) Accuracy of Classifier 0.4468
Cost (Before Noise) [ 0.  0.  0.  0.  0.]
Cost (After Noise), [ 0.615  0.6    0.475  0.62   0.465]
Loss 0.555122593202 Loss Per Action [0.12326698257332147, 0.12003909345194022, 0.094720177061117031, 0.12421828193316586, 0.092878058182003911]
time spent 160.24801898

Iteration 50

Weights [ 0.19994251  0.19969706  0.20006534  0.19981975  0.20047534] Sum of Weights 1.0
Maximum (Average) Accuracy of Classifier 0.447450980392
Cost (Before Noise) [ 0.  0.  0.  0.  0.]
Cost (After Noise), [ 0.455  0.45   0.74   0.445  0.69 ]
Loss 0.556133645928 Loss Per Action [0.090973840638187767, 0.089863677013646781, 0.1480483541430192, 0.088919786870834377, 0.13832798726263371]
time spent 151.442636013

Iteration 51

Weights [ 0.20076928  0.20056388  0.19856199  0.20072819  0.19937666] Sum of Weights 1.0
Maximum (Average) Accuracy of Classifier 0.44625
Cost (Before Noise) [ 0.  0.  0.  0.  0.]
Cost (After Noise), [ 0.615  0.6    0.475  0.62   0.465]
Loss 0.55529000503 Loss Per Action [0.12347310988537569, 0.12033832710334251, 0.094316944714353951, 0.12445147555063811, 0.092710147775894203]
time spent 160.365953922

Iteration 52

Weights [ 0.20027822  0.20019624  0.19921501  0.20019624  0.20011429] Sum of Weights 1.0
Maximum (Average) Accuracy of Classifier 0.447547169811
Cost (Before Noise) [ 0.  0.  0.  0.  0.]
Cost (After Noise), [ 0.615  0.675  0.475  0.53   0.465]
Loss 0.552087849367 Loss Per Action [0.12317110824312862, 0.13513246080611077, 0.094627131418490731, 0.10610400626257578, 0.093053142636257136]
time spent 159.992773771

Iteration 53

Weights [ 0.19976188  0.19919016  0.19984369  0.20037626  0.20082801] Sum of Weights 1.0
Maximum (Average) Accuracy of Classifier 0.447777777778
Cost (Before Noise) [ 0.  0.  0.  0.  0.]
Cost (After Noise), [ 0.41   0.455  0.645  0.595  0.69 ]
Loss 0.559228275597 Loss Per Action [0.081902371037562482, 0.090631521351903457, 0.12889917956678013, 0.11922387640670938, 0.13857132723393792]
time spent 151.061275959

Iteration 54

Weights [ 0.2009842   0.20004006  0.19914112  0.20008102  0.1997536 ] Sum of Weights 1.0
Maximum (Average) Accuracy of Classifier 0.446636363636
Cost (Before Noise) [ 0.  0.  0.  0.  0.]
Cost (After Noise), [ 0.615  0.6    0.475  0.62   0.465]
Loss 0.555157007406 Loss Per Action [0.12360528279482214, 0.12002403697296521, 0.094592033634174177, 0.12405023161031224, 0.09288542239358169]
time spent 160.592183828

Iteration 55

Weights [ 0.20049152  0.19967229  0.19979496  0.1995497   0.20049152] Sum of Weights 1.0
Maximum (Average) Accuracy of Classifier 0.447232142857
Cost (Before Noise) [ 0.  0.  0.  0.  0.]
Cost (After Noise), [ 0.525  0.515  0.635  0.405  0.69 ]
Loss 0.554115860443 Loss Per Action [0.10525804905071205, 0.10283123118336158, 0.12686980219793997, 0.080817627830177416, 0.13833915018093648]
time spent 140.34445405

Iteration 56

Weights [ 0.20072901  0.19999068  0.19913273  0.20077011  0.19937748] Sum of Weights 1.0
Maximum (Average) Accuracy of Classifier 0.446754385965
Cost (Before Noise) [ 0.  0.  0.  0.  0.]
Cost (After Noise), [ 0.575  0.6    0.475  0.66   0.465]
Loss 0.555220430822 Loss Per Action [0.11541918019008662, 0.11999440741959443, 0.094588044732723489, 0.13250827074483165, 0.09271052773447172]
time spent 160.96353507

Iteration 57

Weights [ 0.20056557  0.1996234   0.19978694  0.19990968  0.20011441] Sum of Weights 1.0
Maximum (Average) Accuracy of Classifier 0.446637931034
Cost (Before Noise) [ 0.  0.  0.  0.  0.]
Cost (After Noise), [ 0.615  0.445  0.54   0.51   0.6  ]
Loss 0.542087769363 Loss Per Action [0.12334782629268942, 0.088832412866855559, 0.1078849460335401, 0.10195393581202354, 0.1200686483577818]
time spent 148.041159868

Iteration 58

Weights [ 0.19996706  0.20041789  0.19980338  0.20017185  0.19963982] Sum of Weights 1.0
Maximum (Average) Accuracy of Classifier 0.447033898305
Cost (Before Noise) [ 0.  0.  0.  0.  0.]
Cost (After Noise), [ 0.475  0.76   0.57   0.595  0.435]
Loss 0.567135447545 Loss Per Action [0.094984353578825925, 0.15231759277888171, 0.11388792393595711, 0.11910225360612287, 0.086843323645421341]
time spent 143.254685879

Iteration 59

Weights [ 0.2007207   0.19883933  0.1997778   0.19994147  0.2007207 ] Sum of Weights 1.0
Maximum (Average) Accuracy of Classifier 0.4475
Cost (Before Noise) [ 0.  0.  0.  0.  0.]
Cost (After Noise), [ 0.525  0.445  0.54   0.51   0.69 ]
Loss 0.542209314365 Loss Per Action [0.10537836831271136, 0.088483502030311592, 0.10788001270471295, 0.10197014724880607, 0.13849728406813541]
time spent 148.729799986

Iteration 60

Weights [ 0.20086109  0.19963124  0.19979478  0.20020423  0.19950867] Sum of Weights 1.0
Maximum (Average) Accuracy of Classifier 0.446639344262
Cost (Before Noise) [ 0.  0.  0.  0.  0.]
Cost (After Noise), [ 0.615  0.53   0.64   0.62   0.44 ]
Loss 0.569113218689 Loss Per Action [0.1235295683421568, 0.10580455583285438, 0.12786865999342159, 0.12412662085791, 0.087783813662339116]
time spent 138.343318939

Iteration 61

Weights [ 0.20048312  0.19995026  0.1992148   0.19978659  0.20056523] Sum of Weights 1.0
Maximum (Average) Accuracy of Classifier 0.446935483871
Cost (Before Noise) [ 0.  0.  0.  0.  0.]
Cost (After Noise), [ 0.525  0.575  0.47   0.445  0.69 ]
Loss 0.541151034048 Loss Per Action [0.10525363858016769, 0.11497140149663973, 0.093630955010139322, 0.088905033609897668, 0.13839000535128906]
time spent 164.680375099

Iteration 62

Weights [ 0.20061447  0.19967207  0.19979474  0.2005734   0.19934532] Sum of Weights 1.0
Maximum (Average) Accuracy of Classifier 0.44626984127
Cost (Before Noise) [ 0.  0.  0.  0.  0.]
Cost (After Noise), [ 0.615  0.53   0.64   0.62   0.44 ]
Loss 0.569140179266 Loss Per Action [0.12337789935887566, 0.10582619672231225, 0.12786863339578647, 0.12435551060311323, 0.087711939185594001]
time spent 138.254527092

Iteration 63

Weights [ 0.20023719  0.19999138  0.19921498  0.20015522  0.20040123] Sum of Weights 1.0
Maximum (Average) Accuracy of Classifier 0.446484375
Cost (Before Noise) [ 0.  0.  0.  0.  0.]
Cost (After Noise), [ 0.525  0.495  0.47   0.51   0.69 ]
Loss 0.538107309565 Loss Per Action [0.10512452493373903, 0.098995733958106125, 0.093631039067331834, 0.10207916250277217, 0.13827684910282084]
time spent 162.000053883

Iteration 64

Weights [ 0.20034366  0.20034366  0.19977027  0.20038468  0.19915774] Sum of Weights 1.0
Maximum (Average) Accuracy of Classifier 0.447615384615
Cost (Before Noise) [ 0.  0.  0.  0.  0.]
Cost (After Noise), [ 0.475  0.705  0.57   0.66   0.435]
Loss 0.569162071712 Loss Per Action [0.095163236846737775, 0.14124227784621088, 0.11386905258862325, 0.13225388601713534, 0.086633618413028565]
time spent 142.714281082

Iteration 65

Weights [ 0.20111575  0.19923068  0.19976162  0.19963897  0.20025297] Sum of Weights 1.0
Maximum (Average) Accuracy of Classifier 0.446666666667
Cost (Before Noise) [ 0.  0.  0.  0.  0.]
Cost (After Noise), [ 0.615  0.45   0.635  0.445  0.6  ]
Loss 0.549179750574 Loss Per Action [0.12368618894731843, 0.08965380617158604, 0.1268486289288335, 0.088839341784168663, 0.12015178474256616]
time spent 148.358880043

Iteration 66

Weights [ 0.2005733   0.20004021  0.19905975  0.2004912   0.19983555] Sum of Weights 1.0
Maximum (Average) Accuracy of Classifier 0.446641791045
Cost (Before Noise) [ 0.  0.  0.  0.  0.]
Cost (After Noise), [ 0.615  0.6    0.475  0.62   0.465]
Loss 0.55515815638 Loss Per Action [0.12335258186554919, 0.12002412391197145, 0.094553379616842362, 0.12430454182850227, 0.092923529157034793]
time spent 160.438760996

Iteration 67

Weights [ 0.20008164  0.19967245  0.19971333  0.1999588   0.20057378] Sum of Weights 1.0
Maximum (Average) Accuracy of Classifier 0.446617647059
Cost (Before Noise) [ 0.  0.  0.  0.  0.]
Cost (After Noise), [ 0.525  0.445  0.54   0.51   0.69 ]
Loss 0.542117196578 Loss Per Action [0.10504286245262723, 0.088854239145923622, 0.10784519785259725, 0.1019789860722079, 0.13839591105486421]
time spent 148.702152967

Iteration 68

Weights [ 0.20022083  0.20046692  0.19972955  0.20022083  0.19936188] Sum of Weights 1.0
Maximum (Average) Accuracy of Classifier 0.446594202899
Cost (Before Noise) [ 0.  0.  0.  0.  0.]
Cost (After Noise), [ 0.525  0.76   0.57   0.53   0.435]
Loss 0.564156089448 Loss Per Action [0.10511593315653292, 0.15235485592012835, 0.11384584334820708, 0.1061170372818331, 0.086722419740882545]
time spent 141.909384012

Iteration 69

Weights [ 0.20054014  0.19886392  0.19967983  0.20049909  0.20041701] Sum of Weights 1.0
Maximum (Average) Accuracy of Classifier 0.446571428571
Cost (Before Noise) [ 0.  0.  0.  0.  0.]
Cost (After Noise), [ 0.615  0.45   0.545  0.62   0.54 ]
Loss 0.554181084329 Loss Per Action [0.1233321875585256, 0.08948876405327176, 0.10882550839247983, 0.12430943659551003, 0.10822518772963785]
time spent 152.218977928

Iteration 70

Weights [ 0.20004073  0.19971338  0.19975427  0.19995884  0.20053277] Sum of Weights 1.0
Maximum (Average) Accuracy of Classifier 0.446690140845
Cost (Before Noise) [ 0.  0.  0.  0.  0.]
Cost (After Noise), [ 0.525  0.445  0.54   0.51   0.69 ]
Loss 0.542107768978 Loss Per Action [0.10502138544277381, 0.088872453174092036, 0.10786730479415003, 0.10197901086959872, 0.13836761469777709]
time spent 148.601768017

Iteration 71

Weights [ 0.20017981  0.20050793  0.19977041  0.2002208   0.19932105] Sum of Weights 1.0
Maximum (Average) Accuracy of Classifier 0.447222222222
Cost (Before Noise) [ 0.  0.  0.  0.  0.]
Cost (After Noise), [ 0.475  0.76   0.57   0.595  0.435]
Loss 0.56717660366 Loss Per Action [0.095085410143757515, 0.15238602803933329, 0.11386913644364807, 0.11913137394519588, 0.086704655088460883]
time spent 143.199224949

Iteration 72

Weights [ 0.20093459  0.198929    0.19974518  0.19999069  0.20040054] Sum of Weights 1.0
Maximum (Average) Accuracy of Classifier 0.446369863014
Cost (Before Noise) [ 0.  0.  0.  0.  0.]
Cost (After Noise), [ 0.615  0.445  0.54   0.51   0.6  ]
Loss 0.542196150658 Loss Per Action [0.12357477450649643, 0.088523406267424498, 0.10786239810083707, 0.10199525071737167, 0.12024032106541632]
time spent 147.442785978

Iteration 73

Weights [ 0.20033587  0.19972161  0.1997625   0.20025386  0.19992615] Sum of Weights 1.0
Maximum (Average) Accuracy of Classifier 0.446756756757
Cost (Before Noise) [ 0.  0.  0.  0.  0.]
Cost (After Noise), [ 0.615  0.45   0.545  0.62   0.54 ]
Loss 0.554069366519 Loss Per Action [0.12320656008749424, 0.089874725229942332, 0.10887056442161899, 0.12415739314345985, 0.10796012363640263]
time spent 152.23380208

Iteration 74

Weights [ 0.19983606  0.20057381  0.19983606  0.19971336  0.20004072] Sum of Weights 1.0
Maximum (Average) Accuracy of Classifier 0.447666666667
Cost (Before Noise) [ 0.  0.  0.  0.  0.]
Cost (After Noise), [ 0.395  0.76   0.66   0.41   0.635]
Loss 0.572171469043 Loss Per Action [0.078935241815368595, 0.15243609892788554, 0.1318917964509958, 0.081882477381978291, 0.12702585446657946]
time spent 141.865208149

Iteration 75

Weights [ 0.20128745  0.19903371  0.19911522  0.20104035  0.19952327] Sum of Weights 1.0
Maximum (Average) Accuracy of Classifier 0.446842105263
Cost (Before Noise) [ 0.  0.  0.  0.  0.]
Cost (After Noise), [ 0.615  0.45   0.545  0.62   0.54 ]
Loss 0.55426232946 Loss Per Action [0.12379178221712839, 0.089565168324091116, 0.10851779372760469, 0.12464501877125761, 0.10774256641986027]
time spent 152.302615166

Iteration 76

Weights [ 0.20078685  0.19988455  0.19919011  0.20049931  0.19963918] Sum of Weights 1.0
Maximum (Average) Accuracy of Classifier 0.446168831169
Cost (Before Noise) [ 0.  0.  0.  0.  0.]
Cost (After Noise), [ 0.615  0.6    0.475  0.62   0.465]
Loss 0.555171736765 Loss Per Action [0.12348391172091183, 0.11993073254534761, 0.094615299918033552, 0.124309574570307, 0.09283221801058876]
time spent 159.346964121

Iteration 77

Weights [ 0.20029478  0.19951719  0.19984423  0.199967    0.2003768 ] Sum of Weights 1.0
Maximum (Average) Accuracy of Classifier 0.44641025641
Cost (Before Noise) [ 0.  0.  0.  0.  0.]
Cost (After Noise), [ 0.525  0.445  0.54   0.51   0.69 ]
Loss 0.542098955316 Loss Per Action [0.10515475698452043, 0.088785150610107902, 0.10791588261564164, 0.10198317164539769, 0.13825999346062767]
time spent 148.887738228

Iteration 78

Weights [ 0.20043396  0.20031089  0.19986031  0.20022889  0.19916594] Sum of Weights 1.0
Maximum (Average) Accuracy of Classifier 0.446392405063
Cost (Before Noise) [ 0.  0.  0.  0.  0.]
Cost (After Noise), [ 0.615  0.675  0.57   0.53   0.435]
Loss 0.56515561363 Loss Per Action [0.1232668835668409, 0.1352098535564584, 0.11392037656133977, 0.10612131394178037, 0.086637186003886049]
time spent 142.004456997

Iteration 79

Weights [ 0.20002422  0.19941092  0.19981958  0.20051622  0.20022907] Sum of Weights 1.0
Maximum (Average) Accuracy of Classifier 0.446625
Cost (Before Noise) [ 0.  0.  0.  0.  0.]
Cost (After Noise), [ 0.475  0.45   0.545  0.66   0.625]
Loss 0.5511319586 Loss Per Action [0.095011503850453705, 0.089734912092687677, 0.10890166839895943, 0.13234070437949219, 0.12514316987823065]
time spent 151.291946888

Iteration 80

Weights [ 0.20064758  0.20023723  0.19986863  0.19962328  0.19962328] Sum of Weights 1.0
Maximum (Average) Accuracy of Classifier 0.446851851852
Cost (Before Noise) [ 0.  0.  0.  0.  0.]
Cost (After Noise), [ 0.615  0.675  0.645  0.41   0.485]
Loss 0.566136495467 Loss Per Action [0.12339826447196676, 0.13516013148417591, 0.12891526764476596, 0.081845543089672429, 0.096817288776807925]
time spent 140.146526814

Iteration 81

Weights [ 0.20024482  0.19934497  0.19922257  0.20090182  0.20028582] Sum of Weights 1.0
Maximum (Average) Accuracy of Classifier 0.446829268293
Cost (Before Noise) [ 0.  0.  0.  0.  0.]
Cost (After Noise), [ 0.475  0.495  0.47   0.66   0.625]
Loss 0.545200495948 Loss Per Action [0.095116291319310986, 0.098675757917730506, 0.093634608487562027, 0.13259519893660018, 0.1251786392867304]
time spent 164.047466993

Iteration 82

Weights [ 0.20082012  0.19975404  0.19983584  0.19995861  0.19963139] Sum of Weights 1.0
Maximum (Average) Accuracy of Classifier 0.446445783133
Cost (Before Noise) [ 0.  0.  0.  0.  0.]
Cost (After Noise), [ 0.615  0.53   0.64   0.62   0.44 ]
Loss 0.569081102894 Loss Per Action [0.12350437571995432, 0.10586963859703419, 0.12789493795019127, 0.12397433916416503, 0.08783781146232425]
time spent 138.109738827

Iteration 83

Weights [ 0.20044197  0.20007299  0.19925548  0.19954123  0.20068833] Sum of Weights 1.0
Maximum (Average) Accuracy of Classifier 0.446428571429
Cost (Before Noise) [ 0.  0.  0.  0.  0.]
Cost (After Noise), [ 0.525  0.575  0.47   0.445  0.69 ]
Loss 0.54119487539 Loss Per Action [0.10523203462298493, 0.11504197155166644, 0.093650073583132168, 0.088795845763064887, 0.13847494986936607]
time spent 165.997860909

Iteration 84

Weights [ 0.20057365  0.19979499  0.19983589  0.20032743  0.19946803] Sum of Weights 1.0
Maximum (Average) Accuracy of Classifier 0.446176470588
Cost (Before Noise) [ 0.  0.  0.  0.  0.]
Cost (After Noise), [ 0.615  0.53   0.64   0.62   0.44 ]
Loss 0.569108054719 Loss Per Action [0.12335279662990641, 0.10589134341368418, 0.12789497248007975, 0.12420300746986421, 0.087765934725533304]
time spent 137.191993952

Iteration 85

Weights [ 0.20019619  0.20011423  0.19925575  0.1999095   0.20052433] Sum of Weights 1.0
Maximum (Average) Accuracy of Classifier 0.446569767442
Cost (Before Noise) [ 0.  0.  0.  0.  0.]
Cost (After Noise), [ 0.525  0.575  0.47   0.445  0.69 ]
Loss 0.541140400685 Loss Per Action [0.10510299767868535, 0.11506568402329083, 0.09365020238800309, 0.088959726343961973, 0.13836179025127959]
time spent 165.877496958

Iteration 86

Weights [ 0.20032726  0.19983572  0.19983572  0.20069671  0.19930459] Sum of Weights 1.0
Maximum (Average) Accuracy of Classifier 0.44591954023
Cost (Before Noise) [ 0.  0.  0.  0.  0.]
Cost (After Noise), [ 0.575  0.53   0.64   0.66   0.44 ]
Loss 0.569149815256 Loss Per Action [0.11518817458695001, 0.1059129335443206, 0.12789486314785908, 0.13245982581417662, 0.087694018162373835]
time spent 138.208065987

Iteration 87

Weights [ 0.20027822  0.20015526  0.1992558   0.19995048  0.20036024] Sum of Weights 1.0
Maximum (Average) Accuracy of Classifier 0.446590909091
Cost (Before Noise) [ 0.  0.  0.  0.  0.]
Cost (After Noise), [ 0.525  0.575  0.47   0.445  0.69 ]
Loss 0.541112095662 Loss Per Action [0.10514606708475417, 0.11508927207058502, 0.093650225969575229, 0.088977962764751464, 0.13824856777224881]
time spent 165.905894995

Iteration 88

Weights [ 0.20040912  0.19987646  0.19983554  0.20073762  0.19914126] Sum of Weights 1.0
Maximum (Average) Accuracy of Classifier 0.445898876404
Cost (Before Noise) [ 0.  0.  0.  0.  0.]
Cost (After Noise), [ 0.575  0.6    0.57   0.66   0.435]
Loss 0.568180654112 Loss Per Action [0.11523524348281469, 0.11992587489325679, 0.11390625946714027, 0.1324868264071645, 0.086626449862091975]
time spent 141.542212009

Iteration 89

Weights [ 0.20035226  0.19961531  0.19981975  0.19998344  0.20022924] Sum of Weights 1.0
Maximum (Average) Accuracy of Classifier 0.446111111111
Cost (Before Noise) [ 0.  0.  0.  0.  0.]
Cost (After Noise), [ 0.615  0.445  0.54   0.51   0.6  ]
Loss 0.542077215841 Loss Per Action [0.12321663722719822, 0.088828813595564507, 0.10790266275596827, 0.10199155648860668, 0.1201375457733717]
time spent 148.644943953

Iteration 90

Weights [ 0.19975429  0.20040968  0.1998361   0.20024563  0.19975429] Sum of Weights 1.0
Maximum (Average) Accuracy of Classifier 0.447252747253
Cost (Before Noise) [ 0.  0.  0.  0.  0.]
Cost (After Noise), [ 0.37   0.76   0.665  0.595  0.505]
Loss 0.579133521042 Loss Per Action [0.073909089142726578, 0.15231135552430222, 0.13289100686256175, 0.11914615054773252, 0.10087591896507284]
time spent 143.858384848

Iteration 91

Weights [ 0.20146909  0.19892803  0.19913176  0.20011258  0.20035854] Sum of Weights 1.0
Maximum (Average) Accuracy of Classifier 0.446576086957
Cost (Before Noise) [ 0.  0.  0.  0.  0.]
Cost (After Noise), [ 0.615  0.445  0.54   0.51   0.6  ]
Loss 0.542230153508 Loss Per Action [0.12390349091628729, 0.088522974527854306, 0.107531152111562, 0.10205741469959716, 0.12021512125226241]
time spent 148.535321951

Iteration 92

Weights [ 0.20086905  0.19972092  0.19914931  0.20037619  0.19988453] Sum of Weights 1.0
Maximum (Average) Accuracy of Classifier 0.445913978495
Cost (Before Noise) [ 0.  0.  0.  0.  0.]
Cost (After Noise), [ 0.615  0.495  0.47   0.62   0.54 ]
Loss 0.548167381445 Loss Per Action [0.12353446872285855, 0.098861852996090974, 0.093600175054090254, 0.12423323715968672, 0.10793764751193265]
time spent 164.236617088

Iteration 93

Weights [ 0.20031951  0.20015554  0.19978709  0.19978709  0.19995076] Sum of Weights 1.0
Maximum (Average) Accuracy of Classifier 0.446861702128
Cost (Before Noise) [ 0.  0.  0.  0.  0.]
Cost (After Noise), [ 0.615  0.675  0.54   0.4    0.53 ]
Loss 0.552075261144 Loss Per Action [0.12319650113519531, 0.1351049899704494, 0.107885029277296, 0.079914836501700448, 0.10597390425939054]
time spent 149.874768019

Iteration 94

Weights [ 0.19980263  0.19914923  0.19988446  0.20103354  0.20013014] Sum of Weights 1.0
Maximum (Average) Accuracy of Classifier 0.446789473684
Cost (Before Noise) [ 0.  0.  0.  0.  0.]
Cost (After Noise), [ 0.41   0.455  0.645  0.66   0.625]
Loss 0.559220926986 Loss Per Action [0.081919079532979402, 0.090612901850690611, 0.12892547564739104, 0.13268213522692168, 0.12508133472837107]
time spent 150.812978983

Iteration 95

Weights [ 0.20102527  0.19999904  0.19918182  0.20020386  0.19959001] Sum of Weights 1.0
Maximum (Average) Accuracy of Classifier 0.446145833333
Cost (Before Noise) [ 0.  0.  0.  0.  0.]
Cost (After Noise), [ 0.615  0.6    0.475  0.62   0.465]
Loss 0.555177077642 Loss Per Action [0.123630542543122, 0.11999942138821049, 0.09461136428822664, 0.12412639507779565, 0.092809354344159212]
time spent 160.231987953

Iteration 96

Weights [ 0.20053266  0.19963151  0.19983596  0.19967238  0.2003275 ] Sum of Weights 1.0
Maximum (Average) Accuracy of Classifier 0.44618556701
Cost (Before Noise) [ 0.  0.  0.  0.  0.]
Cost (After Noise), [ 0.615  0.45   0.635  0.445  0.6  ]
Loss 0.549108303354 Loss Per Action [0.12332758525631732, 0.089834178214250784, 0.12689583340819671, 0.088854209366196132, 0.12019649710951254]
time spent 148.343654156

Iteration 97

Weights [ 0.1999912   0.20044208  0.19913324  0.20052416  0.19990933] Sum of Weights 1.0
Maximum (Average) Accuracy of Classifier 0.446326530612
Cost (Before Noise) [ 0.  0.  0.  0.  0.]
Cost (After Noise), [ 0.475  0.705  0.475  0.66   0.465]
Loss 0.55619955406 Loss Per Action [0.094995817943557048, 0.14131166298320499, 0.094588289082997476, 0.13234594717450154, 0.092957836876222041]
time spent 160.584171057

Iteration 98

Weights [ 0.20065538  0.19922276  0.19979458  0.19967191  0.20065538] Sum of Weights 1.0
Maximum (Average) Accuracy of Classifier 0.446212121212
Cost (Before Noise) [ 0.  0.  0.  0.  0.]
Cost (After Noise), [ 0.615  0.45   0.635  0.445  0.6  ]
Loss 0.549170081791 Loss Per Action [0.12340305895919015, 0.089650241216670035, 0.12686955550302439, 0.088853997859623376, 0.12039322825286841]
time spent 149.149405003

Iteration 99

Weights [ 0.20011409  0.20003217  0.19909251  0.20052419  0.20023703] Sum of Weights 1.0
Maximum (Average) Accuracy of Classifier 0.4465
Cost (Before Noise) [ 0.  0.  0.  0.  0.]
Cost (After Noise), [ 0.475  0.495  0.47   0.66   0.625]
Loss 0.545137711752 Loss Per Action [0.095054193916521382, 0.099015925680186578, 0.093573478412811925, 0.13234596723556721, 0.12514814650650935]
time spent 163.030569077

Iteration 100

Weights [ 0.2006885   0.20044214  0.19970486  0.19958225  0.19958225] Sum of Weights 1.0
Maximum (Average) Accuracy of Classifier 0.446584158416
Cost (Before Noise) [ 0.  0.  0.  0.  0.]
Cost (After Noise), [ 0.615  0.675  0.645  0.41   0.485]
Loss 0.566157620995 Loss Per Action [0.12342342816707152, 0.13529844345033859, 0.12880963704196993, 0.081828721852081787, 0.096797390483560342]
time spent 141.523519039

Iteration 101

Weights [ 0.20028583  0.19954913  0.1990595   0.2008607   0.20024483] Sum of Weights 1.0
Maximum (Average) Accuracy of Classifier 0.445980392157
Cost (Before Noise) [ 0.  0.  0.  0.  0.]
Cost (After Noise), [ 0.575  0.495  0.47   0.66   0.54 ]
Loss 0.548199411884 Loss Per Action [0.11516435309985326, 0.098776820141488073, 0.093557967060949432, 0.13256806205968283, 0.10813220952170463]
time spent 165.195461035

Iteration 102

Weights [ 0.20006542  0.19998352  0.19969714  0.19994259  0.20031132] Sum of Weights 1.0
Maximum (Average) Accuracy of Classifier 0.446601941748
Cost (Before Noise) [ 0.  0.  0.  0.  0.]
Cost (After Noise), [ 0.525  0.575  0.47   0.445  0.69 ]
Loss 0.541071794907 Loss Per Action [0.10503434759614845, 0.1149905266169387, 0.093857656005948753, 0.088974451394694051, 0.13821481329375854]
time spent 164.539734125

Iteration 103

Weights [ 0.20019585  0.19970464  0.20027784  0.20072936  0.19909231] Sum of Weights 1.0
Maximum (Average) Accuracy of Classifier 0.446586538462
Cost (Before Noise) [ 0.  0.  0.  0.  0.]
Cost (After Noise), [ 0.49  0.53  0.72  0.66  0.44]
Loss 0.56822146392 Loss Per Action [0.098095966752355185, 0.10584345732797265, 0.14420004257558075, 0.13248137933255424, 0.087600617931862398]
time spent 138.468521118

Iteration 104

Weights [ 0.20083619  0.20001555  0.19903521  0.19997461  0.20013843] Sum of Weights 1.0
Maximum (Average) Accuracy of Classifier 0.446619047619
Cost (Before Noise) [ 0.  0.  0.  0.  0.]
Cost (After Noise), [ 0.615  0.575  0.47   0.445  0.6  ]
Loss 0.541141511799 Loss Per Action [0.12351425667335118, 0.11500894293161167, 0.093546550486651864, 0.088988701103282636, 0.12008306060426704]
time spent 169.571887016

Iteration 105

Weights [ 0.20022894  0.19973764  0.19961501  0.20076254  0.19965588] Sum of Weights 1.0
Maximum (Average) Accuracy of Classifier 0.446179245283
Cost (Before Noise) [ 0.  0.  0.  0.  0.]
Cost (After Noise), [ 0.575  0.6    0.475  0.66   0.465]
Loss 0.555134609634 Loss Per Action [0.1151316388904854, 0.11984258518198897, 0.09481712815087448, 0.13250327474030371, 0.092839982670357202]
time spent 164.915113926

Iteration 106

Weights [ 0.2000652   0.19937013  0.2002701   0.19990144  0.20039314] Sum of Weights 1.0
Maximum (Average) Accuracy of Classifier 0.446728971963
Cost (Before Noise) [ 0.  0.  0.  0.  0.]
Cost (After Noise), [ 0.455  0.45   0.74   0.445  0.69 ]
Loss 0.556173499793 Loss Per Action [0.091029667260790481, 0.089716556700428149, 0.14819987245870905, 0.088956139730106215, 0.13827126364346157]
time spent 154.681766987

Iteration 107

Weights [ 0.20089281  0.20023585  0.19876553  0.20081058  0.19929523] Sum of Weights 1.0
Maximum (Average) Accuracy of Classifier 0.446157407407
Cost (Before Noise) [ 0.  0.  0.  0.  0.]
Cost (After Noise), [ 0.615  0.6    0.475  0.62   0.465]
Loss 0.555279056809 Loss Per Action [0.1235490810616911, 0.12014151085916722, 0.094413626007108051, 0.1245025574855453, 0.092672281395715969]
time spent 163.964133024

Iteration 108

Weights [ 0.20040136  0.19986872  0.19941913  0.20027832  0.20003246] Sum of Weights 1.0
Maximum (Average) Accuracy of Classifier 0.446100917431
Cost (Before Noise) [ 0.  0.  0.  0.  0.]
Cost (After Noise), [ 0.615  0.495  0.47   0.62   0.54 ]
Loss 0.548098936016 Loss Per Action [0.12324683827405228, 0.098935017744758838, 0.093726992485253721, 0.1241725585226465, 0.10801752898909182]
time spent 168.486510992

Iteration 109

Weights [ 0.19985254  0.20030311  0.20005722  0.19968895  0.20009818] Sum of Weights 1.0
Maximum (Average) Accuracy of Classifier 0.447045454545
Cost (Before Noise) [ 0.  0.  0.  0.  0.]
Cost (After Noise), [ 0.395  0.76   0.66   0.41   0.635]
Loss 0.572144695132 Loss Per Action [0.078941754002434528, 0.15223036258647452, 0.1320377646254699, 0.081872469778252271, 0.12706234413941286]
time spent 144.307245016

Iteration 110

Weights [ 0.20130384  0.19876486  0.19933537  0.20101556  0.19958037] Sum of Weights 1.0
Maximum (Average) Accuracy of Classifier 0.446486486486
Cost (Before Noise) [ 0.  0.  0.  0.  0.]
Cost (After Noise), [ 0.615  0.45   0.545  0.62   0.54 ]
Loss 0.554286871954 Loss Per Action [0.12380186017131689, 0.089444188657635121, 0.10863777487977447, 0.12462964895128745, 0.10777339929396133]
time spent 154.388161898

Iteration 111

Weights [ 0.2008034   0.19961476  0.19941054  0.20047479  0.19969651] Sum of Weights 1.0
Maximum (Average) Accuracy of Classifier 0.4459375
Cost (Before Noise) [ 0.  0.  0.  0.  0.]
Cost (After Noise), [ 0.615  0.495  0.47   0.62   0.54 ]
Loss 0.548156836212 Loss Per Action [0.12349408901282734, 0.098809307360241558, 0.093722952703792939, 0.12429437132132766, 0.10783611581356108]
time spent 169.173017979

Iteration 112

Weights [ 0.20025395  0.20004907  0.20004907  0.19988532  0.19976259] Sum of Weights 1.0
Maximum (Average) Accuracy of Classifier 0.446415929204
Cost (Before Noise) [ 0.  0.  0.  0.  0.]
Cost (After Noise), [ 0.615  0.6    0.73   0.47   0.44 ]
Loss 0.571063082223 Loss Per Action [0.12315617856657946, 0.12002944215870952, 0.14603582129309692, 0.0939460995985094, 0.087895540606508754]
time spent 146.025331974

Iteration 113

Weights [ 0.19989216  0.19981033  0.19874961  0.20071229  0.2008356 ] Sum of Weights 1.0
Maximum (Average) Accuracy of Classifier 0.446096491228
Cost (Before Noise) [ 0.  0.  0.  0.  0.]
Cost (After Noise), [ 0.475  0.495  0.47   0.595  0.69 ]
Loss 0.545267588446 Loss Per Action [0.094948777319571853, 0.09890611546036425, 0.093412315227681411, 0.11942381452133637, 0.13857656591682982]
time spent 167.796617985

Iteration 114

Weights [ 0.20046687  0.20022078  0.19936184  0.20030277  0.19964774] Sum of Weights 1.0
Maximum (Average) Accuracy of Classifier 0.446
Cost (Before Noise) [ 0.  0.  0.  0.  0.]
Cost (After Noise), [ 0.615  0.6    0.475  0.62   0.465]
Loss 0.555140383787 Loss Per Action [0.12328712421330321, 0.12013246684377134, 0.094696872896224207, 0.1241877202997872, 0.092836199534399588]
time spent 164.005437851

Iteration 115

Weights [ 0.19997532  0.19985254  0.20001627  0.19977073  0.20038514] Sum of Weights 1.0
Maximum (Average) Accuracy of Classifier 0.446637931034
Cost (Before Noise) [ 0.  0.  0.  0.  0.]
Cost (After Noise), [ 0.455  0.51   0.74   0.405  0.69 ]
Loss 0.560098497031 Loss Per Action [0.090988771968804463, 0.10192479628734723, 0.14801203747505881, 0.080907145425067495, 0.13826574587477092]
time spent 145.533184052

Iteration 116

Weights [ 0.20083479  0.20026     0.19854547  0.20104048  0.19931926] Sum of Weights 1.0
Maximum (Average) Accuracy of Classifier 0.446239316239
Cost (Before Noise) [ 0.  0.  0.  0.  0.]
Cost (After Noise), [ 0.575  0.6    0.475  0.66   0.465]
Loss 0.555315274843 Loss Per Action [0.11548000630908775, 0.12015599946822639, 0.094309096992978431, 0.13268671475227145, 0.092683457320224982]
time spent 163.76663208

Iteration 117

Weights [ 0.20067205  0.199893    0.19919852  0.20017967  0.20005676] Sum of Weights 1.0
Maximum (Average) Accuracy of Classifier 0.44593220339
Cost (Before Noise) [ 0.  0.  0.  0.  0.]
Cost (After Noise), [ 0.615  0.495  0.47   0.62   0.54 ]
Loss 0.548125695317 Loss Per Action [0.12341331015259545, 0.09894703576861652, 0.09362330583492548, 0.12411139326017399, 0.10803065030114122]
time spent 168.948168039

Iteration 118

Weights [ 0.20012271  0.20032766  0.19983612  0.19959081  0.20012271] Sum of Weights 1.0
Maximum (Average) Accuracy of Classifier 0.446764705882
Cost (Before Noise) [ 0.  0.  0.  0.  0.]
Cost (After Noise), [ 0.43   0.76   0.54   0.4    0.635]
Loss 0.553127531724 Loss Per Action [0.086052763501304627, 0.15224902148939656, 0.10791150609116319, 0.07983632244820503, 0.1270779181937873]
time spent 156.339812994

Iteration 119

Weights [ 0.20113118  0.19863504  0.19994061  0.20084315  0.19945002] Sum of Weights 1.0
Maximum (Average) Accuracy of Classifier 0.44625
Cost (Before Noise) [ 0.  0.  0.  0.  0.]
Cost (After Noise), [ 0.615  0.455  0.64   0.62   0.475]
Loss 0.561298121274 Loss Per Action [0.12369567569742608, 0.090378945376153527, 0.12796198738741812, 0.12452275448551149, 0.094738758327986491]
time spent 149.214979887

Iteration 120

Weights [ 0.20068837  0.19950041  0.19929631  0.20035995  0.20015496] Sum of Weights 1.0
Maximum (Average) Accuracy of Classifier 0.445826446281
Cost (Before Noise) [ 0.  0.  0.  0.  0.]
Cost (After Noise), [ 0.615  0.495  0.47   0.62   0.54 ]
Loss 0.548152163578 Loss Per Action [0.1234233455750782, 0.098752704569450928, 0.093669263625042201, 0.12422316944283758, 0.10808368036570076]
time spent 169.494227886

Iteration 121

Weights [ 0.2001392   0.19993443  0.19993443  0.19977078  0.20022116] Sum of Weights 1.0
Maximum (Average) Accuracy of Classifier 0.446598360656
Cost (Before Noise) [ 0.  0.  0.  0.  0.]
Cost (After Noise), [ 0.525  0.515  0.635  0.405  0.69 ]
Loss 0.554057441507 Loss Per Action [0.10507307775330353, 0.10296623376730991, 0.12695836590726592, 0.080907164428211609, 0.13815259965080151]
time spent 143.113127947

Iteration 122

Weights [ 0.20037579  0.20025276  0.19927126  0.20099206  0.19910814] Sum of Weights 1.0
Maximum (Average) Accuracy of Classifier 0.44581300813
Cost (Before Noise) [ 0.  0.  0.  0.  0.]
Cost (After Noise), [ 0.575  0.6    0.57   0.66   0.435]
Loss 0.568219147625 Loss Per Action [0.11521607692793852, 0.12015165528964973, 0.11358461653118822, 0.13265475719864236, 0.086612041677973803]
time spent 144.402358055

Iteration 123

Weights [ 0.20031925  0.19999144  0.19925582  0.20023724  0.20019625] Sum of Weights 1.0
Maximum (Average) Accuracy of Classifier 0.445967741935
Cost (Before Noise) [ 0.  0.  0.  0.  0.]
Cost (After Noise), [ 0.615  0.495  0.47   0.62   0.54 ]
Loss 0.548095401202 Loss Per Action [0.12319633713346752, 0.098995760494156315, 0.093650234611858271, 0.12414709129491129, 0.1081059776673975]
time spent 169.262365103

Iteration 124

Weights [ 0.19977062  0.20042606  0.19989335  0.19964797  0.200262  ] Sum of Weights 1.0
Maximum (Average) Accuracy of Classifier 0.4466
Cost (Before Noise) [ 0.  0.  0.  0.  0.]
Cost (After Noise), [ 0.395  0.76   0.66   0.41   0.635]
Loss 0.572184849377 Loss Per Action [0.078909395799231508, 0.15232380498184964, 0.13192961312323062, 0.081855666343168543, 0.12716636912950974]
time spent 144.846459866

Iteration 125

Weights [ 0.20122165  0.1988872   0.19917242  0.20097464  0.19974409] Sum of Weights 1.0
Maximum (Average) Accuracy of Classifier 0.446111111111
Cost (Before Noise) [ 0.  0.  0.  0.  0.]
Cost (After Noise), [ 0.615  0.45   0.545  0.62   0.54 ]
Loss 0.554265609386 Loss Per Action [0.12375131727378261, 0.089499238637028772, 0.1085489686550607, 0.12460427492273549, 0.10786180989729019]
time spent 155.54666996

Iteration 126

Weights [ 0.20072124  0.19973744  0.19924736  0.2004338   0.19986016] Sum of Weights 1.0
Maximum (Average) Accuracy of Classifier 0.44562992126
Cost (Before Noise) [ 0.  0.  0.  0.  0.]
Cost (After Noise), [ 0.615  0.495  0.47   0.62   0.54 ]
Loss 0.548153297471 Loss Per Action [0.12344356420619802, 0.098870035117330446, 0.093646257042616796, 0.1242689572759634, 0.10792448382905559]
time spent 167.750000954

Iteration 127

Weights [ 0.20017199  0.20017199  0.19988534  0.19984442  0.19992626] Sum of Weights 1.0
Maximum (Average) Accuracy of Classifier 0.4465234375
Cost (Before Noise) [ 0.  0.  0.  0.  0.]
Cost (After Noise), [ 0.615  0.675  0.54   0.4    0.53 ]
Loss 0.552058636677 Loss Per Action [0.12310577429697753, 0.13511609374058503, 0.10793808183039749, 0.079937767869948231, 0.10596091893875047]
time spent 153.443290949

Iteration 128

Weights [ 0.19965535  0.19916547  0.19998262  0.20109109  0.20010548] Sum of Weights 1.0
Maximum (Average) Accuracy of Classifier 0.446279069767
Cost (Before Noise) [ 0.  0.  0.  0.  0.]
Cost (After Noise), [ 0.41   0.455  0.645  0.66   0.625]
Loss 0.5592538099 Loss Per Action [0.081858695253633346, 0.090620287224765617, 0.12898878694992896, 0.13272011759282254, 0.1250659228791815]
time spent 154.497698784

Iteration 129

Weights [ 0.20087736  0.20001561  0.1992799   0.20026144  0.19956569] Sum of Weights 1.0
Maximum (Average) Accuracy of Classifier 0.445807692308
Cost (Before Noise) [ 0.  0.  0.  0.  0.]
Cost (After Noise), [ 0.615  0.6    0.475  0.62   0.465]
Loss 0.555167034212 Loss Per Action [0.12353957839339719, 0.1200093636698036, 0.094657952591076067, 0.1241620955942553, 0.09279804396384933]
time spent 163.654223919

Iteration 130

Weights [ 0.20038503  0.19964797  0.19993428  0.19972973  0.200303  ] Sum of Weights 1.0
Maximum (Average) Accuracy of Classifier 0.446030534351
Cost (Before Noise) [ 0.  0.  0.  0.  0.]
Cost (After Noise), [ 0.615  0.45   0.635  0.445  0.6  ]
Loss 0.549098172751 Loss Per Action [0.12323679331831536, 0.089841584264128291, 0.12695826692518486, 0.08887972853763039, 0.1201817997057192]
time spent 151.263590813

Iteration 131

Weights [ 0.19984388  0.20045852  0.19923113  0.20058167  0.1998848 ] Sum of Weights 1.0
Maximum (Average) Accuracy of Classifier 0.446742424242
Cost (Before Noise) [ 0.  0.  0.  0.  0.]
Cost (After Noise), [ 0.37   0.705  0.475  0.66   0.55 ]
Loss 0.552220820097 Loss Per Action [0.073942236373988016, 0.14132325419067177, 0.09463478777528174, 0.13238390229059163, 0.10993663946643363]
time spent 162.213481188

Iteration 132

Weights [ 0.20133798  0.19920598  0.19985957  0.19969597  0.19990049] Sum of Weights 1.0
Maximum (Average) Accuracy of Classifier 0.446278195489
Cost (Before Noise) [ 0.  0.  0.  0.  0.]
Cost (After Noise), [ 0.615  0.45   0.635  0.445  0.6  ]
Loss 0.549181381303 Loss Per Action [0.12382286074055608, 0.08964269309999974, 0.12691082633434178, 0.088864707619471364, 0.119940293508176]
time spent 149.058703899

Iteration 133

Weights [ 0.20079495  0.20001542  0.19915736  0.20054845  0.19948381] Sum of Weights 1.0
Maximum (Average) Accuracy of Classifier 0.445820895522
Cost (Before Noise) [ 0.  0.  0.  0.  0.]
Cost (After Noise), [ 0.615  0.6    0.475  0.62   0.465]
Loss 0.555197908573 Loss Per Action [0.12348889315318894, 0.12000925417346466, 0.094599747989978791, 0.12434004204029703, 0.092759971216553813]
time spent 160.759770155

Iteration 134

Weights [ 0.20030307  0.19964804  0.19981159  0.20001623  0.20022107] Sum of Weights 1.0
Maximum (Average) Accuracy of Classifier 0.446037037037
Cost (Before Noise) [ 0.  0.  0.  0.  0.]
Cost (After Noise), [ 0.615  0.445  0.54   0.51   0.6  ]
Loss 0.542068944446 Loss Per Action [0.12318638808402149, 0.08884337572918527, 0.10789826018062515, 0.10200827645382578, 0.12013264399816696]
time spent 147.761100054

Iteration 135

Weights [ 0.19970519  0.20044246  0.19982788  0.20027839  0.19974608] Sum of Weights 1.0
Maximum (Average) Accuracy of Classifier 0.446727941176
Cost (Before Noise) [ 0.  0.  0.  0.  0.]
Cost (After Noise), [ 0.37   0.76   0.665  0.595  0.505]
Loss 0.579150143843 Loss Per Action [0.073890919758125756, 0.15233627305720188, 0.13288553971862516, 0.11916564238480473, 0.10087176892375885]
time spent 145.005110979

Iteration 136

Weights [ 0.2014197   0.19896071  0.19912371  0.20014545  0.20035043] Sum of Weights 1.0
Maximum (Average) Accuracy of Classifier 0.446277372263
Cost (Before Noise) [ 0.  0.  0.  0.  0.]
Cost (After Noise), [ 0.615  0.445  0.54   0.51   0.6  ]
Loss 0.542221872063 Loss Per Action [0.12387311562743707, 0.088537516881750419, 0.10752680156338766, 0.10207418046069132, 0.12021025752983373]
time spent 148.650317907

Iteration 137

Weights [ 0.20081974  0.19975366  0.19914118  0.20040904  0.19987638] Sum of Weights 1.0
Maximum (Average) Accuracy of Classifier 0.445833333333
Cost (Before Noise) [ 0.  0.  0.  0.  0.]
Cost (After Noise), [ 0.615  0.495  0.47   0.62   0.54 ]
Loss 0.548165406365 Loss Per Action [0.12350414201730869, 0.098878060265371132, 0.093596356391224558, 0.12425360377701344, 0.10793324391454473]
time spent 181.157391071

Iteration 138

Weights [ 0.20027032  0.20018834  0.19977892  0.19981983  0.19994259] Sum of Weights 1.0
Maximum (Average) Accuracy of Classifier 0.44618705036
Cost (Before Noise) [ 0.  0.  0.  0.  0.]
Cost (After Noise), [ 0.615  0.675  0.475  0.45   0.53 ]
Loss 0.549076859191 Loss Per Action [0.12316624743848972, 0.1351271279605942, 0.094894989025949519, 0.089918922556537675, 0.10596957220913132]
time spent 192.937590122

Iteration 139

Weights [ 0.19972928  0.19915765  0.20038458  0.20063087  0.20009762] Sum of Weights 1.0
Maximum (Average) Accuracy of Classifier 0.446428571429
Cost (Before Noise) [ 0.  0.  0.  0.  0.]
Cost (After Noise), [ 0.41   0.455  0.72   0.66   0.55 ]
Loss 0.559252698894 Loss Per Action [0.081889004243054273, 0.090616729925153086, 0.14427689753189674, 0.13241637538810608, 0.11005369180612486]
time spent 152.616999149

Iteration 140

Weights [ 0.20095125  0.20000727  0.19906772  0.19980264  0.20017112] Sum of Weights 1.0
Maximum (Average) Accuracy of Classifier 0.446205673759
Cost (Before Noise) [ 0.  0.  0.  0.  0.]
Cost (After Noise), [ 0.615  0.575  0.47   0.445  0.6  ]
Loss 0.541165874109 Loss Per Action [0.12358501952207575, 0.11500417909322655, 0.093561828001340164, 0.088912175575079133, 0.12010267191770024]
time spent 167.407191992

Iteration 141

Weights [ 0.20034385  0.19972957  0.19964781  0.20059009  0.19968868] Sum of Weights 1.0
Maximum (Average) Accuracy of Classifier 0.446056338028
Cost (Before Noise) [ 0.  0.  0.  0.  0.]
Cost (After Noise), [ 0.575  0.6    0.475  0.66   0.465]
Loss 0.555112861377 Loss Per Action [0.11519771421094682, 0.11983774073560907, 0.094832707820728918, 0.13238946114003403, 0.092855237469859048]
time spent 162.488411188

Iteration 142

Weights [ 0.20017984  0.19936189  0.20030283  0.19972955  0.20042588] Sum of Weights 1.0
Maximum (Average) Accuracy of Classifier 0.446538461538
Cost (Before Noise) [ 0.  0.  0.  0.  0.]
Cost (After Noise), [ 0.455  0.45   0.74   0.445  0.69 ]
Loss 0.556192283513 Loss Per Action [0.091081829193330674, 0.089712850268471464, 0.14822409178081747, 0.088879651871161147, 0.13829386039889008]
time spent 152.216085911

Iteration 143

Weights [ 0.20100809  0.20022773  0.19879816  0.20063807  0.19932795] Sum of Weights 1.0
Maximum (Average) Accuracy of Classifier 0.446111111111
Cost (Before Noise) [ 0.  0.  0.  0.  0.]
Cost (After Noise), [ 0.615  0.6    0.475  0.62   0.465]
Loss 0.55526883863 Loss Per Action [0.12361997231631999, 0.12013663982089715, 0.094429127972658941, 0.12439560107344703, 0.092687497446348147]
time spent 162.072133064

Iteration 144

Weights [ 0.20051627  0.19986054  0.19945179  0.20010618  0.20006522] Sum of Weights 1.0
Maximum (Average) Accuracy of Classifier 0.445965517241
Cost (Before Noise) [ 0.  0.  0.  0.  0.]
Cost (After Noise), [ 0.615  0.495  0.47   0.62   0.54 ]
Loss 0.548091865153 Loss Per Action [0.1233175044957843, 0.098930965103164306, 0.093742342479448265, 0.12406583368063751, 0.10803521939394631]
time spent 167.280924082

Iteration 145

Weights [ 0.19996707  0.20029485  0.20008993  0.19951726  0.20013089] Sum of Weights 1.0
Maximum (Average) Accuracy of Classifier 0.446780821918
Cost (Before Noise) [ 0.  0.  0.  0.  0.]
Cost (After Noise), [ 0.395  0.76   0.66   0.41   0.635]
Loss 0.572155622074 Loss Per Action [0.078986994097769908, 0.15222408277990954, 0.13205935069632313, 0.081802077691742817, 0.12708311680828613]
time spent 143.662162066

Iteration 146

Weights [ 0.20141929  0.19875675  0.19936804  0.20084282  0.19961309] Sum of Weights 1.0
Maximum (Average) Accuracy of Classifier 0.446360544218
Cost (Before Noise) [ 0.  0.  0.  0.  0.]
Cost (After Noise), [ 0.615  0.45   0.545  0.62   0.54 ]
Loss 0.554282605226 Loss Per Action [0.12387286429040707, 0.089440538983485779, 0.10865558411248237, 0.1245225510122383, 0.10779106682765151]
time spent 152.742031097

Iteration 147

Weights [ 0.20091853  0.19960658  0.19944319  0.20030248  0.19972921] Sum of Weights 1.0
Maximum (Average) Accuracy of Classifier 0.445945945946
Cost (Before Noise) [ 0.  0.  0.  0.  0.]
Cost (After Noise), [ 0.615  0.495  0.47   0.62   0.54 ]
Loss 0.548149768631 Loss Per Action [0.12356489507043365, 0.098805258324290254, 0.093738300571758817, 0.12418753984228664, 0.10785377482258375]
time spent 167.134128094

Iteration 148

Weights [ 0.20036871  0.20004081  0.20008177  0.19971346  0.19979525] Sum of Weights 1.0
Maximum (Average) Accuracy of Classifier 0.446375838926
Cost (Before Noise) [ 0.  0.  0.  0.  0.]
Cost (After Noise), [ 0.615  0.6    0.73   0.41   0.49 ]
Loss 0.569093126697 Loss Per Action [0.12322675524223185, 0.12002448884514662, 0.14605969356059154, 0.081882517924592987, 0.097899671124896684]
time spent 144.432956934

Iteration 149

Weights [ 0.19999041  0.1997858   0.19876589  0.2010166   0.20044129] Sum of Weights 1.0
Maximum (Average) Accuracy of Classifier 0.446066666667
Cost (Before Noise) [ 0.  0.  0.  0.  0.]
Cost (After Noise), [ 0.475  0.495  0.47   0.66   0.625]
Loss 0.545256151678 Loss Per Action [0.094995445417636548, 0.098893972190450874, 0.093419969773752831, 0.13267095859616979, 0.12527580570016447]
time spent 166.31358099

Iteration 150

Weights [ 0.20056544  0.20019623  0.19937821  0.20007332  0.1997868 ] Sum of Weights 1.0
Maximum (Average) Accuracy of Classifier 0.446026490066
Cost (Before Noise) [ 0.  0.  0.  0.  0.]
Cost (After Noise), [ 0.615  0.675  0.475  0.53   0.465]
Loss 0.552124572082 Loss Per Action [0.12334774366994258, 0.13513245719111652, 0.09470465023224045, 0.10603885746545622, 0.092900863522770133]
time spent 161.431256056

Iteration 151

Weights [ 0.20004865  0.19919045  0.2000077   0.20025353  0.20049966] Sum of Weights 1.0
Maximum (Average) Accuracy of Classifier 0.446184210526
Cost (Before Noise) [ 0.  0.  0.  0.  0.]
Cost (After Noise), [ 0.475  0.45   0.545  0.595  0.69 ]
Loss 0.551158628998 Loss Per Action [0.095023110198583921, 0.089635702978581186, 0.10900419790080655, 0.1191508510917232, 0.13834476682826899]
time spent 179.80738306

Iteration 152

Weights [ 0.20067218  0.20001594  0.20005689  0.19989314  0.19936185] Sum of Weights 1.0
Maximum (Average) Accuracy of Classifier 0.446111111111
Cost (Before Noise) [ 0.  0.  0.  0.  0.]
Cost (After Noise), [ 0.615  0.6    0.73   0.47   0.44 ]
Loss 0.571133476002 Loss Per Action [0.12341339278326238, 0.12000956495850802, 0.14604153244755413, 0.093949773633281872, 0.087719212178986899]
time spent 144.928737879

Iteration 153

Weights [ 0.20031022  0.19977782  0.19875795  0.20072072  0.20043328] Sum of Weights 1.0
Maximum (Average) Accuracy of Classifier 0.446298701299
Cost (Before Noise) [ 0.  0.  0.  0.  0.]
Cost (After Noise), [ 0.475  0.495  0.47   0.66   0.625]
Loss 0.545200092655 Loss Per Action [0.095147354499459144, 0.098890021847667708, 0.093416238091272835, 0.13247567668813434, 0.12527080152888906]
time spent 166.10449791

Iteration 154

Weights [ 0.2008857   0.20018778  0.19936979  0.19977836  0.19977836] Sum of Weights 1.0
Maximum (Average) Accuracy of Classifier 0.446096774194
Cost (Before Noise) [ 0.  0.  0.  0.  0.]
Cost (After Noise), [ 0.615  0.675  0.475  0.45   0.53 ]
Loss 0.549154904921 Loss Per Action [0.12354470814658178, 0.13512674941083319, 0.094700650058288385, 0.089900264068938016, 0.10588253323674932]
time spent 167.478901863

Iteration 155

Weights [ 0.20034364  0.19915773  0.19997484  0.20058988  0.19993391] Sum of Weights 1.0
Maximum (Average) Accuracy of Classifier 0.44608974359
Cost (Before Noise) [ 0.  0.  0.  0.  0.]
Cost (After Noise), [ 0.575  0.455  0.64   0.66   0.475]
Loss 0.561156186699 Loss Per Action [0.1151975927852683, 0.090616765641823777, 0.12798390011417501, 0.13238932159316663, 0.094968606565027786]
time spent 148.035945892

Iteration 156

Weights [ 0.20022894  0.20002409  0.19932915  0.19977854  0.20063928] Sum of Weights 1.0
Maximum (Average) Accuracy of Classifier 0.446114649682
Cost (Before Noise) [ 0.  0.  0.  0.  0.]
Cost (After Noise), [ 0.525  0.575  0.47   0.445  0.69 ]
Loss 0.541161298294 Loss Per Action [0.10512019395874687, 0.11501385050519609, 0.093684702337099662, 0.088901450665174186, 0.13844110082759636]
time spent 167.927681208

Iteration 157

Weights [ 0.20036021  0.19974587  0.19990951  0.2005654   0.199419  ] Sum of Weights 1.0
Maximum (Average) Accuracy of Classifier 0.445949367089
Cost (Before Noise) [ 0.  0.  0.  0.  0.]
Cost (After Noise), [ 0.575  0.53   0.64   0.66   0.44 ]
Loss 0.56913204825 Loss Per Action [0.1152071193598999, 0.10586531349625702, 0.12794208784293609, 0.13237316720457212, 0.087744360345983333]
time spent 139.085308075

Iteration 158

Weights [ 0.20031102  0.20006512  0.19932923  0.19981952  0.20047512] Sum of Weights 1.0
Maximum (Average) Accuracy of Classifier 0.446132075472
Cost (Before Noise) [ 0.  0.  0.  0.  0.]
Cost (After Noise), [ 0.525  0.575  0.47   0.445  0.69 ]
Loss 0.541132981005 Loss Per Action [0.10516328365611728, 0.11503744241494768, 0.093684737726279485, 0.088919686338457579, 0.13832783086953032]
time spent 165.34661603

Iteration 159

Weights [ 0.20044211  0.19978662  0.19990936  0.20060631  0.19925561] Sum of Weights 1.0
Maximum (Average) Accuracy of Classifier 0.445875
Cost (Before Noise) [ 0.  0.  0.  0.  0.]
Cost (After Noise), [ 0.575  0.53   0.64   0.66   0.44 ]
Loss 0.56915573983 Loss Per Action [0.11525421045467524, 0.10588690634998861, 0.12794198817338776, 0.13240016674146518, 0.087672468110117585]
time spent 138.200623989

Iteration 160

Weights [ 0.20039309  0.20010612  0.19932927  0.19986047  0.20031106] Sum of Weights 1.0
Maximum (Average) Accuracy of Classifier 0.446149068323
Cost (Before Noise) [ 0.  0.  0.  0.  0.]
Cost (After Noise), [ 0.615  0.575  0.47   0.445  0.6  ]
Loss 0.541112065673 Loss Per Action [0.12324174956112235, 0.11506101790324229, 0.093684755804639835, 0.088937909318562366, 0.12018663308513657]
time spent 165.22636199

Iteration 161

Weights [ 0.19978694  0.19982784  0.19990968  0.20064771  0.19982784] Sum of Weights 1.0
Maximum (Average) Accuracy of Classifier 0.446635802469
Cost (Before Noise) [ 0.  0.  0.  0.  0.]
Cost (After Noise), [ 0.37   0.63   0.72   0.66   0.505]
Loss 0.577088218826 Loss Per Action [0.073921166066337279, 0.12589153957352972, 0.14393496691942004, 0.13242748676704408, 0.10091305949941659]
time spent 142.537054062

Iteration 162

Weights [ 0.20148552  0.19939278  0.19874072  0.19996508  0.2004159 ] Sum of Weights 1.0
Maximum (Average) Accuracy of Classifier 0.446257668712
Cost (Before Noise) [ 0.  0.  0.  0.  0.]
Cost (After Noise), [ 0.615  0.495  0.47   0.51   0.6  ]
Loss 0.538252890662 Loss Per Action [0.12391359627682672, 0.098699424142674616, 0.093408137552516771, 0.10198219150067953, 0.12024954118927367]
time spent 160.815962076

Iteration 163

Weights [ 0.2008528   0.19974564  0.19929633  0.20019596  0.19990928] Sum of Weights 1.0
Maximum (Average) Accuracy of Classifier 0.445884146341
Cost (Before Noise) [ 0.  0.  0.  0.  0.]
Cost (After Noise), [ 0.615  0.495  0.47   0.62   0.54 ]
Loss 0.548140340376 Loss Per Action [0.12352446987464415, 0.098874090926529892, 0.093669272907651563, 0.12412149774809562, 0.10795100891860196]
time spent 164.902554989

Iteration 164

Weights [ 0.20030308  0.2001801   0.19993436  0.19960718  0.19997529] Sum of Weights 1.0
Maximum (Average) Accuracy of Classifier 0.446303030303
Cost (Before Noise) [ 0.  0.  0.  0.  0.]
Cost (After Noise), [ 0.615  0.675  0.54   0.4    0.53 ]
Loss 0.552102286375 Loss Per Action [0.12318639325500223, 0.13512156477230561, 0.10796455301267804, 0.079842870101396859, 0.10598690523341356]
time spent 149.546617031

Iteration 165

Weights [ 0.19978646  0.19917389  0.20003202  0.20085272  0.20015491] Sum of Weights 1.0
Maximum (Average) Accuracy of Classifier 0.446385542169
Cost (Before Noise) [ 0.  0.  0.  0.  0.]
Cost (After Noise), [ 0.41   0.455  0.645  0.66   0.625]
Loss 0.55921683552 Loss Per Action [0.081912449235438639, 0.090624118892614083, 0.12902065180330305, 0.13256279694446385, 0.12509681864453315]
time spent 149.900655985

Iteration 166

Weights [ 0.20100897  0.20002376  0.19932883  0.20002376  0.19961468] Sum of Weights 1.0
Maximum (Average) Accuracy of Classifier 0.446017964072
Cost (Before Noise) [ 0.  0.  0.  0.  0.]
Cost (After Noise), [ 0.615  0.675  0.475  0.53   0.465]
Loss 0.552151167627 Loss Per Action [0.12362051560524262, 0.135016038201622, 0.094681193067365013, 0.10601259295831034, 0.09282082779427607]
time spent 159.989266157

Iteration 167

Weights [ 0.20049126  0.19901906  0.19995838  0.20020415  0.20032715] Sum of Weights 1.0
Maximum (Average) Accuracy of Classifier 0.446071428571
Cost (Before Noise) [ 0.  0.  0.  0.  0.]
Cost (After Noise), [ 0.615  0.445  0.54   0.51   0.6  ]
Loss 0.542143537959 Loss Per Action [0.12330212525171416, 0.0885634826424887, 0.10797752590502518, 0.10210411617428189, 0.12019628798592942]
time spent 150.996469021

Iteration 168

Weights [ 0.19989343  0.1998116   0.19997529  0.20046717  0.19985251] Sum of Weights 1.0
Maximum (Average) Accuracy of Classifier 0.446183431953
Cost (Before Noise) [ 0.  0.  0.  0.  0.]
Cost (After Noise), [ 0.49   0.455  0.72   0.66   0.475]
Loss 0.560082542378 Loss Per Action [0.097947780001405332, 0.090914277791356163, 0.14398220960544406, 0.13230833279122967, 0.094929942188148542]
time spent 149.661484003

Iteration 169

Weights [ 0.20046588  0.20067118  0.19866822  0.19964675  0.20054797] Sum of Weights 1.0
Maximum (Average) Accuracy of Classifier 0.446764705882
Cost (Before Noise) [ 0.  0.  0.  0.  0.]
Cost (After Noise), [ 0.43   0.76   0.475  0.45   0.635]
Loss 0.550266828898 Loss Per Action [0.086200326364716556, 0.15251009737642829, 0.094367404551532766, 0.089841038229214853, 0.12734796237607757]
time spent 173.442993879

Iteration 170

Weights [ 0.20145271  0.19895259  0.1992787   0.20046533  0.19985067] Sum of Weights 1.0
Maximum (Average) Accuracy of Classifier 0.446403508772
Cost (Before Noise) [ 0.  0.  0.  0.  0.]
Cost (After Noise), [ 0.615  0.45   0.545  0.62   0.54 ]
Loss 0.554236840463 Loss Per Action [0.12389341831389337, 0.089528664202215114, 0.10860688950429108, 0.12428850435840816, 0.10791936408418065]
time spent 155.740129948

Iteration 171

Weights [ 0.20095149  0.19980288  0.19935344  0.19992563  0.19996656] Sum of Weights 1.0
Maximum (Average) Accuracy of Classifier 0.446046511628
Cost (Before Noise) [ 0.  0.  0.  0.  0.]
Cost (After Noise), [ 0.615  0.495  0.47   0.51   0.6  ]
Loss 0.538125716484 Loss Per Action [0.12358516634768385, 0.098902425163394161, 0.093696115605678948, 0.10196207123662662, 0.11997993813070089]
time spent 165.917071819

Iteration 172

Weights [ 0.2003194   0.20015543  0.19990972  0.20015543  0.19946003] Sum of Weights 1.0
Maximum (Average) Accuracy of Classifier 0.44612716763
Cost (Before Noise) [ 0.  0.  0.  0.  0.]
Cost (After Noise), [ 0.615  0.675  0.57   0.53   0.435]
Loss 0.56509737085 Loss Per Action [0.12319642995010625, 0.13510491190442764, 0.11394853857669029, 0.10608237527310586, 0.086765115146152288]
time spent 144.53760314

Iteration 173

Weights [ 0.19990942  0.19925567  0.19986849  0.20044217  0.20052425] Sum of Weights 1.0
Maximum (Average) Accuracy of Classifier 0.446149425287
Cost (Before Noise) [ 0.  0.  0.  0.  0.]
Cost (After Noise), [ 0.475  0.45   0.545  0.595  0.69 ]
Loss 0.551175177174 Loss Per Action [0.094956973030182329, 0.08966505128779545, 0.10892832973591512, 0.11926308858210864, 0.13836173453785827]
time spent 154.771884918

Iteration 174

Weights [ 0.20053265  0.20008157  0.19991779  0.20008157  0.19938643] Sum of Weights 1.0
Maximum (Average) Accuracy of Classifier 0.446028571429
Cost (Before Noise) [ 0.  0.  0.  0.  0.]
Cost (After Noise), [ 0.615  0.675  0.57   0.53   0.435]
Loss 0.565112102639 Loss Per Action [0.12332757914440873, 0.13505505691049285, 0.11395313871768041, 0.10604322987046078, 0.086733097995714242]
time spent 145.785593987

Iteration 175

Weights [ 0.20012235  0.19918226  0.19987668  0.20036832  0.20045038] Sum of Weights 1.0
Maximum (Average) Accuracy of Classifier 0.44625
Cost (Before Noise) [ 0.  0.  0.  0.  0.]
Cost (After Noise), [ 0.475  0.45   0.545  0.595  0.69 ]
Loss 0.551152841403 Loss Per Action [0.09505811728400082, 0.089632018225790602, 0.10893279307118636, 0.11921915145227445, 0.1383107613694895]
time spent 155.483145952

Iteration 176

Weights [ 0.20074606  0.20000767  0.1999258   0.20000767  0.1993128 ] Sum of Weights 1.0
Maximum (Average) Accuracy of Classifier 0.44593220339
Cost (Before Noise) [ 0.  0.  0.  0.  0.]
Cost (After Noise), [ 0.615  0.675  0.57   0.53   0.435]
Loss 0.565126844254 Loss Per Action [0.12345882980376217, 0.13500517859527417, 0.11395770383005709, 0.10600406615628909, 0.086701065868219809]
time spent 144.388612032

Iteration 177

Weights [ 0.20033545  0.19910882  0.19988481  0.20029444  0.20037647] Sum of Weights 1.0
Maximum (Average) Accuracy of Classifier 0.446123595506
Cost (Before Noise) [ 0.  0.  0.  0.  0.]
Cost (After Noise), [ 0.525  0.445  0.54   0.51   0.69 ]
Loss 0.542127267375 Loss Per Action [0.10517611252711309, 0.088603425574707004, 0.10793779890638985, 0.10215016605477299, 0.1382597643116916]
time spent 152.662471056

Iteration 178

Weights [ 0.2004749   0.19990113  0.19990113  0.200557    0.19916585] Sum of Weights 1.0
Maximum (Average) Accuracy of Classifier 0.44594972067
Cost (Before Noise) [ 0.  0.  0.  0.  0.]
Cost (After Noise), [ 0.575  0.53   0.64   0.66   0.44 ]
Loss 0.569157978058 Loss Per Action [0.11527306490940128, 0.10594759946450244, 0.12793672388166372, 0.13236761747067011, 0.087632972331303752]
time spent 141.579016924

Iteration 179

Weights [ 0.20042589  0.20022084  0.19932108  0.19981136  0.20022084] Sum of Weights 1.0
Maximum (Average) Accuracy of Classifier 0.446111111111
Cost (Before Noise) [ 0.  0.  0.  0.  0.]
Cost (After Noise), [ 0.615  0.675  0.475  0.45   0.53 ]
Loss 0.549120653651 Loss Per Action [0.12326192217773264, 0.13514906374921171, 0.094677515206000082, 0.089915109870539092, 0.10611704264752896]
time spent 170.770565987

Iteration 180

Weights [ 0.19988479  0.19919034  0.19992571  0.20062272  0.20037644] Sum of Weights 1.0
Maximum (Average) Accuracy of Classifier 0.446408839779
Cost (Before Noise) [ 0.  0.  0.  0.  0.]
Cost (After Noise), [ 0.41   0.455  0.645  0.66   0.625]
Loss 0.559182723589 Loss Per Action [0.081952762131102613, 0.090631602757092658, 0.1289520835939825, 0.13241099832827116, 0.12523527677892665]
time spent 153.738149166

Iteration 181

Weights [ 0.20110761  0.20004     0.19922262  0.19979443  0.19983534] Sum of Weights 1.0
Maximum (Average) Accuracy of Classifier 0.446098901099
Cost (Before Noise) [ 0.  0.  0.  0.  0.]
Cost (After Noise), [ 0.615  0.675  0.475  0.45   0.53 ]
Loss 0.549159148539 Loss Per Action [0.12368118219804464, 0.13502699939654317, 0.094630742425360348, 0.089907494651554315, 0.10591272986742976]
time spent 171.438717842

Iteration 182

Weights [ 0.20056499  0.19901074  0.19982726  0.20060605  0.19999096] Sum of Weights 1.0
Maximum (Average) Accuracy of Classifier 0.445956284153
Cost (Before Noise) [ 0.  0.  0.  0.  0.]
Cost (After Noise), [ 0.575  0.45   0.545  0.66   0.54 ]
Loss 0.554180669747 Loss Per Action [0.11532486640135434, 0.089554834880343451, 0.10890585581287468, 0.1323999927529782, 0.10799511989993295]
time spent 156.101106167

Iteration 183

Weights [ 0.20039332  0.1998607   0.19990163  0.19973799  0.20010635] Sum of Weights 1.0
Maximum (Average) Accuracy of Classifier 0.446331521739
Cost (Before Noise) [ 0.  0.  0.  0.  0.]
Cost (After Noise), [ 0.615  0.515  0.635  0.405  0.6  ]
Loss 0.554065388039 Loss Per Action [0.12324189405859297, 0.10292826292541776, 0.12693753193336157, 0.080893887494940309, 0.12006381162682001]
time spent 143.788887024

Iteration 184

Weights [ 0.19989276  0.20017943  0.19923907  0.20095959  0.19972914] Sum of Weights 1.0
Maximum (Average) Accuracy of Classifier 0.446054054054
Cost (Before Noise) [ 0.  0.  0.  0.  0.]
Cost (After Noise), [ 0.475  0.705  0.475  0.66   0.465]
Loss 0.556221502104 Loss Per Action [0.094949063266257239, 0.14112649774632291, 0.094638559128734007, 0.13263333151532253, 0.092874050447133358]
time spent 163.879096985

Iteration 185

Weights [ 0.2005568   0.19896189  0.19990094  0.20010567  0.2004747 ] Sum of Weights 1.0
Maximum (Average) Accuracy of Classifier 0.445994623656
Cost (Before Noise) [ 0.  0.  0.  0.  0.]
Cost (After Noise), [ 0.615  0.445  0.54   0.51   0.6  ]
Loss 0.542165692937 Loss Per Action [0.1233424340221581, 0.088538040813661054, 0.1079465069607681, 0.1020538895237546, 0.1202848216163685]
time spent 152.523554087

Iteration 186

Weights [ 0.19995896  0.19975438  0.19991803  0.20036874  0.1999999 ] Sum of Weights 1.0
Maximum (Average) Accuracy of Classifier 0.44614973262
Cost (Before Noise) [ 0.  0.  0.  0.  0.]
Cost (After Noise), [ 0.475  0.45   0.545  0.66   0.625]
Loss 0.55106860373 Loss Per Action [0.094980504673586985, 0.089889471174399715, 0.10895532367359252, 0.13224336814204812, 0.1249999360666057]
time spent 154.309449911

Iteration 187

Weights [ 0.2005816   0.2005816   0.19996659  0.19947594  0.19939428] Sum of Weights 1.0
Maximum (Average) Accuracy of Classifier 0.446010638298
Cost (Before Noise) [ 0.  0.  0.  0.  0.]
Cost (After Noise), [ 0.615  0.675  0.645  0.47   0.435]
Loss 0.56821891286 Loss Per Action [0.12335768360524674, 0.13539257956673403, 0.12897844892335678, 0.093753689904109719, 0.086736510860176974]
time spent 145.129523993

Iteration 188

Weights [ 0.20019619  0.19970498  0.19933736  0.20027818  0.20048329] Sum of Weights 1.0
Maximum (Average) Accuracy of Classifier 0.446243386243
Cost (Before Noise) [ 0.  0.  0.  0.  0.]
Cost (After Noise), [ 0.475  0.495  0.47   0.595  0.69 ]
Loss 0.545134702162 Loss Per Action [0.09509319153035023, 0.098853964015325951, 0.093688558151535761, 0.11916551664251933, 0.13833347182185127]
time spent 168.098766804

Iteration 189

Weights [ 0.20077068  0.20011412  0.19995031  0.19986846  0.19929643] Sum of Weights 1.0
Maximum (Average) Accuracy of Classifier 0.446105263158
Cost (Before Noise) [ 0.  0.  0.  0.  0.]
Cost (After Noise), [ 0.615  0.675  0.645  0.47   0.435]
Loss 0.568151072221 Loss Per Action [0.12347396877416354, 0.13507702899878946, 0.12896795112442197, 0.093938175965958992, 0.086693947358113727]
time spent 145.381748915

Iteration 190

Weights [ 0.20038435  0.19923899  0.19932058  0.20067172  0.20038435] Sum of Weights 1.0
Maximum (Average) Accuracy of Classifier 0.445994764398
Cost (Before Noise) [ 0.  0.  0.  0.  0.]
Cost (After Noise), [ 0.575  0.45   0.545  0.66   0.54 ]
Loss 0.554159153552 Loss Per Action [0.11522100403910614, 0.089657543537225257, 0.10862971619157169, 0.13244333816502479, 0.10820755161933421]
time spent 155.461302996

Iteration 191

Weights [ 0.20021267  0.20008974  0.19939458  0.19980321  0.20049979] Sum of Weights 1.0
Maximum (Average) Accuracy of Classifier 0.446119791667
Cost (Before Noise) [ 0.  0.  0.  0.  0.]
Cost (After Noise), [ 0.525  0.575  0.47   0.445  0.69 ]
Loss 0.541135994664 Loss Per Action [0.10511165236035723, 0.1150516028957963, 0.093715453602798329, 0.088912427534639613, 0.13834485826999016]
time spent 169.785472155

Iteration 192

Weights [ 0.20034372  0.19981123  0.19997492  0.20058996  0.19928016] Sum of Weights 1.0
Maximum (Average) Accuracy of Classifier 0.445880829016
Cost (Before Noise) [ 0.  0.  0.  0.  0.]
Cost (After Noise), [ 0.575  0.53   0.64   0.66   0.44 ]
Loss 0.569154189592 Loss Per Action [0.11519763903001989, 0.10589995345243039, 0.12798395149184302, 0.13238937473934037, 0.087683270878015793]
time spent 142.137650013

Iteration 193

Weights [ 0.20029471  0.20013076  0.19939463  0.19984417  0.20033572] Sum of Weights 1.0
Maximum (Average) Accuracy of Classifier 0.446134020619
Cost (Before Noise) [ 0.  0.  0.  0.  0.]
Cost (After Noise), [ 0.525  0.575  0.47   0.445  0.69 ]
Loss 0.541107694443 Loss Per Action [0.10515472530647699, 0.11507518804940907, 0.093715477195017757, 0.088930654253856975, 0.1382316496379947]
time spent 169.097652912

Iteration 194

Weights [ 0.20042559  0.19985196  0.19997474  0.20063085  0.19911686] Sum of Weights 1.0
Maximum (Average) Accuracy of Classifier 0.445897435897
Cost (Before Noise) [ 0.  0.  0.  0.  0.]
Cost (After Noise), [ 0.575  0.53   0.64   0.66   0.44 ]
Loss 0.569177866367 Loss Per Action [0.11524471180885332, 0.1059215400989186, 0.12798383575255282, 0.1324163609894578, 0.087611417716808415]
time spent 142.007647991

Iteration 195

Weights [ 0.20037676  0.20017175  0.19939465  0.1998851   0.20017175] Sum of Weights 1.0
Maximum (Average) Accuracy of Classifier 0.44612244898
Cost (Before Noise) [ 0.  0.  0.  0.  0.]
Cost (After Noise), [ 0.615  0.675  0.475  0.45   0.53 ]
Loss 0.54909941478 Loss Per Action [0.1232317044417706, 0.1351159318731891, 0.094712456707892967, 0.089948293768267074, 0.10609102798931874]
time spent 170.798958063

Iteration 196

Weights [ 0.19983561  0.19914133  0.19999932  0.20069659  0.20032715] Sum of Weights 1.0
Maximum (Average) Accuracy of Classifier 0.446319796954
Cost (Before Noise) [ 0.  0.  0.  0.  0.]
Cost (After Noise), [ 0.41   0.455  0.645  0.66   0.625]
Loss 0.559205684728 Loss Per Action [0.081932600102938291, 0.090609305559538222, 0.12899956220914022, 0.13245975047447195, 0.12520446638142543]
time spent 155.359150171

Iteration 197

Weights [ 0.20105833  0.19999097  0.19929615  0.19986818  0.19978636] Sum of Weights 1.0
Maximum (Average) Accuracy of Classifier 0.44601010101
Cost (Before Noise) [ 0.  0.  0.  0.  0.]
Cost (After Noise), [ 0.615  0.675  0.475  0.53   0.465]
Loss 0.552141246698 Loss Per Action [0.12365087044393676, 0.13499390701231062, 0.094665673374772247, 0.10593013671125999, 0.092900659155862403]
time spent 164.209031105

Iteration 198

Weights [ 0.20054041  0.19898636  0.19992552  0.20004835  0.20049936] Sum of Weights 1.0
Maximum (Average) Accuracy of Classifier 0.445929648241
Cost (Before Noise) [ 0.  0.  0.  0.  0.]
Cost (After Noise), [ 0.615  0.445  0.54   0.51   0.6  ]
Loss 0.542165337599 Loss Per Action [0.12333235173560149, 0.088548929712206584, 0.10795978281995636, 0.10202465842161028, 0.12029961490981753]
time spent 152.185303926

Iteration 199

Weights [ 0.19994261  0.19977894  0.19994261  0.20031135  0.20002449] Sum of Weights 1.0
Maximum (Average) Accuracy of Classifier 0.446425
Cost (Before Noise) [ 0.  0.  0.  0.  0.]
Cost (After Noise), [ 0.41   0.455  0.645  0.66   0.625]
Loss 0.55905966776 Loss Per Action [0.081976469762921583, 0.090899419680489785, 0.12896298291971844, 0.13220548798270979, 0.12501530741450717]
time spent 154.608187199

Iteration 200

Weights [ 0.20116478  0.20063011  0.19923845  0.19948333  0.19948333] Sum of Weights 1.0
Maximum (Average) Accuracy of Classifier 0.446119402985
Cost (Before Noise) [ 0.  0.  0.  0.  0.]
Cost (After Noise), [ 0.615  0.675  0.475  0.45   0.53 ]
Loss 0.549273590124 Loss Per Action [0.12371633753712938, 0.1354253222928985, 0.094638263755417562, 0.08976749994109498, 0.10572616659728988]
time spent 169.851545811

Iteration 201

Weights [ 0.20062293  0.19959875  0.19984408  0.20029462  0.19963962] Sum of Weights 1.0
Maximum (Average) Accuracy of Classifier 0.44599009901
Cost (Before Noise) [ 0.  0.  0.  0.  0.]
Cost (After Noise), [ 0.615  0.455  0.64   0.62   0.475]
Loss 0.561112228646 Loss Per Action [0.12338310375920639, 0.090817431299861667, 0.12790020873218688, 0.12418266684676504, 0.09482881800763443]
time spent 149.833225965

Iteration 202

Weights [ 0.20017971  0.20046679  0.19919857  0.19981122  0.20034371] Sum of Weights 1.0
Maximum (Average) Accuracy of Classifier 0.446428571429
Cost (Before Noise) [ 0.  0.  0.  0.  0.]
Cost (After Noise), [ 0.43   0.76   0.475  0.45   0.635]
Loss 0.550184660586 Loss Per Action [0.086077276878319328, 0.15235476027690373, 0.094619320723360073, 0.089915048878415296, 0.12721825382925922]
time spent 174.496263981

Iteration 203

Weights [ 0.20116447  0.19874928  0.19981001  0.2006298   0.19964645] Sum of Weights 1.0
Maximum (Average) Accuracy of Classifier 0.44612745098
Cost (Before Noise) [ 0.  0.  0.  0.  0.]
Cost (After Noise), [ 0.615  0.455  0.64   0.62   0.475]
Loss 0.561248011522 Loss Per Action [0.1237161473939231, 0.090430922237463032, 0.12787840338709308, 0.12439047522276395, 0.094832063280370194]
time spent 149.030525923

Iteration 204

Weights [ 0.20072117  0.19961474  0.19916572  0.2001467   0.20035168] Sum of Weights 1.0
Maximum (Average) Accuracy of Classifier 0.446
Cost (Before Noise) [ 0.  0.  0.  0.  0.]
Cost (After Noise), [ 0.615  0.495  0.47   0.51   0.6  ]
Loss 0.538146524007 Loss Per Action [0.12344351879383395, 0.09880929433575919, 0.093607887265695244, 0.10207481674517806, 0.12021100686646008]
time spent 166.638923883

Iteration 205

Weights [ 0.20008997  0.19996712  0.19972164  0.20037692  0.19984434] Sum of Weights 1.0
Maximum (Average) Accuracy of Classifier 0.446116504854
Cost (Before Noise) [ 0.  0.  0.  0.  0.]
Cost (After Noise), [ 0.575  0.6    0.475  0.66   0.465]
Loss 0.555076173969 Loss Per Action [0.11505173399515913, 0.11998027230269939, 0.094867780625621012, 0.13224876695937837, 0.092927620086584603]
time spent 164.817284107

Iteration 206

Weights [ 0.19992587  0.19959871  0.20037661  0.199517    0.20058182] Sum of Weights 1.0
Maximum (Average) Accuracy of Classifier 0.446207729469
Cost (Before Noise) [ 0.  0.  0.  0.  0.]
Cost (After Noise), [ 0.455  0.51   0.74   0.405  0.69 ]
Loss 0.560246139115 Loss Per Action [0.090966272349373628, 0.10179533955090826, 0.14827868807672384, 0.080804383630265417, 0.13840145550734811]
time spent 146.222381115

Iteration 207

Weights [ 0.20078634  0.20000685  0.19890436  0.20078634  0.1995161 ] Sum of Weights 1.0
Maximum (Average) Accuracy of Classifier 0.445913461538
Cost (Before Noise) [ 0.  0.  0.  0.  0.]
Cost (After Noise), [ 0.615  0.6    0.475  0.62   0.465]
Loss 0.555229803544 Loss Per Action [0.12348360144962849, 0.12000411157819643, 0.094479569768539926, 0.12448753316873069, 0.092774987579335944]
time spent 164.617569923

Iteration 208

Weights [ 0.20029475  0.19963974  0.19955802  0.20025375  0.20025375] Sum of Weights 1.0
Maximum (Average) Accuracy of Classifier 0.446100478469
Cost (Before Noise) [ 0.  0.  0.  0.  0.]
Cost (After Noise), [ 0.615  0.495  0.47   0.51   0.6  ]
Loss 0.538076869115 Loss Per Action [0.12318127025174717, 0.098821671736437439, 0.093792267378656174, 0.1021294112357647, 0.12015224851266468]
time spent 166.406620979

Iteration 209

Weights [ 0.19966432  0.1999916   0.20011447  0.20048352  0.19974609] Sum of Weights 1.0
Maximum (Average) Accuracy of Classifier 0.4465
Cost (Before Noise) [ 0.  0.  0.  0.  0.]
Cost (After Noise), [ 0.37   0.63   0.72   0.66   0.505]
Loss 0.577143821904 Loss Per Action [0.073875799668290568, 0.12599470754546169, 0.14408241550435366, 0.13231912265145243, 0.10087177653400306]
time spent 145.580875874

Iteration 210

Weights [ 0.20136233  0.19955663  0.19894476  0.19980191  0.20033437] Sum of Weights 1.0
Maximum (Average) Accuracy of Classifier 0.446208530806
Cost (Before Noise) [ 0.  0.  0.  0.  0.]
Cost (After Noise), [ 0.615  0.495  0.47   0.51   0.6  ]
Loss 0.538221997528 Loss Per Action [0.12383783102226206, 0.098780533274821974, 0.09350403893535332, 0.10189897264484789, 0.12020062165026202]
time spent 166.215178013

Iteration 211

Weights [ 0.20072973  0.19990953  0.19950069  0.20003235  0.1998277 ] Sum of Weights 1.0
Maximum (Average) Accuracy of Classifier 0.446108490566
Cost (Before Noise) [ 0.  0.  0.  0.  0.]
Cost (After Noise), [ 0.615  0.6    0.475  0.62   0.465]
Loss 0.555097267833 Loss Per Action [0.12344878638526263, 0.11994571929625349, 0.094762827228909802, 0.12402005603371877, 0.09291987888893817]
time spent 164.603169203

Iteration 212

Weights [ 0.20023719  0.19954152  0.20015522  0.19950067  0.2005654 ] Sum of Weights 1.0
Maximum (Average) Accuracy of Classifier 0.446197183099
Cost (Before Noise) [ 0.  0.  0.  0.  0.]
Cost (After Noise), [ 0.525  0.515  0.635  0.405  0.69 ]
Loss 0.554174870591 Loss Per Action [0.10512452476715864, 0.1027638806038941, 0.12709856487558108, 0.080797770972815153, 0.13839012937162645]
time spent 143.74278903

Iteration 213

Weights [ 0.20047486  0.19986018  0.19949227  0.20072126  0.19945143] Sum of Weights 1.0
Maximum (Average) Accuracy of Classifier 0.446028037383
Cost (Before Noise) [ 0.  0.  0.  0.  0.]
Cost (After Noise), [ 0.575  0.6    0.57   0.66   0.435]
Loss 0.568137149755 Loss Per Action [0.11527304438399277, 0.11991610511817406, 0.11371059359657111, 0.1324760333527332, 0.086761373303439429]
time spent 144.929936171

Iteration 214

Weights [ 0.20041762  0.19959869  0.19947614  0.1999668   0.20054075] Sum of Weights 1.0
Maximum (Average) Accuracy of Classifier 0.446093023256
Cost (Before Noise) [ 0.  0.  0.  0.  0.]
Cost (After Noise), [ 0.525  0.495  0.47   0.51   0.69 ]
Loss 0.538130572846 Loss Per Action [0.10521925039571219, 0.098801353199199957, 0.093753787354352205, 0.10198306561779434, 0.13837311627924198]
time spent 165.556566954

Iteration 215

Weights [ 0.20052437  0.19995047  0.20003235  0.20019622  0.19929658] Sum of Weights 1.0
Maximum (Average) Accuracy of Classifier 0.445925925926
Cost (Before Noise) [ 0.  0.  0.  0.  0.]
Cost (After Noise), [ 0.615  0.53   0.64   0.62   0.44 ]
Loss 0.56912909798 Loss Per Action [0.12332248896706897, 0.10597374712348873, 0.12802070539123922, 0.12412165925084108, 0.087690497247384827]
time spent 141.954712152

Iteration 216

Weights [ 0.20014717  0.20027013  0.19945181  0.19977874  0.20035215] Sum of Weights 1.0
Maximum (Average) Accuracy of Classifier 0.446382488479
Cost (Before Noise) [ 0.  0.  0.  0.  0.]
Cost (After Noise), [ 0.43   0.71   0.475  0.45   0.69 ]
Loss 0.551138102411 Loss Per Action [0.086063283462344403, 0.14219179451467207, 0.094739609415112835, 0.08990043156328878, 0.13824298345570152]
time spent 173.877328873

Iteration 217

Weights [ 0.20113982  0.19896918  0.20007204  0.20060522  0.19921374] Sum of Weights 1.0
Maximum (Average) Accuracy of Classifier 0.446100917431
Cost (Before Noise) [ 0.  0.  0.  0.  0.]
Cost (After Noise), [ 0.615  0.455  0.64   0.62   0.475]
Loss 0.561279834729 Loss Per Action [0.12370099121324239, 0.090530978425558739, 0.12804610425322224, 0.12437523643173184, 0.094626524404927095]
time spent 149.31091404

Iteration 218

Weights [ 0.20069684  0.19983586  0.19942716  0.20012244  0.1999177 ] Sum of Weights 1.0
Maximum (Average) Accuracy of Classifier 0.445890410959
Cost (Before Noise) [ 0.  0.  0.  0.  0.]
Cost (After Noise), [ 0.615  0.495  0.47   0.62   0.54 ]
Loss 0.548109543129 Loss Per Action [0.1234285567622264, 0.098918749500279013, 0.09373076754708963, 0.12407591318594811, 0.10795555613353928]
time spent 169.816643

Iteration 219

Weights [ 0.2001473   0.20027026  0.20006536  0.19953362  0.19998346] Sum of Weights 1.0
Maximum (Average) Accuracy of Classifier 0.446136363636
Cost (Before Noise) [ 0.  0.  0.  0.  0.]
Cost (After Noise), [ 0.525  0.76   0.645  0.41   0.485]
Loss 0.56512565005 Loss Per Action [0.10507733073840919, 0.15220539683883844, 0.12904215957841506, 0.081808782723503587, 0.09699198017128223]
time spent 145.887286901

Iteration 220

Weights [ 0.20047383  0.1986761   0.19940958  0.20080243  0.20063806] Sum of Weights 1.0
Maximum (Average) Accuracy of Classifier 0.446312217195
Cost (Before Noise) [ 0.  0.  0.  0.  0.]
Cost (After Noise), [ 0.475  0.45   0.545  0.66   0.625]
Loss 0.551235926893 Loss Per Action [0.095225068234397983, 0.089404245625318332, 0.10867822011708256, 0.13252960419327289, 0.12539878872260213]
time spent 155.172443867

Iteration 221

